| N/A   40C    P8     9W /  70W |      0MiB / 15109MiB |      0%      Default |
| N/A   40C    P8     9W /  70W |      0MiB / 15109MiB |      0%      Default |
| N/A   40C    P8     9W /  70W |      0MiB / 15109MiB |      0%      Default |
| N/A   40C    P8     9W /  70W |      0MiB / 15109MiB |      0%      Default |
| N/A   40C    P8     9W /  70W |      0MiB / 15109MiB |      0%      Default |
| N/A   40C    P8    10W /  70W |      0MiB / 15109MiB |      0%      Default |
| N/A   40C    P8     9W /  70W |      0MiB / 15109MiB |      0%      Default |
| N/A   40C    P8     9W /  70W |      0MiB / 15109MiB |      0%      Default |
| N/A   40C    P8    13W /  70W |     15MiB / 15109MiB |      0%      Default |
| N/A   40C    P0    26W /  70W |    126MiB / 15109MiB |      7%      Default |
| N/A   41C    P0    26W /  70W |    172MiB / 15109MiB |      2%      Default |
| N/A   41C    P0    26W /  70W |    210MiB / 15109MiB |      2%      Default |
| N/A   41C    P0    26W /  70W |    252MiB / 15109MiB |      2%      Default |
| N/A   41C    P0    26W /  70W |    314MiB / 15109MiB |      2%      Default |
| N/A   41C    P0    26W /  70W |    354MiB / 15109MiB |      4%      Default |
| N/A   41C    P0    26W /  70W |    396MiB / 15109MiB |      2%      Default |
| N/A   41C    P0    26W /  70W |    444MiB / 15109MiB |      4%      Default |
| N/A   41C    P0    26W /  70W |    474MiB / 15109MiB |      2%      Default |
| N/A   41C    P0    26W /  70W |    516MiB / 15109MiB |      2%      Default |
| N/A   41C    P0    26W /  70W |    562MiB / 15109MiB |      2%      Default |
| N/A   41C    P0    26W /  70W |    710MiB / 15109MiB |      5%      Default |
| N/A   41C    P0    28W /  70W |    602MiB / 15109MiB |      5%      Default |
| N/A   41C    P0    26W /  70W |    602MiB / 15109MiB |     24%      Default |
| N/A   41C    P0    26W /  70W |    602MiB / 15109MiB |      0%      Default |
| N/A   41C    P0    26W /  70W |    602MiB / 15109MiB |      0%      Default |
| N/A   41C    P0    26W /  70W |    602MiB / 15109MiB |      0%      Default |
| N/A   41C    P0    26W /  70W |    602MiB / 15109MiB |      0%      Default |
| N/A   41C    P0    26W /  70W |    602MiB / 15109MiB |      0%      Default |
| N/A   41C    P0    26W /  70W |    602MiB / 15109MiB |      0%      Default |
| N/A   41C    P0    26W /  70W |    602MiB / 15109MiB |      0%      Default |
| N/A   41C    P0    26W /  70W |    602MiB / 15109MiB |      0%      Default |
| N/A   41C    P0    26W /  70W |    602MiB / 15109MiB |      0%      Default |
| N/A   41C    P0    26W /  70W |    602MiB / 15109MiB |      0%      Default |
| N/A   41C    P0    26W /  70W |    602MiB / 15109MiB |      0%      Default |
| N/A   41C    P0    26W /  70W |    602MiB / 15109MiB |      0%      Default |
| N/A   41C    P0    26W /  70W |    602MiB / 15109MiB |      0%      Default |
| N/A   41C    P0    26W /  70W |    602MiB / 15109MiB |      0%      Default |
| N/A   41C    P0    26W /  70W |    602MiB / 15109MiB |      0%      Default |
| N/A   41C    P0    26W /  70W |    602MiB / 15109MiB |      0%      Default |
| N/A   41C    P0    26W /  70W |    602MiB / 15109MiB |      0%      Default |
| N/A   41C    P0    26W /  70W |    602MiB / 15109MiB |      0%      Default |
| N/A   41C    P0    26W /  70W |    602MiB / 15109MiB |      0%      Default |
| N/A   41C    P0    26W /  70W |    602MiB / 15109MiB |      0%      Default |
| N/A   41C    P0    26W /  70W |    602MiB / 15109MiB |      0%      Default |
| N/A   41C    P0    26W /  70W |    602MiB / 15109MiB |      0%      Default |
| N/A   41C    P0    26W /  70W |    602MiB / 15109MiB |      0%      Default |
| N/A   41C    P0    26W /  70W |    602MiB / 15109MiB |      0%      Default |
| N/A   41C    P0    26W /  70W |    602MiB / 15109MiB |      0%      Default |
| N/A   41C    P0    26W /  70W |    602MiB / 15109MiB |      0%      Default |
| N/A   41C    P0    26W /  70W |    602MiB / 15109MiB |      0%      Default |
| N/A   41C    P0    26W /  70W |    602MiB / 15109MiB |      0%      Default |
| N/A   41C    P0    26W /  70W |    602MiB / 15109MiB |      0%      Default |
| N/A   41C    P0    26W /  70W |    602MiB / 15109MiB |      0%      Default |
| N/A   41C    P0    26W /  70W |    602MiB / 15109MiB |      0%      Default |
| N/A   41C    P0    26W /  70W |    602MiB / 15109MiB |      0%      Default |
| N/A   41C    P0    26W /  70W |    602MiB / 15109MiB |      0%      Default |
| N/A   41C    P0    26W /  70W |    602MiB / 15109MiB |      0%      Default |
| N/A   41C    P0    26W /  70W |    602MiB / 15109MiB |      0%      Default |
| N/A   41C    P0    26W /  70W |    602MiB / 15109MiB |      0%      Default |
| N/A   41C    P0    26W /  70W |    602MiB / 15109MiB |      0%      Default |
| N/A   41C    P0    26W /  70W |    602MiB / 15109MiB |      0%      Default |
| N/A   41C    P0    26W /  70W |    602MiB / 15109MiB |      0%      Default |
| N/A   41C    P0    26W /  70W |    602MiB / 15109MiB |      0%      Default |
| N/A   41C    P0    26W /  70W |    602MiB / 15109MiB |      0%      Default |
| N/A   41C    P0    26W /  70W |    602MiB / 15109MiB |      0%      Default |
| N/A   41C    P0    26W /  70W |    602MiB / 15109MiB |      0%      Default |
| N/A   41C    P0    26W /  70W |    602MiB / 15109MiB |      0%      Default |
| N/A   41C    P0    26W /  70W |    602MiB / 15109MiB |      0%      Default |
| N/A   41C    P0    26W /  70W |    602MiB / 15109MiB |      0%      Default |
| N/A   41C    P0    26W /  70W |    602MiB / 15109MiB |      0%      Default |
| N/A   41C    P0    26W /  70W |    602MiB / 15109MiB |      0%      Default |
| N/A   42C    P0    26W /  70W |    602MiB / 15109MiB |      0%      Default |
| N/A   42C    P0    26W /  70W |    602MiB / 15109MiB |      0%      Default |
| N/A   42C    P0    26W /  70W |    602MiB / 15109MiB |      0%      Default |
| N/A   42C    P0    26W /  70W |    602MiB / 15109MiB |      0%      Default |
| N/A   42C    P0    26W /  70W |    602MiB / 15109MiB |      0%      Default |
| N/A   42C    P0    26W /  70W |    602MiB / 15109MiB |      0%      Default |
| N/A   42C    P0    26W /  70W |    602MiB / 15109MiB |      0%      Default |
| N/A   42C    P0    26W /  70W |    602MiB / 15109MiB |      0%      Default |
| N/A   42C    P0    26W /  70W |    602MiB / 15109MiB |      0%      Default |
| N/A   42C    P0    26W /  70W |    602MiB / 15109MiB |      0%      Default |
| N/A   42C    P0    32W /  70W |    640MiB / 15109MiB |      0%      Default |
| N/A   42C    P0    32W /  70W |    632MiB / 15109MiB |     23%      Default |
| N/A   42C    P0    34W /  70W |    678MiB / 15109MiB |     42%      Default |
| N/A   42C    P0    34W /  70W |    602MiB / 15109MiB |     41%      Default |
| N/A   42C    P0    26W /  70W |    602MiB / 15109MiB |     19%      Default |
| N/A   42C    P0    27W /  70W |    602MiB / 15109MiB |      0%      Default |
| N/A   42C    P0    27W /  70W |    602MiB / 15109MiB |      0%      Default |
| N/A   42C    P0    27W /  70W |    602MiB / 15109MiB |      0%      Default |
| N/A   42C    P0    27W /  70W |    602MiB / 15109MiB |      0%      Default |
| N/A   42C    P0    27W /  70W |    602MiB / 15109MiB |      0%      Default |
| N/A   42C    P0    26W /  70W |    602MiB / 15109MiB |      0%      Default |
| N/A   42C    P0    27W /  70W |    602MiB / 15109MiB |      0%      Default |
| N/A   42C    P0    26W /  70W |    602MiB / 15109MiB |      0%      Default |
| N/A   42C    P0    27W /  70W |    602MiB / 15109MiB |      0%      Default |
| N/A   42C    P0    26W /  70W |    602MiB / 15109MiB |      0%      Default |
| N/A   42C    P0    26W /  70W |    602MiB / 15109MiB |      0%      Default |
| N/A   42C    P0    26W /  70W |    602MiB / 15109MiB |      0%      Default |
| N/A   42C    P0    26W /  70W |    602MiB / 15109MiB |      0%      Default |
| N/A   42C    P0    26W /  70W |    602MiB / 15109MiB |      0%      Default |
| N/A   42C    P0    26W /  70W |    602MiB / 15109MiB |      0%      Default |
| N/A   42C    P0    27W /  70W |    602MiB / 15109MiB |      0%      Default |
| N/A   42C    P0    26W /  70W |    602MiB / 15109MiB |      0%      Default |
| N/A   42C    P0    26W /  70W |    602MiB / 15109MiB |      0%      Default |
| N/A   42C    P0    26W /  70W |    602MiB / 15109MiB |      0%      Default |
| N/A   42C    P0    26W /  70W |    602MiB / 15109MiB |      0%      Default |
| N/A   42C    P0    26W /  70W |    602MiB / 15109MiB |      0%      Default |
| N/A   42C    P0    26W /  70W |    602MiB / 15109MiB |      0%      Default |
| N/A   42C    P0    26W /  70W |    602MiB / 15109MiB |      0%      Default |
| N/A   42C    P0    26W /  70W |    602MiB / 15109MiB |      0%      Default |
| N/A   42C    P0    26W /  70W |    602MiB / 15109MiB |      0%      Default |
| N/A   42C    P0    26W /  70W |    602MiB / 15109MiB |      0%      Default |
| N/A   42C    P0    26W /  70W |    602MiB / 15109MiB |      0%      Default |
| N/A   42C    P0    26W /  70W |    602MiB / 15109MiB |      0%      Default |
| N/A   42C    P0    26W /  70W |    602MiB / 15109MiB |      0%      Default |
| N/A   42C    P0    26W /  70W |    602MiB / 15109MiB |      0%      Default |
| N/A   42C    P0    26W /  70W |    602MiB / 15109MiB |      0%      Default |
| N/A   42C    P0    26W /  70W |    602MiB / 15109MiB |      0%      Default |
| N/A   42C    P0    26W /  70W |    602MiB / 15109MiB |      0%      Default |
| N/A   42C    P0    26W /  70W |    602MiB / 15109MiB |      0%      Default |
| N/A   42C    P0    26W /  70W |    602MiB / 15109MiB |      0%      Default |
| N/A   42C    P0    27W /  70W |    602MiB / 15109MiB |      0%      Default |
| N/A   42C    P0    26W /  70W |    602MiB / 15109MiB |      0%      Default |
| N/A   42C    P0    26W /  70W |    602MiB / 15109MiB |      0%      Default |
| N/A   42C    P0    27W /  70W |    602MiB / 15109MiB |      0%      Default |
| N/A   42C    P0    26W /  70W |    602MiB / 15109MiB |      0%      Default |
| N/A   42C    P0    26W /  70W |    602MiB / 15109MiB |      0%      Default |
| N/A   42C    P0    27W /  70W |    602MiB / 15109MiB |      0%      Default |
| N/A   42C    P0    27W /  70W |    602MiB / 15109MiB |      0%      Default |
| N/A   42C    P0    26W /  70W |    602MiB / 15109MiB |      0%      Default |
| N/A   42C    P0    26W /  70W |    602MiB / 15109MiB |      0%      Default |
| N/A   42C    P0    27W /  70W |    602MiB / 15109MiB |      0%      Default |
| N/A   42C    P0    26W /  70W |    602MiB / 15109MiB |      0%      Default |
| N/A   42C    P0    26W /  70W |    602MiB / 15109MiB |      0%      Default |
| N/A   42C    P0    27W /  70W |    602MiB / 15109MiB |      0%      Default |
| N/A   42C    P0    26W /  70W |    602MiB / 15109MiB |      0%      Default |
| N/A   42C    P0    26W /  70W |    602MiB / 15109MiB |      0%      Default |
| N/A   42C    P0    27W /  70W |    602MiB / 15109MiB |      0%      Default |
| N/A   42C    P0    26W /  70W |    602MiB / 15109MiB |      0%      Default |
| N/A   42C    P0    27W /  70W |    602MiB / 15109MiB |      0%      Default |
| N/A   42C    P0    27W /  70W |    602MiB / 15109MiB |      0%      Default |
| N/A   42C    P0    26W /  70W |    602MiB / 15109MiB |      0%      Default |
| N/A   42C    P0    26W /  70W |    602MiB / 15109MiB |      0%      Default |
| N/A   42C    P0    27W /  70W |    602MiB / 15109MiB |      0%      Default |
| N/A   43C    P0    36W /  70W |    650MiB / 15109MiB |      2%      Default |
| N/A   42C    P0    36W /  70W |    626MiB / 15109MiB |     43%      Default |
| N/A   42C    P0    35W /  70W |    640MiB / 15109MiB |     42%      Default |
| N/A   42C    P0    30W /  70W |    602MiB / 15109MiB |     38%      Default |
| N/A   42C    P0    27W /  70W |    602MiB / 15109MiB |      0%      Default |
| N/A   42C    P0    27W /  70W |    602MiB / 15109MiB |      0%      Default |
| N/A   43C    P0    27W /  70W |    602MiB / 15109MiB |      0%      Default |
| N/A   42C    P0    27W /  70W |    602MiB / 15109MiB |      0%      Default |
| N/A   42C    P0    27W /  70W |    602MiB / 15109MiB |      0%      Default |
| N/A   43C    P0    27W /  70W |    602MiB / 15109MiB |      0%      Default |
| N/A   42C    P0    27W /  70W |    602MiB / 15109MiB |      0%      Default |
| N/A   42C    P0    27W /  70W |    602MiB / 15109MiB |      0%      Default |
| N/A   42C    P0    27W /  70W |    602MiB / 15109MiB |      0%      Default |
| N/A   42C    P0    27W /  70W |    602MiB / 15109MiB |      0%      Default |
| N/A   42C    P0    27W /  70W |    602MiB / 15109MiB |      0%      Default |
| N/A   43C    P0    27W /  70W |    602MiB / 15109MiB |      0%      Default |
| N/A   43C    P0    27W /  70W |    602MiB / 15109MiB |      0%      Default |
| N/A   43C    P0    27W /  70W |    602MiB / 15109MiB |      0%      Default |
| N/A   43C    P0    27W /  70W |    602MiB / 15109MiB |      0%      Default |
| N/A   43C    P0    27W /  70W |    602MiB / 15109MiB |      0%      Default |
| N/A   43C    P0    27W /  70W |    602MiB / 15109MiB |      0%      Default |
| N/A   43C    P0    27W /  70W |    602MiB / 15109MiB |      0%      Default |
| N/A   43C    P0    27W /  70W |    602MiB / 15109MiB |      0%      Default |
| N/A   43C    P0    27W /  70W |    602MiB / 15109MiB |      0%      Default |
| N/A   43C    P0    27W /  70W |    602MiB / 15109MiB |      0%      Default |
| N/A   43C    P0    27W /  70W |    602MiB / 15109MiB |      0%      Default |
| N/A   43C    P0    27W /  70W |    602MiB / 15109MiB |      0%      Default |
| N/A   43C    P0    27W /  70W |    602MiB / 15109MiB |      0%      Default |
| N/A   43C    P0    27W /  70W |    602MiB / 15109MiB |      0%      Default |
| N/A   43C    P0    27W /  70W |    602MiB / 15109MiB |      0%      Default |
| N/A   43C    P0    27W /  70W |    602MiB / 15109MiB |      0%      Default |
| N/A   43C    P0    27W /  70W |    602MiB / 15109MiB |      0%      Default |
| N/A   43C    P0    27W /  70W |    602MiB / 15109MiB |      0%      Default |
| N/A   43C    P0    27W /  70W |    602MiB / 15109MiB |      0%      Default |
| N/A   43C    P0    27W /  70W |    602MiB / 15109MiB |      0%      Default |
| N/A   43C    P0    27W /  70W |    602MiB / 15109MiB |      0%      Default |
| N/A   43C    P0    27W /  70W |    602MiB / 15109MiB |      0%      Default |
| N/A   43C    P0    27W /  70W |    602MiB / 15109MiB |      0%      Default |
| N/A   43C    P0    27W /  70W |    602MiB / 15109MiB |      0%      Default |
| N/A   43C    P0    27W /  70W |    602MiB / 15109MiB |      0%      Default |
| N/A   43C    P0    27W /  70W |    602MiB / 15109MiB |      0%      Default |
| N/A   43C    P0    27W /  70W |    602MiB / 15109MiB |      0%      Default |
| N/A   43C    P0    27W /  70W |    602MiB / 15109MiB |      0%      Default |
| N/A   43C    P0    27W /  70W |    602MiB / 15109MiB |      0%      Default |
| N/A   43C    P0    27W /  70W |    602MiB / 15109MiB |      0%      Default |
| N/A   43C    P0    27W /  70W |    602MiB / 15109MiB |      0%      Default |
| N/A   43C    P0    27W /  70W |    602MiB / 15109MiB |      0%      Default |
| N/A   43C    P0    27W /  70W |    602MiB / 15109MiB |      0%      Default |
| N/A   43C    P0    27W /  70W |    602MiB / 15109MiB |      0%      Default |
| N/A   43C    P0    27W /  70W |    602MiB / 15109MiB |      0%      Default |
| N/A   43C    P0    27W /  70W |    602MiB / 15109MiB |      0%      Default |
| N/A   43C    P0    27W /  70W |    602MiB / 15109MiB |      0%      Default |
| N/A   43C    P0    27W /  70W |    602MiB / 15109MiB |      0%      Default |
| N/A   43C    P0    27W /  70W |    602MiB / 15109MiB |      0%      Default |
| N/A   43C    P0    27W /  70W |    602MiB / 15109MiB |      0%      Default |
| N/A   43C    P0    27W /  70W |    602MiB / 15109MiB |      0%      Default |
| N/A   43C    P0    27W /  70W |    602MiB / 15109MiB |      0%      Default |
| N/A   43C    P0    27W /  70W |    602MiB / 15109MiB |      0%      Default |
| N/A   43C    P0    27W /  70W |    602MiB / 15109MiB |      0%      Default |
| N/A   43C    P0    27W /  70W |    602MiB / 15109MiB |      0%      Default |
| N/A   43C    P0    27W /  70W |    602MiB / 15109MiB |      0%      Default |
| N/A   43C    P0    27W /  70W |    602MiB / 15109MiB |      0%      Default |
| N/A   43C    P0    27W /  70W |    602MiB / 15109MiB |      0%      Default |
| N/A   43C    P0    27W /  70W |    590MiB / 15109MiB |      0%      Default |
| N/A   43C    P0    27W /  70W |      0MiB / 15109MiB |      0%      Default |
| N/A   43C    P0    27W /  70W |      0MiB / 15109MiB |     13%      Default |
| N/A   43C    P0    27W /  70W |      0MiB / 15109MiB |      0%      Default |
| N/A   43C    P0    27W /  70W |      0MiB / 15109MiB |      0%      Default |
| N/A   43C    P0    27W /  70W |      0MiB / 15109MiB |      0%      Default |
| N/A   43C    P0    27W /  70W |      0MiB / 15109MiB |      0%      Default |
| N/A   43C    P0    27W /  70W |      0MiB / 15109MiB |      0%      Default |
| N/A   43C    P0    27W /  70W |      0MiB / 15109MiB |      0%      Default |
| N/A   43C    P0    27W /  70W |      0MiB / 15109MiB |      0%      Default |
| N/A   43C    P0    27W /  70W |      0MiB / 15109MiB |      0%      Default |
| N/A   43C    P8    15W /  70W |      0MiB / 15109MiB |      0%      Default |
| N/A   42C    P8    10W /  70W |      0MiB / 15109MiB |      0%      Default |
| N/A   42C    P8     9W /  70W |      0MiB / 15109MiB |      0%      Default |
| N/A   42C    P8     9W /  70W |      0MiB / 15109MiB |      0%      Default |
| N/A   42C    P8    10W /  70W |      0MiB / 15109MiB |      0%      Default |
| N/A   42C    P8     9W /  70W |      0MiB / 15109MiB |      0%      Default |
| N/A   42C    P8     9W /  70W |      0MiB / 15109MiB |      0%      Default |
| N/A   42C    P8    10W /  70W |      0MiB / 15109MiB |      0%      Default |
| N/A   42C    P8     9W /  70W |      0MiB / 15109MiB |      0%      Default |
| N/A   42C    P8     9W /  70W |      0MiB / 15109MiB |      0%      Default |
| N/A   42C    P8     9W /  70W |      0MiB / 15109MiB |      0%      Default |
| N/A   42C    P8    10W /  70W |      0MiB / 15109MiB |      0%      Default |
| N/A   42C    P8     9W /  70W |      0MiB / 15109MiB |      0%      Default |
| N/A   42C    P8    10W /  70W |      0MiB / 15109MiB |      0%      Default |
| N/A   42C    P8     9W /  70W |      0MiB / 15109MiB |      0%      Default |
| N/A   42C    P8     9W /  70W |      0MiB / 15109MiB |      0%      Default |
| N/A   42C    P8     9W /  70W |      0MiB / 15109MiB |      0%      Default |
| N/A   42C    P8    10W /  70W |      0MiB / 15109MiB |      0%      Default |
| N/A   42C    P8     9W /  70W |      0MiB / 15109MiB |      0%      Default |
| N/A   42C    P8     9W /  70W |      0MiB / 15109MiB |      0%      Default |
| N/A   42C    P8    10W /  70W |      0MiB / 15109MiB |      0%      Default |
| N/A   42C    P8     9W /  70W |      0MiB / 15109MiB |      0%      Default |
| N/A   42C    P8     9W /  70W |      0MiB / 15109MiB |      0%      Default |
| N/A   42C    P8     9W /  70W |      0MiB / 15109MiB |      0%      Default |
| N/A   42C    P8    10W /  70W |      0MiB / 15109MiB |      0%      Default |
| N/A   42C    P8     9W /  70W |      0MiB / 15109MiB |      0%      Default |
| N/A   42C    P8     9W /  70W |      0MiB / 15109MiB |      0%      Default |
| N/A   42C    P8     9W /  70W |      0MiB / 15109MiB |      0%      Default |
| N/A   42C    P8     9W /  70W |      0MiB / 15109MiB |      0%      Default |
| N/A   42C    P8     9W /  70W |      0MiB / 15109MiB |      0%      Default |
| N/A   42C    P8     9W /  70W |      0MiB / 15109MiB |      0%      Default |
| N/A   42C    P8     9W /  70W |      0MiB / 15109MiB |      0%      Default |
| N/A   42C    P8     9W /  70W |      0MiB / 15109MiB |      0%      Default |
| N/A   42C    P8     9W /  70W |      0MiB / 15109MiB |      0%      Default |
| N/A   42C    P8    10W /  70W |      0MiB / 15109MiB |      0%      Default |
| N/A   42C    P8     9W /  70W |      0MiB / 15109MiB |      0%      Default |
| N/A   42C    P8     9W /  70W |      0MiB / 15109MiB |      0%      Default |
| N/A   42C    P8    10W /  70W |      0MiB / 15109MiB |      0%      Default |
| N/A   42C    P8     9W /  70W |      0MiB / 15109MiB |      0%      Default |
| N/A   42C    P8     9W /  70W |      0MiB / 15109MiB |      0%      Default |
| N/A   42C    P8     9W /  70W |      0MiB / 15109MiB |      0%      Default |
| N/A   42C    P8    10W /  70W |      0MiB / 15109MiB |      0%      Default |
| N/A   42C    P8     9W /  70W |      0MiB / 15109MiB |      0%      Default |
| N/A   42C    P8     9W /  70W |      0MiB / 15109MiB |      0%      Default |
| N/A   42C    P8    10W /  70W |      0MiB / 15109MiB |      0%      Default |
| N/A   42C    P8     9W /  70W |      0MiB / 15109MiB |      0%      Default |
| N/A   42C    P8     9W /  70W |      0MiB / 15109MiB |      0%      Default |
| N/A   42C    P8    10W /  70W |      0MiB / 15109MiB |      0%      Default |
| N/A   42C    P8     9W /  70W |      0MiB / 15109MiB |      0%      Default |
| N/A   42C    P8     9W /  70W |      0MiB / 15109MiB |      0%      Default |
| N/A   42C    P8    10W /  70W |      0MiB / 15109MiB |      0%      Default |
| N/A   41C    P8     9W /  70W |      0MiB / 15109MiB |      0%      Default |
| N/A   42C    P8     9W /  70W |      0MiB / 15109MiB |      0%      Default |
| N/A   42C    P8    10W /  70W |      0MiB / 15109MiB |      0%      Default |
| N/A   41C    P8     9W /  70W |      0MiB / 15109MiB |      0%      Default |
| N/A   41C    P8     9W /  70W |      0MiB / 15109MiB |      0%      Default |
| N/A   41C    P8     9W /  70W |      0MiB / 15109MiB |      0%      Default |
| N/A   41C    P8     9W /  70W |      0MiB / 15109MiB |      0%      Default |
| N/A   41C    P8     9W /  70W |      0MiB / 15109MiB |      0%      Default |
| N/A   41C    P8     9W /  70W |      0MiB / 15109MiB |      0%      Default |
| N/A   41C    P8    10W /  70W |      0MiB / 15109MiB |      0%      Default |
| N/A   41C    P8     9W /  70W |      0MiB / 15109MiB |      0%      Default |
| N/A   41C    P8     9W /  70W |      0MiB / 15109MiB |      0%      Default |
| N/A   41C    P8    10W /  70W |      0MiB / 15109MiB |      0%      Default |
| N/A   41C    P8     9W /  70W |      0MiB / 15109MiB |      0%      Default |
| N/A   41C    P8     9W /  70W |      0MiB / 15109MiB |      0%      Default |
| N/A   41C    P8     9W /  70W |      0MiB / 15109MiB |      0%      Default |
| N/A   41C    P8     9W /  70W |      0MiB / 15109MiB |      0%      Default |
| N/A   41C    P8     9W /  70W |      0MiB / 15109MiB |      0%      Default |
| N/A   41C    P8     9W /  70W |      0MiB / 15109MiB |      0%      Default |
| N/A   41C    P8    10W /  70W |      0MiB / 15109MiB |      0%      Default |
| N/A   41C    P8     9W /  70W |      0MiB / 15109MiB |      0%      Default |
| N/A   41C    P8     9W /  70W |      0MiB / 15109MiB |      0%      Default |
| N/A   41C    P8    10W /  70W |      0MiB / 15109MiB |      0%      Default |
| N/A   41C    P8     9W /  70W |      0MiB / 15109MiB |      0%      Default |
| N/A   41C    P8     9W /  70W |      0MiB / 15109MiB |      0%      Default |
| N/A   41C    P8    10W /  70W |      0MiB / 15109MiB |      0%      Default |
| N/A   41C    P8     9W /  70W |      0MiB / 15109MiB |      0%      Default |
| N/A   41C    P8     9W /  70W |      0MiB / 15109MiB |      0%      Default |
| N/A   41C    P8     9W /  70W |      0MiB / 15109MiB |      0%      Default |
| N/A   41C    P8     9W /  70W |      0MiB / 15109MiB |      0%      Default |
| N/A   41C    P8     9W /  70W |      0MiB / 15109MiB |      0%      Default |
| N/A   41C    P8     9W /  70W |      0MiB / 15109MiB |      0%      Default |
| N/A   41C    P8    10W /  70W |      0MiB / 15109MiB |      0%      Default |
| N/A   41C    P8     9W /  70W |      0MiB / 15109MiB |      0%      Default |
| N/A   41C    P8     9W /  70W |      0MiB / 15109MiB |      0%      Default |
| N/A   41C    P8    10W /  70W |      0MiB / 15109MiB |      0%      Default |
| N/A   41C    P8     9W /  70W |      0MiB / 15109MiB |      0%      Default |
| N/A   41C    P8     9W /  70W |      0MiB / 15109MiB |      0%      Default |
| N/A   41C    P8    10W /  70W |      0MiB / 15109MiB |      0%      Default |
| N/A   41C    P8     9W /  70W |      0MiB / 15109MiB |      0%      Default |
| N/A   41C    P8     9W /  70W |      0MiB / 15109MiB |      0%      Default |
| N/A   41C    P8    10W /  70W |      0MiB / 15109MiB |      0%      Default |
| N/A   41C    P8     9W /  70W |      0MiB / 15109MiB |      0%      Default |
| N/A   41C    P8     9W /  70W |      0MiB / 15109MiB |      0%      Default |
| N/A   41C    P8     9W /  70W |      0MiB / 15109MiB |      0%      Default |
| N/A   41C    P8     9W /  70W |      0MiB / 15109MiB |      0%      Default |
| N/A   41C    P8     9W /  70W |      0MiB / 15109MiB |      0%      Default |
| N/A   41C    P8     9W /  70W |      0MiB / 15109MiB |      0%      Default |
| N/A   41C    P8    10W /  70W |      0MiB / 15109MiB |      0%      Default |
| N/A   41C    P8     9W /  70W |      0MiB / 15109MiB |      0%      Default |
| N/A   41C    P8     9W /  70W |      0MiB / 15109MiB |      0%      Default |
| N/A   41C    P8     9W /  70W |      0MiB / 15109MiB |      0%      Default |
| N/A   41C    P8     9W /  70W |      0MiB / 15109MiB |      0%      Default |
| N/A   41C    P8     9W /  70W |      0MiB / 15109MiB |      0%      Default |
| N/A   41C    P8    10W /  70W |      0MiB / 15109MiB |      0%      Default |
| N/A   41C    P8     9W /  70W |      0MiB / 15109MiB |      0%      Default |
| N/A   41C    P8     9W /  70W |      0MiB / 15109MiB |      0%      Default |
| N/A   41C    P8    10W /  70W |      0MiB / 15109MiB |      0%      Default |
| N/A   41C    P8     9W /  70W |      0MiB / 15109MiB |      0%      Default |
| N/A   41C    P8     9W /  70W |      0MiB / 15109MiB |      0%      Default |
| N/A   41C    P8     9W /  70W |      0MiB / 15109MiB |      0%      Default |
| N/A   41C    P8     9W /  70W |      0MiB / 15109MiB |      0%      Default |
| N/A   41C    P8     9W /  70W |      0MiB / 15109MiB |      0%      Default |
| N/A   41C    P8     9W /  70W |      0MiB / 15109MiB |      0%      Default |
| N/A   41C    P8    10W /  70W |      0MiB / 15109MiB |      0%      Default |
| N/A   41C    P8     9W /  70W |      0MiB / 15109MiB |      0%      Default |
| N/A   41C    P8     9W /  70W |      0MiB / 15109MiB |      0%      Default |
| N/A   41C    P8     9W /  70W |      0MiB / 15109MiB |      0%      Default |
| N/A   41C    P8     9W /  70W |      0MiB / 15109MiB |      0%      Default |
| N/A   41C    P8     9W /  70W |      0MiB / 15109MiB |      0%      Default |
| N/A   41C    P8    10W /  70W |      0MiB / 15109MiB |      0%      Default |
| N/A   41C    P8     9W /  70W |      0MiB / 15109MiB |      0%      Default |
| N/A   41C    P8     9W /  70W |      0MiB / 15109MiB |      0%      Default |
| N/A   41C    P8    10W /  70W |      0MiB / 15109MiB |      0%      Default |
| N/A   41C    P8     9W /  70W |      0MiB / 15109MiB |      0%      Default |
| N/A   41C    P8     9W /  70W |      0MiB / 15109MiB |      0%      Default |
| N/A   41C    P8     9W /  70W |      0MiB / 15109MiB |      0%      Default |
| N/A   41C    P8    10W /  70W |      0MiB / 15109MiB |      0%      Default |
| N/A   41C    P8    10W /  70W |      0MiB / 15109MiB |      0%      Default |
| N/A   41C    P8     9W /  70W |      0MiB / 15109MiB |      0%      Default |
| N/A   41C    P8    10W /  70W |      0MiB / 15109MiB |      0%      Default |
| N/A   41C    P8     9W /  70W |      0MiB / 15109MiB |      0%      Default |
| N/A   41C    P8     9W /  70W |      0MiB / 15109MiB |      0%      Default |
| N/A   41C    P8    10W /  70W |      0MiB / 15109MiB |      0%      Default |
| N/A   41C    P8     9W /  70W |      0MiB / 15109MiB |      0%      Default |
| N/A   41C    P8     9W /  70W |      0MiB / 15109MiB |      0%      Default |
| N/A   41C    P8    10W /  70W |      0MiB / 15109MiB |      0%      Default |
| N/A   41C    P8     9W /  70W |      0MiB / 15109MiB |      0%      Default |
| N/A   41C    P8     9W /  70W |      0MiB / 15109MiB |      0%      Default |
| N/A   41C    P8     9W /  70W |      0MiB / 15109MiB |      0%      Default |
| N/A   41C    P8     9W /  70W |      0MiB / 15109MiB |      0%      Default |
| N/A   41C    P8     9W /  70W |      0MiB / 15109MiB |      0%      Default |
| N/A   41C    P8     9W /  70W |      0MiB / 15109MiB |      0%      Default |
| N/A   41C    P8     9W /  70W |      0MiB / 15109MiB |      0%      Default |
| N/A   40C    P8     9W /  70W |      0MiB / 15109MiB |      0%      Default |
| N/A   40C    P8     9W /  70W |      0MiB / 15109MiB |      0%      Default |
| N/A   40C    P8     9W /  70W |      0MiB / 15109MiB |      0%      Default |
| N/A   41C    P8     9W /  70W |      0MiB / 15109MiB |      0%      Default |
