| N/A   36C    P8     9W /  70W |      0MiB / 15109MiB |      0%      Default |
| N/A   36C    P8     9W /  70W |      0MiB / 15109MiB |      0%      Default |
| N/A   36C    P8     9W /  70W |      0MiB / 15109MiB |      0%      Default |
| N/A   36C    P8     9W /  70W |      0MiB / 15109MiB |      0%      Default |
| N/A   36C    P8    11W /  70W |      0MiB / 15109MiB |      0%      Default |
| N/A   36C    P8     9W /  70W |      0MiB / 15109MiB |      0%      Default |
| N/A   36C    P8     9W /  70W |      0MiB / 15109MiB |      0%      Default |
| N/A   36C    P8     9W /  70W |      0MiB / 15109MiB |      0%      Default |
| N/A   36C    P8     9W /  70W |     15MiB / 15109MiB |      1%      Default |
| N/A   37C    P0    26W /  70W |    136MiB / 15109MiB |      8%      Default |
| N/A   37C    P0    26W /  70W |    180MiB / 15109MiB |      8%      Default |
| N/A   37C    P0    26W /  70W |    218MiB / 15109MiB |      2%      Default |
| N/A   37C    P0    26W /  70W |    256MiB / 15109MiB |      2%      Default |
| N/A   37C    P0    26W /  70W |    302MiB / 15109MiB |      2%      Default |
| N/A   37C    P0    26W /  70W |    344MiB / 15109MiB |      2%      Default |
| N/A   37C    P0    26W /  70W |    384MiB / 15109MiB |      3%      Default |
| N/A   37C    P0    26W /  70W |    424MiB / 15109MiB |      2%      Default |
| N/A   37C    P0    26W /  70W |    476MiB / 15109MiB |      2%      Default |
| N/A   37C    P0    26W /  70W |    516MiB / 15109MiB |      3%      Default |
| N/A   37C    P0    26W /  70W |    562MiB / 15109MiB |      3%      Default |
| N/A   37C    P0    26W /  70W |    596MiB / 15109MiB |      2%      Default |
| N/A   37C    P0    29W /  70W |   3164MiB / 15109MiB |      2%      Default |
| N/A   37C    P0    26W /  70W |   3164MiB / 15109MiB |     34%      Default |
| N/A   37C    P0    29W /  70W |   3164MiB / 15109MiB |     12%      Default |
| N/A   37C    P0    27W /  70W |   3164MiB / 15109MiB |     20%      Default |
| N/A   37C    P0    26W /  70W |   3164MiB / 15109MiB |     14%      Default |
| N/A   37C    P0    26W /  70W |   3164MiB / 15109MiB |      0%      Default |
| N/A   37C    P0    26W /  70W |   3164MiB / 15109MiB |      0%      Default |
| N/A   37C    P0    26W /  70W |   3164MiB / 15109MiB |      0%      Default |
| N/A   37C    P0    26W /  70W |   3164MiB / 15109MiB |      0%      Default |
| N/A   37C    P0    26W /  70W |   3164MiB / 15109MiB |      0%      Default |
| N/A   37C    P0    26W /  70W |   3164MiB / 15109MiB |      0%      Default |
| N/A   38C    P0    26W /  70W |   3164MiB / 15109MiB |      0%      Default |
| N/A   38C    P0    26W /  70W |   3164MiB / 15109MiB |      0%      Default |
| N/A   38C    P0    26W /  70W |   3164MiB / 15109MiB |      0%      Default |
| N/A   38C    P0    26W /  70W |   3164MiB / 15109MiB |      0%      Default |
| N/A   38C    P0    26W /  70W |   3164MiB / 15109MiB |      0%      Default |
| N/A   38C    P0    26W /  70W |   3164MiB / 15109MiB |      0%      Default |
| N/A   38C    P0    26W /  70W |   3164MiB / 15109MiB |      0%      Default |
| N/A   38C    P0    26W /  70W |   3164MiB / 15109MiB |      0%      Default |
| N/A   38C    P0    26W /  70W |   3164MiB / 15109MiB |      0%      Default |
| N/A   38C    P0    26W /  70W |   3164MiB / 15109MiB |      0%      Default |
| N/A   38C    P0    26W /  70W |   3164MiB / 15109MiB |      0%      Default |
| N/A   38C    P0    26W /  70W |   3164MiB / 15109MiB |      0%      Default |
| N/A   38C    P0    26W /  70W |   3164MiB / 15109MiB |      0%      Default |
| N/A   38C    P0    26W /  70W |   3164MiB / 15109MiB |      0%      Default |
| N/A   38C    P0    26W /  70W |   3164MiB / 15109MiB |      0%      Default |
| N/A   38C    P0    26W /  70W |   3164MiB / 15109MiB |      0%      Default |
| N/A   38C    P0    26W /  70W |   3164MiB / 15109MiB |      0%      Default |
| N/A   38C    P0    26W /  70W |   3164MiB / 15109MiB |      0%      Default |
| N/A   38C    P0    26W /  70W |   3164MiB / 15109MiB |      0%      Default |
| N/A   38C    P0    26W /  70W |   3164MiB / 15109MiB |      0%      Default |
| N/A   38C    P0    26W /  70W |   3164MiB / 15109MiB |      0%      Default |
| N/A   38C    P0    26W /  70W |   3164MiB / 15109MiB |      0%      Default |
| N/A   38C    P0    26W /  70W |   3164MiB / 15109MiB |      0%      Default |
| N/A   38C    P0    26W /  70W |   3164MiB / 15109MiB |      0%      Default |
| N/A   38C    P0    26W /  70W |   3164MiB / 15109MiB |      0%      Default |
| N/A   38C    P0    26W /  70W |   3164MiB / 15109MiB |      0%      Default |
| N/A   38C    P0    26W /  70W |   3164MiB / 15109MiB |      0%      Default |
| N/A   38C    P0    26W /  70W |   3164MiB / 15109MiB |      0%      Default |
| N/A   38C    P0    26W /  70W |   3164MiB / 15109MiB |      0%      Default |
| N/A   38C    P0    26W /  70W |   3164MiB / 15109MiB |      0%      Default |
| N/A   38C    P0    26W /  70W |   3164MiB / 15109MiB |      0%      Default |
| N/A   38C    P0    26W /  70W |   3164MiB / 15109MiB |      0%      Default |
| N/A   38C    P0    26W /  70W |   3164MiB / 15109MiB |      0%      Default |
| N/A   38C    P0    26W /  70W |   3164MiB / 15109MiB |      0%      Default |
| N/A   38C    P0    26W /  70W |   3164MiB / 15109MiB |      0%      Default |
| N/A   38C    P0    26W /  70W |   3164MiB / 15109MiB |      0%      Default |
| N/A   38C    P0    26W /  70W |   3164MiB / 15109MiB |      0%      Default |
| N/A   38C    P0    26W /  70W |   3164MiB / 15109MiB |      0%      Default |
| N/A   38C    P0    26W /  70W |   3164MiB / 15109MiB |      0%      Default |
| N/A   38C    P0    26W /  70W |   3164MiB / 15109MiB |      0%      Default |
| N/A   38C    P0    26W /  70W |   3164MiB / 15109MiB |      0%      Default |
| N/A   38C    P0    26W /  70W |   3164MiB / 15109MiB |      0%      Default |
| N/A   38C    P0    26W /  70W |   3164MiB / 15109MiB |      0%      Default |
| N/A   38C    P0    26W /  70W |   3164MiB / 15109MiB |      0%      Default |
| N/A   38C    P0    26W /  70W |   3164MiB / 15109MiB |      0%      Default |
| N/A   38C    P0    26W /  70W |   3164MiB / 15109MiB |      0%      Default |
| N/A   38C    P0    26W /  70W |   3164MiB / 15109MiB |      0%      Default |
| N/A   38C    P0    26W /  70W |   3164MiB / 15109MiB |      0%      Default |
| N/A   38C    P0    26W /  70W |   3164MiB / 15109MiB |      0%      Default |
| N/A   38C    P0    26W /  70W |   3164MiB / 15109MiB |      0%      Default |
| N/A   39C    P0    26W /  70W |   3164MiB / 15109MiB |      0%      Default |
| N/A   38C    P0    26W /  70W |   3164MiB / 15109MiB |      0%      Default |
| N/A   39C    P0    50W /  70W |   3752MiB / 15109MiB |      0%      Default |
| N/A   40C    P0    61W /  70W |   3752MiB / 15109MiB |     93%      Default |
| N/A   40C    P0    69W /  70W |   3752MiB / 15109MiB |     95%      Default |
| N/A   40C    P0    75W /  70W |   3752MiB / 15109MiB |     96%      Default |
| N/A   40C    P0    32W /  70W |   3752MiB / 15109MiB |     36%      Default |
| N/A   40C    P0    32W /  70W |   3752MiB / 15109MiB |      0%      Default |
| N/A   40C    P0    32W /  70W |   3752MiB / 15109MiB |      0%      Default |
| N/A   39C    P0    33W /  70W |   3752MiB / 15109MiB |      0%      Default |
| N/A   40C    P0    32W /  70W |   3752MiB / 15109MiB |      0%      Default |
| N/A   40C    P0    32W /  70W |   3752MiB / 15109MiB |      0%      Default |
| N/A   40C    P0    32W /  70W |   3752MiB / 15109MiB |      0%      Default |
| N/A   40C    P0    32W /  70W |   3752MiB / 15109MiB |      0%      Default |
| N/A   40C    P0    32W /  70W |   3752MiB / 15109MiB |      0%      Default |
| N/A   40C    P0    32W /  70W |   3752MiB / 15109MiB |      0%      Default |
| N/A   39C    P0    27W /  70W |   3752MiB / 15109MiB |      0%      Default |
| N/A   39C    P0    26W /  70W |   3752MiB / 15109MiB |      0%      Default |
| N/A   39C    P0    26W /  70W |   3752MiB / 15109MiB |      0%      Default |
| N/A   39C    P0    26W /  70W |   3752MiB / 15109MiB |      0%      Default |
| N/A   39C    P0    26W /  70W |   3752MiB / 15109MiB |      0%      Default |
| N/A   39C    P0    26W /  70W |   3752MiB / 15109MiB |      0%      Default |
| N/A   39C    P0    26W /  70W |   3752MiB / 15109MiB |      0%      Default |
| N/A   39C    P0    26W /  70W |   3752MiB / 15109MiB |      0%      Default |
| N/A   39C    P0    26W /  70W |   3752MiB / 15109MiB |      0%      Default |
| N/A   39C    P0    26W /  70W |   3752MiB / 15109MiB |      0%      Default |
| N/A   39C    P0    26W /  70W |   3752MiB / 15109MiB |      0%      Default |
| N/A   39C    P0    26W /  70W |   3752MiB / 15109MiB |      0%      Default |
| N/A   39C    P0    26W /  70W |   3752MiB / 15109MiB |      0%      Default |
| N/A   39C    P0    26W /  70W |   3752MiB / 15109MiB |      0%      Default |
| N/A   39C    P0    26W /  70W |   3752MiB / 15109MiB |      0%      Default |
| N/A   39C    P0    26W /  70W |   3752MiB / 15109MiB |      0%      Default |
| N/A   39C    P0    26W /  70W |   3752MiB / 15109MiB |      0%      Default |
| N/A   39C    P0    26W /  70W |   3752MiB / 15109MiB |      0%      Default |
| N/A   39C    P0    26W /  70W |   3752MiB / 15109MiB |      0%      Default |
| N/A   39C    P0    26W /  70W |   3752MiB / 15109MiB |      0%      Default |
| N/A   39C    P0    26W /  70W |   3752MiB / 15109MiB |      0%      Default |
| N/A   39C    P0    26W /  70W |   3752MiB / 15109MiB |      0%      Default |
| N/A   40C    P0    26W /  70W |   3752MiB / 15109MiB |      0%      Default |
| N/A   39C    P0    26W /  70W |   3752MiB / 15109MiB |      0%      Default |
| N/A   39C    P0    26W /  70W |   3752MiB / 15109MiB |      0%      Default |
| N/A   39C    P0    26W /  70W |   3752MiB / 15109MiB |      0%      Default |
| N/A   40C    P0    26W /  70W |   3752MiB / 15109MiB |      0%      Default |
| N/A   40C    P0    26W /  70W |   3752MiB / 15109MiB |      0%      Default |
| N/A   40C    P0    26W /  70W |   3752MiB / 15109MiB |      0%      Default |
| N/A   40C    P0    26W /  70W |   3752MiB / 15109MiB |      0%      Default |
| N/A   40C    P0    26W /  70W |   3752MiB / 15109MiB |      0%      Default |
| N/A   40C    P0    26W /  70W |   3752MiB / 15109MiB |      0%      Default |
| N/A   40C    P0    26W /  70W |   3752MiB / 15109MiB |      0%      Default |
| N/A   40C    P0    26W /  70W |   3752MiB / 15109MiB |      0%      Default |
| N/A   40C    P0    26W /  70W |   3752MiB / 15109MiB |      0%      Default |
| N/A   40C    P0    26W /  70W |   3752MiB / 15109MiB |      0%      Default |
| N/A   40C    P0    26W /  70W |   3752MiB / 15109MiB |      0%      Default |
| N/A   40C    P0    26W /  70W |   3752MiB / 15109MiB |      0%      Default |
| N/A   40C    P0    26W /  70W |   3752MiB / 15109MiB |      0%      Default |
| N/A   40C    P0    26W /  70W |   3752MiB / 15109MiB |      0%      Default |
| N/A   40C    P0    26W /  70W |   3752MiB / 15109MiB |      0%      Default |
| N/A   40C    P0    26W /  70W |   3752MiB / 15109MiB |      0%      Default |
| N/A   40C    P0    26W /  70W |   3752MiB / 15109MiB |      0%      Default |
| N/A   40C    P0    26W /  70W |   3752MiB / 15109MiB |      0%      Default |
| N/A   40C    P0    26W /  70W |   3752MiB / 15109MiB |      0%      Default |
| N/A   40C    P0    26W /  70W |   3752MiB / 15109MiB |      0%      Default |
| N/A   40C    P0    26W /  70W |   3752MiB / 15109MiB |      0%      Default |
| N/A   40C    P0    26W /  70W |   3752MiB / 15109MiB |      0%      Default |
| N/A   40C    P0    26W /  70W |   3752MiB / 15109MiB |      0%      Default |
| N/A   40C    P0    26W /  70W |   3752MiB / 15109MiB |      0%      Default |
| N/A   41C    P0    36W /  70W |   3752MiB / 15109MiB |     95%      Default |
| N/A   42C    P0    70W /  70W |   3752MiB / 15109MiB |     95%      Default |
| N/A   42C    P0    79W /  70W |   3752MiB / 15109MiB |     95%      Default |
| N/A   41C    P0    32W /  70W |   3752MiB / 15109MiB |     95%      Default |
| N/A   41C    P0    32W /  70W |   3752MiB / 15109MiB |     34%      Default |
| N/A   41C    P0    32W /  70W |   3752MiB / 15109MiB |      0%      Default |
| N/A   41C    P0    33W /  70W |   3752MiB / 15109MiB |      0%      Default |
| N/A   41C    P0    33W /  70W |   3752MiB / 15109MiB |      0%      Default |
| N/A   41C    P0    32W /  70W |   3752MiB / 15109MiB |      0%      Default |
| N/A   41C    P0    32W /  70W |   3752MiB / 15109MiB |      0%      Default |
| N/A   41C    P0    33W /  70W |   3752MiB / 15109MiB |      0%      Default |
| N/A   41C    P0    33W /  70W |   3752MiB / 15109MiB |      0%      Default |
| N/A   41C    P0    33W /  70W |   3752MiB / 15109MiB |      0%      Default |
| N/A   41C    P0    33W /  70W |   3752MiB / 15109MiB |      0%      Default |
| N/A   41C    P0    26W /  70W |   3752MiB / 15109MiB |      0%      Default |
| N/A   41C    P0    26W /  70W |   3752MiB / 15109MiB |      0%      Default |
| N/A   41C    P0    26W /  70W |   3752MiB / 15109MiB |      0%      Default |
| N/A   41C    P0    26W /  70W |   3752MiB / 15109MiB |      0%      Default |
| N/A   41C    P0    26W /  70W |   3752MiB / 15109MiB |      0%      Default |
| N/A   41C    P0    26W /  70W |   3752MiB / 15109MiB |      0%      Default |
| N/A   41C    P0    26W /  70W |   3752MiB / 15109MiB |      0%      Default |
| N/A   41C    P0    26W /  70W |   3752MiB / 15109MiB |      0%      Default |
| N/A   41C    P0    26W /  70W |   3752MiB / 15109MiB |      0%      Default |
| N/A   41C    P0    26W /  70W |   3752MiB / 15109MiB |      0%      Default |
| N/A   41C    P0    26W /  70W |   3752MiB / 15109MiB |      0%      Default |
| N/A   41C    P0    26W /  70W |   3752MiB / 15109MiB |      0%      Default |
| N/A   41C    P0    26W /  70W |   3752MiB / 15109MiB |      0%      Default |
| N/A   41C    P0    26W /  70W |   3752MiB / 15109MiB |      0%      Default |
| N/A   41C    P0    26W /  70W |   3752MiB / 15109MiB |      0%      Default |
| N/A   41C    P0    26W /  70W |   3752MiB / 15109MiB |      0%      Default |
| N/A   41C    P0    26W /  70W |   3752MiB / 15109MiB |      0%      Default |
| N/A   41C    P0    26W /  70W |   3752MiB / 15109MiB |      0%      Default |
| N/A   41C    P0    26W /  70W |   3752MiB / 15109MiB |      0%      Default |
| N/A   41C    P0    26W /  70W |   3752MiB / 15109MiB |      0%      Default |
| N/A   41C    P0    26W /  70W |   3752MiB / 15109MiB |      0%      Default |
| N/A   41C    P0    26W /  70W |   3752MiB / 15109MiB |      0%      Default |
| N/A   41C    P0    26W /  70W |   3752MiB / 15109MiB |      0%      Default |
| N/A   41C    P0    26W /  70W |   3752MiB / 15109MiB |      0%      Default |
| N/A   41C    P0    26W /  70W |   3752MiB / 15109MiB |      0%      Default |
| N/A   41C    P0    26W /  70W |   3752MiB / 15109MiB |      0%      Default |
| N/A   41C    P0    26W /  70W |   3752MiB / 15109MiB |      0%      Default |
| N/A   41C    P0    26W /  70W |   3752MiB / 15109MiB |      0%      Default |
| N/A   41C    P0    26W /  70W |   3752MiB / 15109MiB |      0%      Default |
| N/A   41C    P0    26W /  70W |   3752MiB / 15109MiB |      0%      Default |
| N/A   41C    P0    26W /  70W |   3752MiB / 15109MiB |      0%      Default |
| N/A   41C    P0    26W /  70W |   3752MiB / 15109MiB |      0%      Default |
| N/A   41C    P0    26W /  70W |   3752MiB / 15109MiB |      0%      Default |
| N/A   41C    P0    26W /  70W |   3752MiB / 15109MiB |      0%      Default |
| N/A   41C    P0    26W /  70W |   3752MiB / 15109MiB |      0%      Default |
| N/A   41C    P0    26W /  70W |   3752MiB / 15109MiB |      0%      Default |
| N/A   41C    P0    26W /  70W |   3752MiB / 15109MiB |      0%      Default |
| N/A   41C    P0    26W /  70W |   3752MiB / 15109MiB |      0%      Default |
| N/A   41C    P0    26W /  70W |   3752MiB / 15109MiB |      0%      Default |
| N/A   41C    P0    26W /  70W |   3752MiB / 15109MiB |      0%      Default |
| N/A   41C    P0    26W /  70W |   3752MiB / 15109MiB |      0%      Default |
| N/A   41C    P0    26W /  70W |   3752MiB / 15109MiB |      0%      Default |
| N/A   41C    P0    26W /  70W |   3752MiB / 15109MiB |      0%      Default |
| N/A   41C    P0    26W /  70W |   3752MiB / 15109MiB |      0%      Default |
| N/A   41C    P0    26W /  70W |   3752MiB / 15109MiB |      0%      Default |
| N/A   41C    P0    26W /  70W |   3752MiB / 15109MiB |      0%      Default |
| N/A   41C    P0    26W /  70W |   3752MiB / 15109MiB |      0%      Default |
| N/A   41C    P0    26W /  70W |   3752MiB / 15109MiB |      0%      Default |
| N/A   41C    P0    26W /  70W |   3752MiB / 15109MiB |      0%      Default |
| N/A   41C    P0    28W /  70W |   1178MiB / 15109MiB |      0%      Default |
| N/A   41C    P0    28W /  70W |      0MiB / 15109MiB |     53%      Default |
| N/A   41C    P0    27W /  70W |      0MiB / 15109MiB |     24%      Default |
| N/A   41C    P0    27W /  70W |      0MiB / 15109MiB |      0%      Default |
| N/A   41C    P0    27W /  70W |      0MiB / 15109MiB |      0%      Default |
| N/A   41C    P0    27W /  70W |      0MiB / 15109MiB |      0%      Default |
| N/A   41C    P0    27W /  70W |      0MiB / 15109MiB |      0%      Default |
| N/A   41C    P0    27W /  70W |      0MiB / 15109MiB |      0%      Default |
| N/A   41C    P0    27W /  70W |      0MiB / 15109MiB |      0%      Default |
| N/A   41C    P0    27W /  70W |      0MiB / 15109MiB |      0%      Default |
| N/A   41C    P0    27W /  70W |      0MiB / 15109MiB |      0%      Default |
| N/A   41C    P0    27W /  70W |      0MiB / 15109MiB |      0%      Default |
