15:51:53      0    29    35     -     0     0     0     0   715   405
 15:51:54      0    29    35     -     0     0     0     0   715   405
 15:51:55      0    29    35     -     0     0     0     0   715   405
 15:51:55      0    28    35     -     4     0     0     0   715   442
 15:51:56      0    34    35     -     8     0     0     0   715  1189
 15:51:56      0    34    35     -     3     0     0     0   715  1189
 15:51:56      0    36    35     -    24     0     0     0   715  1189
 15:51:57      0    38    35     -    29     0     0     0   715  1189
 15:51:57      0    37    35     -    31     0     0     0   715  1189
 15:51:57      0    37    35     -    31     0     0     0   715  1189
 15:51:57      0    38    35     -    29     0     0     0   715  1189
 15:51:58      0    36    35     -    30     0     0     0   715  1189
 15:51:58      0    38    35     -    32     0     0     0   715  1189
 15:51:58      0    38    35     -    30     0     0     0   715  1189
 15:51:58      0    36    35     -    31     0     0     0   715  1189
 15:51:59      0    38    35     -    32     0     0     0   715  1189
 15:51:59      0    38    35     -    29     0     0     0   715  1189
 15:51:59      0    37    35     -    30     0     0     0   715  1189
 15:52:00      0    38    35     -    32     0     0     0   715  1189
 15:52:00      0    38    36     -    28     0     0     0   715  1189
 15:52:00      0    37    35     -    30     0     0     0   715  1189
 15:52:00      0    38    36     -    32     0     0     0   715  1189
 15:52:01      0    38    35     -    30     0     0     0   715  1189
 15:52:01      0    38    36     -    29     0     0     0   715  1189
 15:52:01      0    38    36     -    31     0     0     0   715  1189
 15:52:02      0    37    36     -    31     0     0     0   715  1189
 15:52:02      0    38    36     -    29     0     0     0   715  1189
 15:52:02      0    38    35     -    31     0     0     0   715  1189
 15:52:02      0    36    35     -    31     0     0     0   715  1189
 15:52:03      0    38    36     -    29     0     0     0   715  1189
 15:52:03      0    36    36     -    27     0     0     0   715  1189
 15:52:03      0    36    36     -    24     0     0     0   715  1189
 15:52:04      0    38    36     -    28     0     0     0   715  1189
 15:52:04      0    37    35     -    30     0     0     0   715  1189
 15:52:04      0    38    36     -    29     0     0     0   715  1189
 15:52:04      0    37    35     -    31     0     0     0   715  1189
 15:52:05      0    38    36     -    30     0     0     0   715  1189
 15:52:05      0    38    36     -    30     0     0     0   715  1189
 15:52:05      0    36    35     -    29     0     0     0   715  1189
 15:52:05      0    38    36     -    32     0     0     0   715  1189
 15:52:06      0    38    36     -    30     0     0     0   715  1189
 15:52:06      0    36    36     -    30     0     0     0   715  1189
 15:52:06      0    38    36     -    32     0     0     0   715  1189
 15:52:07      0    37    35     -    29     0     0     0   715  1189
 15:52:07      0    36    36     -    29     0     0     0   715  1189
 15:52:07      0    38    36     -    32     0     0     0   715  1189
 15:52:07      0    38    36     -    30     0     0     0   715  1189
 15:52:08      0    38    36     -    30     0     0     0   715  1189
 15:52:08      0    38    36     -    32     0     0     0   715  1189
 15:52:08      0    37    36     -    30     0     0     0   715  1189
 15:52:08      0    38    36     -    29     0     0     0   715  1189
 15:52:09      0    37    35     -    31     0     0     0   715  1189
 15:52:09      0    37    36     -    30     0     0     0   715  1189
 15:52:09      0    38    36     -    27     0     0     0   715  1189
 15:52:10      0    36    36     -    29     0     0     0   715  1189
 15:52:10      0    38    36     -    28     0     0     0   715  1189
 15:52:10      0    36    36     -    27     0     0     0   715  1189
 15:52:10      0    38    36     -    28     0    0     0   715  1189
 15:52:11      0    36    36     -    30     0     0     0   715  1189
 15:52:11      0    38    36     -    31     0     0     0   715  1189
 15:52:11      0    36    36     -    28     0     0     0   715  1189
 15:52:12      0    38    36     -    25     0     0     0   715  1189
 15:52:12      0    37    36     -    27     0     0     0   715  1189
 15:52:12      0    38    36     -    28     0     0     0   715  1189
 15:52:12      0    37    36     -    29     0     0     0   715  1189
 15:52:13      0    38    36     -    29     0     0     0   715  1189
 15:52:13      0    36    36     -    25     0     0     0   715  1189
 15:52:13      0    38    36     -    27     0     0     0   715  1189
 15:52:13      0    37    36     -    29     0     0     0   715  1189
 15:52:14      0    38    36     -    28     0     0     0   715  1189
 15:52:14      0    37    36     -    21     0     0     0   715  1189
 15:52:14      0    37    36     -    22     0     0     0   715  1189
 15:52:15      0    36    36     -    13     0     0     0   715  1189
 15:52:15      0    36    36     -    20     0     0     0   715  1189
 15:52:15      0    36    36     -    21     0     0     0   715  1189
 15:52:16      0    37    36     -    20     0     0     0   715  1189
 15:52:16      0    38    36     -    30     0     0     0   715  1189
 15:52:16      0    37    36     -    30     0     0     0   715  1189
 15:52:16      0    38    36     -    27     0     0     0   715  1189
 15:52:17      0    37    36     -    25     0     0     0   715  1189
 15:52:17      0    38    36     -    27     0     0     0   715  1189
 15:52:17      0    38    36     -    28     0     0     0   715  1189
 15:52:17      0    38    36     -    31     0     0     0   715  1189
 15:52:18      0    37    36     -    29     0     0     0   715  1189
 15:52:18      0    38    36     -    28     0     0     0   715  1189
 15:52:18      0    36    36     -    30     0     0     0   715  1189
 15:52:19      0    38    36     -    27     0     0     0   715  1189
 15:52:19      0    37    36     -    27     0     0     0   715  1189
 15:52:19      0    38    36     -    28     0     0     0   715  1189
 15:52:19      0    38    36     -    29     0     0     0   715  1189
 15:52:20      0    38    36     -    29     0     0     0   715  1189
 15:52:20      0    37    36     -    28     0     0     0   715  1189
 15:52:20      0    38    36     -    27     0     0     0   715  1189
 15:52:20      0    38    36     -    29     0     0     0   715  1189
 15:52:21      0    37    36     -    29     0     0     0   715  1189
 15:52:21      0    38    36     -    27     0     0     0   715  1189
 15:52:21      0    37    36     -    27     0     0     0   715  1189
 15:52:22      0    38    36     -    27     0     0     0   715  1189
 15:52:22      0    37    36     -    29     0     0     0   715  1189
 15:52:22      0    38    36     -    30     0     0     0   715  1189
 15:52:22      0    37    36     -    30     0     0     0   715  1189
 15:52:23      0    38    36     -    27     0     0     0   715  1189
 15:52:23      0    38    36     -    28     0     0     0   715  1189
 15:52:23      0    38    36     -    30     0     0     0   715  1189
 15:52:24      0    38    36     -    27     0     0     0   715  1189
 15:52:24      0    37    36     -    28     0     0     0   715  1189
 15:52:24      0    38    36     -    28     0     0     0   715  1189
 15:52:24      0    36    36     -    29     0     0     0   715  1189
 15:52:25      0    38    36     -    30     0     0     0   715  1189
 15:52:25      0    37    36     -    22     0     0     0   715  1189
 15:52:25      0    37    36     -    19     0     0     0   715  1189
 15:52:26      0    38    36     -    21     0     0     0   715  1189
 15:52:26      0    37    36     -    30     0     0     0   715  1189
 15:52:26      0    38    36     -    27     0     0     0   715  1189
 15:52:26      0    38    36     -    28     0     0     0   715  1189
 15:52:27      0    37    36     -    29     0     0     0   715  1189
 15:52:27      0    38    36     -    27     0     0     0   715  1189
 15:52:27      0    37    36     -    27     0     0     0   715  1189
 15:52:27      0    38    36     -    27     0     0     0   715  1189
 15:52:28      0    37    36     -    29     0     0     0   715  1189
 15:52:28      0    38    36     -    30     0     0     0   715  1189
 15:52:28      0    37    36     -    30     0     0     0   715  1189
 15:52:29      0    38    36     -    26     0     0     0   715  1189
 15:52:29      0    37    36     -    27     0     0     0   715  1189
 15:52:29      0    38    36     -    28     0     0     0   715  1189
 15:52:29      0    37    36     -    28     0     0     0   715  1189
 15:52:30      0    38    36     -    29     0     0     0   715  1189
 15:52:30      0    37    36     -    28     0     0     0   715  1189
 15:52:30      0    38    36     -    27     0     0     0   715  1189
 15:52:30      0    37    36     -    28     0     0     0   715  1189
 15:52:31      0    38    36     -    28     0     0     0   715  1189
 15:52:31      0    37    36     -    27     0     0     0   715  1189
 15:52:31      0    38    36     -    29     0     0     0   715  1189
 15:52:32      0    36    36     -    28     0     0     0   715  1189
 15:52:32      0    38    36     -    28     0     0     0   715  1189
 15:52:32      0    37    36     -    30     0     0     0   715  1189
 15:52:32      0    38    36     -    29     0     0     0   715  1189
 15:52:33      0    37    36     -    27     0     0     0   715  1189
 15:52:33      0    38    36     -    28     0     0     0   715  1189
 15:52:33      0    38    36     -    30     0     0     0   715  1189
 15:52:34      0    38    36     -    29     0     0     0   715  1189
 15:52:34      0    37    36     -    29     0     0     0   715  1189
 15:52:34      0    38    36     -    27     0     0     0   715  1189
 15:52:34      0    38    36     -    28     0     0     0   715  1189
 15:52:35      0    38    36     -    28     0     0     0   715  1189
 15:52:35      0    38    36     -    27     0     0     0   715  1189
 15:52:35      0    37    36     -    28     0     0     0   715  1189
 15:52:35      0    38    36     -    27     0     0     0   715  1189
 15:52:36      0    38    36     -    29     0     0     0   715  1189
 15:52:36      0    37    36     -    21     0     0     0   715  1189
 15:52:36      0    37    36     -    22     0     0     0   715  1189
 15:52:37      0    38    36     -    28     0     0     0   715  1189
 15:52:37      0    37    36     -    29     0     0     0   715  1189
 15:52:37      0    38    36     -    30     0     0     0   715  1189
 15:52:37      0    38    36     -    28     0     0     0   715  1189
 15:52:38      0    38    36     -    25     0     0     0   715  1189
 15:52:38      0    38    36     -    28     0     0     0   715  1189
 15:52:38      0    38    36     -    27     0     0     0   715  1189
 15:52:39      0    37    36     -    29     0     0     0   715  1189
 15:52:39      0    38    36     -    30     0     0     0   715  1189
 15:52:39      0    37    36     -    29     0     0     0   715  1189
 15:52:39      0    38    36     -    27     0     0     0   715  1189
 15:52:40      0    37    36     -    25     0     0     0   715  1189
 15:52:40      0    36    36     -    25     0     0     0   715  1189
 15:52:40      0    37    36     -    23     0     0     0   715  1189
 15:52:41      0    38    36     -    27     0     0     0   715  1189
 15:52:41      0    38    36     -    27     0     0     0   715  1189
 15:52:41      0    37    36     -    30     0     0     0   715  1189
 15:52:41      0    38    36     -    30     0     0     0   715  1189
 15:52:42      0    37    36     -    29     0     0     0   715  1189
 15:52:42      0    38    36     -    27     0     0     0   715  1189
 15:52:42      0    37    36     -    28     0     0     0   715  1189
 15:52:42      0    38    36     -    27     0     0     0   715  1189
 15:52:43      0    36    36     -    28     0     0     0   715  1189
 15:52:43      0    38    36     -    28     0     0     0   715  1189
 15:52:43      0    37    36     -    29     0     0     0   715  1189
 15:52:44      0    38    36     -    30     0     0     0   715  1189
 15:52:44      0    37    36     -    30     0     0     0   715  1189
 15:52:44      0    38    36     -    26     0     0     0   715  1189
 15:52:44      0    36    36     -    27     0     0     0   715  1189
 15:52:45      0    38    36     -    27     0     0     0   715  1189
 15:52:45      0    37    36     -    29     0     0     0   715  1189
 15:52:45      0    38    36     -    30     0     0     0   715  1189
 15:52:46      0    38    36     -    29     0     0     0   715  1189
 15:52:46      0    37    36     -    27     0     0     0   715  1189
 15:52:46      0    37    36     -    28     0     0     0   715  1189
 15:52:46      0    38    36     -    28     0     0     0   715  1189
 15:52:47      0    36    36     -    27     0     0     0   715  1189
 15:52:47      0    36    36     -    21     0     0     0   715  1189
 15:52:47      0    35    36     -    15     0     0     0   715  1189
 15:52:48      0    35    36     -    12     0     0     0   715  1189
 15:52:48      0    37    36     -    14     0     0     0   715  1189
 15:52:48      0    38    36     -    27     0     0     0   715  1189
 15:52:48      0    37    36     -    26     0     0     0   715  1189
 15:52:49      0    38    36     -    28     0     0     0   715  1189
 15:52:49      0    38    36     -    29     0     0     0   715  1189
 15:52:49      0    38    36     -    27     0     0     0   715  1189
 15:52:50      0    38    36     -    27     0     0     0   715  1189
 15:52:50      0    37    36     -    25     0     0     0   715  1189
 15:52:50      0    37    36     -    27     0     0     0   715  1189
 15:52:50      0    38    36     -    25     0     0     0   715  1189
 15:52:51      0    36    36     -    24     0     0     0   715  1189
 15:52:51      0    38    36     -    26     0     0     0   715  1189
 15:52:51      0    36    36     -    29     0     0     0   715  1189
 15:52:51      0    38    36     -    28     0     0     0   715  1189
 15:52:52      0    37    36     -    28     0     0     0   715  1189
 15:52:52      0    38    36     -    28     0     0     0   715  1189
 15:52:52      0    36    36     -    27     0     0     0   715  1189
 15:52:53      0    38    36     -    29     0     0     0   715  1189
 15:52:53      0    37    36     -    30     0     0     0   715  1189
 15:52:53      0    38    36     -    26     0     0     0   715  1189
 15:52:53      0    37    36     -    27     0     0     0   715  1189
 15:52:54      0    38    36     -    27     0     0     0   715  1189
 15:52:54      0    37    36     -    29     0     0     0   715  1189
 15:52:54      0    38    36     -    30     0     0     0   715  1189
 15:52:55      0    37    36     -    30     0     0     0   715  1189
 15:52:55      0    38    36     -    27     0     0     0   715  1189
 15:52:55      0    37    36     -    28     0     0     0   715  1189
 15:52:55      0    38    36     -    29     0     0     0   715  1189
 15:52:56      0    38    36     -    27     0     0     0   715  1189
 15:52:56      0    37    36     -    27     0     0     0   715  1189
 15:52:56      0    38    36     -    27     0     0     0   715  1189
 15:52:56      0    38    36     -    29     0     0     0   715  1189
 15:52:57      0    38    36     -    30     0     0     0   715  1189
 15:52:57      0    37    36     -    30     0     0     0   715  1189
 15:52:57      0    38    36     -    25     0     0     0   715  1189
 15:52:58      0    37    36     -    27     0     0     0   715  1189
 15:52:58      0    36    36     -    22     0     0     0   715  1189
 15:52:58      0    36    36     -    17     0     0     0   715  1189
 15:52:58      0    37    36     -    20     0     0     0   715  1189
 15:52:59      0    38    36     -    28     0     0     0   715  1189
 15:52:59      0    37    36     -    29     0     0     0   715  1189
 15:52:59      0    38    36     -    29     0     0     0   715  1189
 15:53:00      0    37    36     -    30     0     0     0   715  1189
 15:53:00      0    38    36     -    26     0     0     0   715  1189
 15:53:00      0    36    36     -    27     0     0     0   715  1189
 15:53:00      0    38    36     -    27     0     0     0   715  1189
 15:53:01      0    37    36     -    29     0     0     0   715  1189
 15:53:01      0    38    36     -    30     0     0     0   715  1189
 15:53:01      0    37    36     -    30     0     0     0   715  1189
 15:53:01      0    38    36     -    26     0     0     0   715  1189
 15:53:02      0    36    36     -    27     0     0     0   715  1189
 15:53:02      0    38    36     -    27     0     0     0   715  1189
 15:53:02      0    37    36     -    28     0     0     0   715  1189
 15:53:03      0    38    36     -    28     0     0     0   715  1189
 15:53:03      0    37    36     -    28     0     0     0   715  1189
 15:53:03      0    38    36     -    27     0     0     0   715  1189
 15:53:03      0    37    36     -    28     0     0     0   715  1189
 15:53:04      0    38    36     -    28     0     0     0   715  1189
 15:53:04      0    37    36     -    27     0     0     0   715  1189
 15:53:04      0    38    36     -    27     0     0     0   715  1189
 15:53:05      0    37    36     -    28     0     0     0   715  1189
 15:53:05      0    38    36     -    29     0     0     0   715  1189
 15:53:05      0    37    36     -    29     0     0     0   715  1189
 15:53:05      0    38    36     -    26     0     0     0   715  1189
 15:53:06      0    37    37     -    27     0     0     0   715  1189
 15:53:06      0    38    36     -    27     0     0     0   715  1189
 15:53:06      0    37    36     -    29     0     0     0   715  1189
 15:53:06      0    38    36     -    30     0     0     0   715  1189
 15:53:07      0    37    36     -    30     0     0     0   715  1189
 15:53:07      0    38    36     -    27     0     0     0   715  1189
 15:53:07      0    38    36     -    28     0     0     0   715  1189
 15:53:08      0    38    36     -    28     0     0     0   715  1189
 15:53:08      0    38    36     -    27     0     0     0   715  1189
 15:53:08      0    37    36     -    28     0     0     0   715  1189
 15:53:08      0    38    36     -    27     0     0     0   715  1189
 15:53:09      0    36    36     -    29     0     0     0   715  1189
 15:53:09      0    36    36     -    24     0     0     0   715  1189
 15:53:09      0    36    36     -    22     0     0     0   715  1189
 15:53:10      0    37    36     -    26     0     0     0   715  1189
 15:53:10      0    38    36     -    29     0     0     0   715  1189
 15:53:10      0    38    36     -    29     0     0     0   715  1189
 15:53:10      0    37    36     -    28     0     0     0   715  1189
 15:53:11      0    37    36     -    26     0     0     0   715  1189
 15:53:11      0    38    36     -    29     0     0     0   715  1189
 15:53:11      0    37    36     -    28     0     0     0   715  1189
 15:53:12      0    38    36     -    26     0     0     0   715  1189
 15:53:12      0    37    36     -    27     0     0     0   715  1189
 15:53:12      0    38    36     -    28     0     0     0   715  1189
 15:53:12      0    37    36     -    28     0     0     0   715  1189
 15:53:13      0    38    36     -    29     0     0     0   715  1189
 15:53:13      0    37    36     -    28     0     0     0   715  1189
 15:53:13      0    38    36     -    28     0     0     0   715  1189
 15:53:13      0    36    36     -    29     0     0     0   715  1189
 15:53:14      0    38    36     -    29     0     0     0   715  1189
 15:53:14      0    37    36     -    27     0     0     0   715  1189
 15:53:14      0    38    36     -    27     0     0     0   715  1189
 15:53:15      0    37    36     -    27     0     0     0   715  1189
 15:53:15      0    38    36     -    29     0     0     0   715  1189
 15:53:15      0    37    36     -    30     0     0     0   715  1189
 15:53:15      0    38    36     -    26     0     0     0   715  1189
 15:53:16      0    38    36     -    27     0     0     0   715  1189
 15:53:16      0    38    36     -    27     0     0     0   715  1189
 15:53:16      0    38    36     -    29     0     0     0   715  1189
 15:53:17      0    38    36     -    29     0     0     0   715  1189
 15:53:17      0    37    36     -    29     0     0     0   715  1189
 15:53:17      0    38    36     -    26     0     0     0   715  1189
 15:53:17      0    37    36     -    27     0     0     0   715  1189
 15:53:18      0    38    36     -    28     0     0     0   715  1189
 15:53:18      0    37    36     -    28     0     0     0   715  1189
 15:53:18      0    38    36     -    29     0     0     0   715  1189
 15:53:18      0    38    36     -    28     0     0     0   715  1189
 15:53:19      0    38    36     -    28     0     0     0   715  1189
 15:53:19      0    37    36     -    28     0     0     0   715  1189
 15:53:19      0    38    36     -    29     0     0     0   715  1189
 15:53:20      0    37    36     -    25     0     0     0   715  1189
 15:53:20      0    36    36     -    19     0     0     0   715  1189
 15:53:20      0    36    36     -    16     0     0     0   715  1189
 15:53:20      0    36    36     -    12     0     0     0   715  1189
 15:53:21      0    36    36     -     8     0     0     0   715  1189
 15:53:21      0    38    36     -    20     0     0     0   715  1189
 15:53:21      0    37    37     -    27     0     0     0   715  1189
 15:53:22      0    38    36     -    27     0     0     0   715  1189
 15:53:22      0    37    36     -    29     0     0     0   715  1189
 15:53:22      0    38    36     -    30     0     0     0   715  1189
 15:53:22      0    37    36     -    28     0     0     0   715  1189
 15:53:23      0    38    36     -    27     0     0     0   715  1189
 15:53:23      0    37    36     -    27     0     0     0   715  1189
 15:53:23      0    38    36     -    28     0     0     0   715  1189
 15:53:24      0    38    37     -    28     0     0     0   715  1189
 15:53:24      0    38    37     -    29     0     0     0   715  1189
 15:53:24      0    37    37     -    27     0     0     0   715  1189
 15:53:24      0    38    37     -    28     0     0     0   715  1189
 15:53:25      0    37    37     -    28     0     0     0   715  1189
 15:53:25      0    38    37     -    27     0     0     0   715  1189
 15:53:25      0    37    37     -    28     0     0     0   715  1189
 15:53:25      0    38    36     -    28     0     0     0   715  1189
 15:53:26      0    38    37     -    28     0     0     0   715  1189
 15:53:26      0    38    36     -    28     0     0     0   715  1189
 15:53:26      0    37    37     -    29     0     0     0   715  1189
 15:53:27      0    38    37     -    26     0     0     0   715  1189
 15:53:27      0    38    37     -    27     0     0     0   715  1189
 15:53:27      0    38    37     -    27     0     0     0   715  1189
 15:53:27      0    38    37     -    28     0     0     0   715  1189
 15:53:28      0    38    37     -    28     0     0     0   715  1189
 15:53:28      0    38    37     -    28     0     0     0   715  1189
 15:53:28      0    38    37     -    27     0     0     0   715  1189
 15:53:29      0    38    37     -    27     0     0     0   715  1189
 15:53:29      0    38    37     -    27     0     0     0   715  1189
 15:53:29      0    38    37     -    28     0     0     0   715  1189
 15:53:29      0    38    36     -    28     0     0     0   715  1189
 15:53:30      0    38    37     -    28     0     0     0   715  1189
 15:53:30      0    36    37     -    27     0     0     0   715  1189
 15:53:30      0    38    37     -    29     0     0     0   715  1189
 15:53:30      0    37    37     -    29     0     0     0   715  1189
 15:53:31      0    38    37     -    26     0     0     0   715  1189
 15:53:31      0    37    36     -    19     0     0     0   715  1189
 15:53:31      0    37    37     -    20     0     0     0   715  1189
 15:53:32      0    38    37     -    22     0     0     0   715  1189
 15:53:32      0    38    37     -    27     0     0     0   715  1189
 15:53:32      0    38    36     -    27     0     0     0   715  1189
 15:53:32      0    38    37     -    29     0     0     0   715  1189
 15:53:33      0    38    37     -    29     0     0     0   715  1189
 15:53:33      0    37    37     -    29     0     0     0   715  1189
 15:53:33      0    38    37     -    26     0     0     0   715  1189
 15:53:34      0    37    37     -    27     0     0     0   715  1189
 15:53:34      0    38    37     -    27     0     0     0   715  1189
 15:53:34      0    38    37     -    29     0     0     0   715  1189
 15:53:34      0    38    37     -    29     0     0     0   715  1189
 15:53:35      0    37    37     -    29     0     0     0   715  1189
 15:53:35      0    38    36     -    25     0     0     0   715  1189
 15:53:35      0    37    36     -    27     0     0     0   715  1189
 15:53:35      0    38    37     -    26     0     0     0   715  1189
 15:53:36      0    37    37     -    28     0     0     0   715  1189
 15:53:36      0    38    37     -    30     0     0     0   715  1189
 15:53:36      0    37    37     -    29     0     0     0   715  1189
 15:53:37      0    38    36     -    25     0     0     0   715  1189
 15:53:37      0    38    37     -    27     0     0     0   715  1189
 15:53:37      0    38    37     -    26     0     0     0   715  1189
 15:53:37      0    38    37     -    29     0     0     0   715  1189
 15:53:38      0    38    37     -    30     0     0     0   715  1189
 15:53:38      0    38    37     -    26     0     0     0   715  1189
 15:53:38      0    37    37     -    28     0     0     0   715  1189
 15:53:39      0    38    37     -    28     0     0     0   715  1189
 15:53:39      0    37    37     -    28     0     0     0   715  1189
 15:53:39      0    37    37     -    26     0     0     0   715  1189
 15:53:39      0    38    37     -    26     0     0     0   715  1189
 15:53:40      0    38    37     -    26     0     0     0   715  1189
 15:53:40      0    38    37     -    26     0     0     0   715  1189
 15:53:40      0    37    37     -    28     0     0     0   715  1189
 15:53:40      0    38    37     -    28     0     0     0   715  1189
 15:53:41      0    37    37     -    28     0     0     0   715  1189
 15:53:41      0    38    37     -    28     0     0     0   715  1189
 15:53:41      0    37    37     -    27     0     0     0   715  1189
 15:53:42      0    38    37     -    27     0     0     0   715  1189
 15:53:42      0    36    37     -    24     0     0     0   715  1189
 15:53:42      0    37    37     -    21     0     0     0   715  1189
 15:53:42      0    38    37     -    20     0     0     0   715  1189
 15:53:43      0    36    37     -    27     0     0     0   715  1189
 15:53:43      0    38    37     -    27     0     0     0   715  1189
 15:53:43      0    37    37     -    28     0     0     0   715  1189
 15:53:44      0    37    37     -    27     0     0     0   715  1189
 15:53:44      0    38    37     -    26     0     0     0   715  1189
 15:53:44      0    37    37     -    28     0     0     0   715  1189
 15:53:44      0    38    37     -    29     0     0     0   715  1189
 15:53:45      0    37    37     -    29     0     0     0   715  1189
 15:53:45      0    38    37     -    26     0     0     0   715  1189
 15:53:45      0    38    37     -    27     0     0     0   715  1189
 15:53:46      0    38    37     -    26     0     0     0   715  1189
 15:53:46      0    38    37     -    28     0     0     0   715  1189
 15:53:46      0    38    37     -    30     0     0     0   715  1189
 15:53:46      0    38    37     -    29     0     0     0   715  1189
 15:53:47      0    37    37     -    26     0     0     0   715  1189
 15:53:47      0    38    37     -    27     0     0     0   715  1189
 15:53:47      0    37    37     -    26     0     0     0   715  1189
 15:53:47      0    38    37     -    28     0     0     0   715  1189
 15:53:48      0    37    37     -    29     0     0     0   715  1189
 15:53:48      0    38    37     -    29     0     0     0   715  1189
 15:53:48      0    37    37     -    26     0     0     0   715  1189
 15:53:49      0    38    37     -    27     0     0     0   715  1189
 15:53:49      0    37    37     -    27     0     0     0   715  1189
 15:53:49      0    38    37     -    28     0     0     0   715  1189
 15:53:49      0    37    37     -    27     0     0     0   715  1189
 15:53:50      0    37    37     -    26     0     0     0   715  1189
 15:53:50      0    38    37     -    28     0     0     0   715  1189
 15:53:50      0    37    37     -    29     0     0     0   715  1189
 15:53:51      0    38    37     -    24     0     0     0   715  1189
 15:53:51      0    37    37     -    27     0     0     0   715  1189
 15:53:51      0    38    37     -    27     0     0     0   715  1189
 15:53:51      0    38    37     -    28     0     0     0   715  1189
 15:53:52      0    38    37     -    28     0     0     0   715  1189
 15:53:52      0    38    37     -    27     0     0     0   715  1189
 15:53:52      0    37    37     -    27     0     0     0   715  1189
 15:53:52      0    37    37     -    27     0     0     0   715  1189
 15:53:53      0    37    37     -    18     0     0     0   715  1189
 15:53:53      0    36    37     -    13     0     0     0   715  1189
 15:53:53      0    36    37     -     9     0     0     0   715  1189
 15:53:54      0    37    37     -    15     0     0     0   715  1189
 15:53:54      0    38    37     -    22     0     0     0   715  1189
 15:53:54      0    38    37     -    28     0     0     0   715  1189
 15:53:55      0    38    37     -    29     0     0     0   715  1189
 15:53:55      0    38    37     -    26     0     0     0   715  1189
 15:53:55      0    37    37     -    26     0     0     0   715  1189
 15:53:55      0    38    37     -    26     0     0     0   715  1189
 15:53:56      0    37    37     -    28     0     0     0   715  1189
 15:53:56      0    38    37     -    29     0     0     0   715  1189
 15:53:56      0    37    37     -    29     0     0     0   715  1189
 15:53:57      0    38    37     -    25     0     0     0   715  1189
 15:53:57      0    37    37     -    27     0     0     0   715  1189
 15:53:57      0    38    37     -    27     0     0     0   715  1189
 15:53:57      0    38    37     -    27     0     0     0   715  1189
 15:53:58      0    37    37     -    28     0     0     0   715  1189
 15:53:58      0    38    37     -    28     0     0     0   715  1189
 15:53:58      0    37    37     -    27     0     0     0   715  1189
 15:53:58      0    38    37     -    28     0     0     0   715  1189
 15:53:59      0    36    37     -    29     0     0     0   715  1189
 15:53:59      0    38    37     -    25     0     0     0   715  1189
 15:53:59      0    38    37     -    26     0     0     0   715  1189
 15:54:00      0    38    37     -    27     0     0     0   715  1189
 15:54:00      0    38    37     -    29     0     0     0   715  1189
 15:54:00      0    38    37     -    30     0     0     0   715  1189
 15:54:00      0    38    37     -    30     0     0     0   715  1189
 15:54:01      0    38    37     -    25     0     0     0   715  1189
 15:54:01      0    38    37     -    27     0     0     0   715  1189
 15:54:01      0    37    37     -    26     0     0     0   715  1189
 15:54:01      0    38    37     -    29     0     0     0   715  1189
 15:54:02      0    37    37     -    29     0     0     0   715  1189
 15:54:02      0    38    37     -    28     0     0     0   715  1189
 15:54:02      0    37    37     -    26     0     0     0   715  1189
 15:54:03      0    38    37     -    27     0     0     0   715  1189
 15:54:03      0    37    37     -    26     0     0     0   715  1189
 15:54:03      0    38    37     -    28     0     0     0   715  1189
 15:54:03      0    37    37     -    29     0     0     0   715  1189
 15:54:04      0    38    37     -    28     0     0     0   715  1189
 15:54:04      0    37    37     -    21     0     0     0   715  1189
 15:54:04      0    37    37     -    21     0     0     0   715  1189
 15:54:05      0    38    37     -    27     0     0     0   715  1189
 15:54:05      0    37    37     -    28     0     0     0   715  1189
 15:54:05      0    38    37     -    28     0     0     0   715  1189
 15:54:05      0    37    37     -    29     0     0     0   715  1189
 15:54:06      0    38    37     -    27     0     0     0   715  1189
 15:54:06      0    36    37     -    27     0     0     0   715  1189
 15:54:06      0    38    37     -    27     0     0     0   715  1189
 15:54:07      0    37    37     -    28     0     0     0   715  1189
 15:54:07      0    38    37     -    29     0     0     0   715  1189
 15:54:07      0    37    37     -    29     0     0     0   715  1189
 15:54:07      0    38    37     -    25     0     0     0   715  1189
 15:54:08      0    37    37     -    26     0     0     0   715  1189
 15:54:08      0    38    37     -    26     0     0     0   715  1189
 15:54:08      0    37    37     -    28     0     0     0   715  1189
 15:54:08      0    38    37     -    30     0     0     0   715  1189
 15:54:09      0    37    37     -    30     0     0     0   715  1189
 15:54:09      0    38    37     -    25     0     0     0   715  1189
 15:54:09      0    38    37     -    27     0     0     0   715  1189
 15:54:10      0    37    37     -    26     0     0     0   715  1189
 15:54:10      0    38    37     -    29     0     0     0   715  1189
 15:54:10      0    37    37     -    27     0     0     0   715  1189
 15:54:10      0    38    37     -    27     0     0     0   715  1189
 15:54:11      0    37    37     -    28     0     0     0   715  1189
 15:54:11      0    38    37     -    28     0     0     0   715  1189
 15:54:11      0    37    37     -    28     0     0     0   715  1189
 15:54:12      0    38    37     -    27     0     0     0   715  1189
 15:54:12      0    38    37     -    27     0     0     0   715  1189
 15:54:12      0    38    37     -    27     0     0     0   715  1189
 15:54:12      0    38    37     -    29     0     0     0   715  1189
 15:54:13      0    38    37     -    29     0     0     0   715  1189
 15:54:13      0    38    37     -    26     0     0     0   715  1189
 15:54:13      0    38    37     -    27     0     0     0   715  1189
 15:54:13      0    38    37     -    27     0     0     0   715  1189
 15:54:14      0    37    37     -    28     0     0     0   715  1189
 15:54:14      0    38    37     -    29     0     0     0   715  1189
 15:54:14      0    36    37     -    30     0     0     0   715  1189
 15:54:15      0    38    37     -    25     0     0     0   715  1189
 15:54:15      0    36    37     -    27     0     0     0   715  1189
 15:54:15      0    37    37     -    18     0     0     0   715  1189
 15:54:15      0    38    37     -    23     0     0     0   715  1189
 15:54:16      0    37    37     -    28     0     0     0   715  1189
 15:54:16      0    38    37     -    29     0     0     0   715  1189
 15:54:16      0    37    37     -    30     0     0     0   715  1189
 15:54:17      0    37    37     -    24     0     0     0   715  1189
 15:54:17      0    38    37     -    27     0     0     0   715  1189
 15:54:17      0    37    37     -    28     0     0     0   715  1189
 15:54:17      0    38    37     -    26     0     0     0   715  1189
 15:54:18      0    38    37     -    27     0     0     0   715  1189
 15:54:18      0    38    37     -    25     0     0     0   715  1189
 15:54:18      0    38    37     -    29     0     0     0   715  1189
 15:54:18      0    38    37     -    30     0     0     0   715  1189
 15:54:19      0    38    37     -    29     0     0     0   715  1189
 15:54:19      0    38    37     -    25     0     0     0   715  1189
 15:54:19      0    38    37     -    27     0     0     0   715  1189
 15:54:20      0    37    37     -    26     0     0     0   715  1189
 15:54:20      0    38    37     -    29     0     0     0   715  1189
 15:54:20      0    37    37     -    29     0     0     0   715  1189
 15:54:20      0    38    37     -    26     0     0     0   715  1189
 15:54:21      0    37    37     -    27     0     0     0   715  1189
 15:54:21      0    38    37     -    28     0     0     0   715  1189
 15:54:21      0    38    37     -    26     0     0     0   715  1189
 15:54:22      0    38    37     -    27     0     0     0   715  1189
 15:54:22      0    38    37     -    27     0     0     0   715  1189
 15:54:22      0    37    37     -    28     0     0     0   715  1189
 15:54:22      0    38    37     -    29     0     0     0   715  1189
 15:54:23      0    37    37     -    29     0     0     0   715  1189
 15:54:23      0    38    37     -    25     0     0     0   715  1189
 15:54:23      0    36    37     -    27     0     0     0   715  1189
 15:54:23      0    38    37     -    27     0     0     0   715  1189
 15:54:24      0    37    37     -    29     0     0     0   715  1189
 15:54:24      0    36    37     -    30     0     0     0   715  1189
 15:54:24      0    36    37     -    19     0     0     0   715  1189
 15:54:25      0    36    37     -    19     0     0     0   715  1189
 15:54:25      0    36    37     -    20     0     0     0   715  1189
 15:54:25      0    37    37     -    22     0     0     0   715  1189
 15:54:25      0    38    37     -    27     0     0     0   715  1189
 15:54:26      0    37    37     -    28     0     0     0   715  1189
 15:54:26      0    37    37     -    17     0     0     0   715  1189
 15:54:26      0    38    37     -    19     0     0     0   715  1189
 15:54:27      0    37    37     -    28     0     0     0   715  1189
 15:54:27      0    38    37     -    25     0     0     0   715  1189
 15:54:27      0    37    37     -    26     0     0     0   715  1189
 15:54:27      0    38    37     -    27     0     0     0   715  1189
 15:54:28      0    37    37     -    28     0     0     0   715  1189
 15:54:28      0    38    37     -    29     0     0     0   715  1189
 15:54:28      0    37    37     -    29     0     0     0   715  1189
 15:54:29      0    38    37     -    25     0     0     0   715  1189
 15:54:29      0    38    37     -    27     0     0     0   715  1189
 15:54:29      0    38    37     -    27     0     0     0   715  1189
 15:54:29      0    38    37     -    28     0     0     0   715  1189
 15:54:30      0    38    37     -    28     0     0     0   715  1189
 15:54:30      0    38    37     -    28     0     0     0   715  1189
 15:54:30      0    37    37     -    28     0     0     0   715  1189
 15:54:31      0    38    37     -    28     0     0     0   715  1189
 15:54:31      0    37    37     -    29     0     0     0   715  1189
 15:54:31      0    38    37     -    24     0     0     0   715  1189
 15:54:31      0    38    37     -    26     0     0     0   715  1189
 15:54:32      0    37    37     -    26     0     0     0   715  1189
 15:54:32      0    38    37     -    28     0     0     0   715  1189
 15:54:32      0    38    37     -    29     0     0     0   715  1189
 15:54:32      0    38    37     -    29     0     0     0   715  1189
 15:54:33      0    37    37     -    26     0     0     0   715  1189 
