Layer Number : 0
Time Taken compute = 0.026464000344276
Time Taken compute cumulative = 0.026464000344276
Ouput Size : 78400
Layer Number : 0
Time Taken transfer = 0.528800010681152
Thresh = 19.981863021850586
Cumulative Thresh = 19.981863021850586
CHECKPOINT AT LAYER 0

Layer Number : 1
Time Taken compute = 47.172798156738281
Time Taken compute cumulative = 47.172798156738281
Input Size : 78400
Ouput Size : 326886400
Layer Number : 1
Time Taken transfer = 1115.249023437500000
Thresh = 23.641782760620117
Cumulative Thresh = 23.641782760620117

Layer Number : 2
Time Taken compute = 5.806496143341064
Time Taken compute cumulative = 52.979294300079346
Input Size : 326886400
Ouput Size : 81721600
Layer Number : 2
Time Taken transfer = 277.019805908203125
Thresh = 47.708599090576172
Cumulative Thresh = 5.228831768035889

Layer Number : 3
Time Taken compute = 3.470976114273071
Time Taken compute cumulative = 56.450270414352417
Input Size : 81721600
Ouput Size : 81721600
Layer Number : 3
Time Taken transfer = 278.290557861328125
Thresh = 80.176452636718750
Cumulative Thresh = 4.929835796356201

Layer Number : 4
Time Taken compute = 19.366176605224609
Time Taken compute cumulative = 75.816447019577026
Input Size : 81721600
Ouput Size : 81721600
Layer Number : 4
Time Taken transfer = 280.305145263671875
Thresh = 14.473954200744629
Cumulative Thresh = 3.697154760360718

Layer Number : 5
Time Taken compute = 2.281631946563721
Time Taken compute cumulative = 78.098078966140747
Input Size : 81721600
Ouput Size : 81721600
Layer Number : 5
Time Taken transfer = 281.827789306640625
Thresh = 123.520271301269531
Cumulative Thresh = 3.608639240264893

Layer Number : 6
Time Taken compute = 1.690368056297302
Time Taken compute cumulative = 79.788447022438049
Input Size : 81721600
Ouput Size : 20070400
Layer Number : 6
Time Taken transfer = 69.559104919433594
Thresh = 41.150272369384766
Cumulative Thresh = 0.871794223785400
CHECKPOINT AT LAYER 6

Layer Number : 7
Time Taken compute = 12.989791870117188
Time Taken compute cumulative = 12.989791870117188
Input Size : 20070400
Ouput Size : 40140800
Layer Number : 7
Time Taken transfer = 132.996185302734375
Thresh = 10.238515853881836
Cumulative Thresh = 10.238515853881836

Layer Number : 8
Time Taken compute = 2.456864118576050
Time Taken compute cumulative = 15.446655988693237
Input Size : 40140800
Ouput Size : 40140800
Layer Number : 8
Time Taken transfer = 141.696609497070312
Thresh = 57.673767089843750
Cumulative Thresh = 9.173287391662598

Layer Number : 9
Time Taken compute = 15.780127525329590
Time Taken compute cumulative = 31.226783514022827
Input Size : 40140800
Ouput Size : 40140800
Layer Number : 9
Time Taken transfer = 133.911132812500000
Thresh = 8.486061096191406
Cumulative Thresh = 4.288341999053955

Layer Number : 10
Time Taken compute = 1.506592035293579
Time Taken compute cumulative = 32.733375549316406
Input Size : 40140800
Ouput Size : 40140800
Layer Number : 10
Time Taken transfer = 137.807708740234375
Thresh = 91.469825744628906
Cumulative Thresh = 4.210006237030029

Layer Number : 11
Time Taken compute = 1.082175970077515
Time Taken compute cumulative = 33.815551519393921
Input Size : 40140800
Ouput Size : 10035200
Layer Number : 11
Time Taken transfer = 33.331840515136719
Thresh = 30.800758361816406
Cumulative Thresh = 0.985695600509644
CHECKPOINT AT LAYER 11

Layer Number : 12
Time Taken compute = 7.290912151336670
Time Taken compute cumulative = 7.290912151336670
Input Size : 10035200
Ouput Size : 20070400
Layer Number : 12
Time Taken transfer = 67.262908935546875
Thresh = 9.225582122802734
Cumulative Thresh = 9.225582122802734

Layer Number : 13
Time Taken compute = 1.007392048835754
Time Taken compute cumulative = 8.298304200172424
Input Size : 20070400
Ouput Size : 20070400
Layer Number : 13
Time Taken transfer = 73.383262634277344
Thresh = 72.844787597656250
Cumulative Thresh = 8.843163490295410

Layer Number : 14
Time Taken compute = 9.420063972473145
Time Taken compute cumulative = 17.718368172645569
Input Size : 20070400
Ouput Size : 20070400
Layer Numbe : 14
Time Taken transfer = 69.441726684570312
Thresh = 7.371683120727539
Cumulative Thresh = 3.919194221496582

Layer Number : 15
Time Taken compute = 2.343071937561035
Time Taken compute cumulative = 20.061440110206604
Input Size : 20070400
Ouput Size : 20070400
Layer Number : 15
Time Taken transfer = 67.421630859375000
Thresh = 28.774887084960938
Cumulative Thresh = 3.360757350921631

Layer Number : 16
Time Taken compute = 7.181248188018799
Time Taken compute cumulative = 27.242688298225403
Input Size : 20070400
Ouput Size : 20070400
Layer Number : 16
Time Taken transfer = 73.877120971679688
Thresh = 10.287504196166992
Cumulative Thresh = 2.711814641952515

Layer Number : 17
Time Taken compute = 1.330623984336853
Time Taken compute cumulative = 28.573312282562256
Input Size : 20070400
Ouput Size : 20070400
Layer Number : 17
Time Taken transfer = 68.030883789062500
Thresh = 51.127052307128906
Cumulative Thresh = 2.380923986434937

Layer Number : 18
Time Taken compute = 0.737471997737885
Time Taken compute cumulative = 29.310784280300140
Input Size : 20070400
Ouput Size : 5017600
Layer Number : 18
Time Taken transfer = 17.333759307861328
Thresh = 23.504295349121094
Cumulative Thresh = 0.591378211975098
CHECKPOINT AT LAYER 18

Layer Number : 19
Time Taken compute = 4.659584045410156
Time Taken compute cumulative = 4.659584045410156
Input Size : 5017600
Ouput Size : 10035200
Layer Number : 19
Time Taken transfer = 33.513568878173828
Thresh = 7.192395210266113
Cumulative Thresh = 7.192395210266113

Layer Number : 20
Time Taken compute = 1.424640059471130
Time Taken compute cumulative = 6.084224104881287
Input Size : 10035200
Ouput Size : 10035200
Layer Number : 20
Time Taken transfer = 34.177665710449219
Thresh = 23.990386962890625
Cumulative Thresh = 5.617424011230469

Layer Number : 21
Time Taken compute = 7.337183952331543
Time Taken compute cumulative = 13.421408057212830
Input Size : 10035200
Ouput Size : 10035200
Layer Number : 21
Time Taken transfer = 33.789886474609375
Thresh = 4.605293750762939
Cumulative Thresh = 2.517611026763916

Layer Number : 22
Time Taken compute = 1.893023967742920
Time Taken compute cumulative = 15.314432024955750
Input Size : 10035200
Ouput Size : 10035200
Layer Number : 22
Time Taken transfer = 37.783809661865234
Thresh = 19.959499359130859
Cumulative Thresh = 2.467202901840210

Layer Number : 23
Time Taken compute = 6.625760078430176
Time Taken compute cumulative = 21.940192103385925
Input Size : 10035200
Ouput Size : 10035200
Layer Number : 23
Time Taken transfer = 36.532928466796875
Thresh = 5.513771533966064
Cumulative Thresh = 1.665114283561707

Layer Number : 24
Time Taken compute = 0.786144018173218
Time Taken compute cumulative = 22.726336121559143
Input Size : 10035200
Ouput Size : 10035200
Layer Number : 24
Time Taken transfer = 34.157760620117188
Thresh = 43.449748992919922
Cumulative Thresh = 1.503003358840942

Layer Number : 25
Time Taken compute = 0.573759973049164
Time Taken compute cumulative = 23.300096094608307
Input Size : 10035200
Ouput Size : 2508800
Layer Number : 25
Time Taken transfer = 8.519743919372559
Thresh = 14.848968505859375
Cumulative Thresh = 0.365652740001678
CHECKPOINT AT LAYER 25

Layer Number : 26
Time Taken compute = 6.745728015899658
Time Taken compute cumulative = 6.745728015899658
Input Size : 2508800
Ouput Size : 2508800
Layer Number : 26
Time Taken transfer = 2.448479890823364
Thresh = 0.362967491149902
Cumulative Thresh = 0.362967491149902
CHECKPOINT AT LAYER 26

Layer Number : 27
Time Taken compute = 0.381599992513657
Time Taken compute cumulative = 0.381599992513657
Input Size : 2508800
Ouput Size : 2508800
Layer Number : 27
Time Taken transfer = 2.555808067321777
Thresh = 6.697610378265381
Cumulative Thresh = 6.697610378265381

Layer Number : 28
Time Taken compute = 9.229791641235352
Time Taken compute cumulative = 9.611391633749008
Input Size : 2508800
Ouput Size : 2508800
Layer Number : 28
Time Taken transfer = 2.415199995040894
Thresh = 0.261674374341965
Cumulative Thresh = 0.251285165548325
CHECKPOINT AT LAYER 28

Layer Number : 29
Time Taken compute = 0.682720005512238
Time Taken compute cumulative = 0.682720005512238
Input Size : 2508800
Ouput Size : 2508800
Layer Number : 29
Time Taken transfer = 2.427615880966187
Thresh = 3.555800199508667
Cumulative Thresh = 3.555800199508667

Layer Number : 30
Time Taken compute = 4.868959903717041
Time Taken compute cumulative = 5.551679909229279
Input Size : 2508800
Ouput Size : 2508800
Layer Number : 30
Time Taken transfer = 2.792543888092041
Thresh = 0.573540151119232
Cumulative Thresh = 0.503008782863617
CHECKPOINT AT LAYER 30

Layer Number : 31
Time Taken compute = 0.493600010871887
Time Taken compute cumulative = 0.493600010871887
Input Size : 2508800
Ouput Size : 2508800
Layer Number : 31
Time Taken transfer = 2.640320062637329
Thresh = 5.349108695983887
Cumulative Thresh = 5.349108695983887

Layer Number : 32
Time Taken compute = 2.598112106323242
Time Taken compute cumulative = 3.091712117195129
Input Size : 2508800
Ouput Size : 460800
Layer Number : 32
Time Taken transfer = 0.656736016273499
Thresh = 0.252774327993393
Cumulative Thresh = 0.212418228387833
CHECKPOINT AT LAYER 32

Layer Number : 33
Time Taken compute = 2.099776029586792
Time Taken compute cumulative = 2.099776029586792
Input Size : 460800
Ouput Size : 409600
Layer Number : 33
Time Taken transfer = 0.583328008651733
Thresh = 0.277804881334305
Cumulative Thresh = 0.277804881334305
CHECKPOINT AT LAYER 33

Layer Number : 34
Time Taken compute = 1.362912058830261
Time Taken compute cumulative = 1.362912058830261
Input Size : 409600
Ouput Size : 409600
Layer Number : 34
Time Taken transfer = 0.603007972240448
Thresh = 0.442440837621689
Cumulative Thresh = 0.442440837621689
CHECKPOINT AT LAYER 34

Layer Number : 35
Time Taken compute = 1.985280036926270
Time Taken compute cumulative = 1.985280036926270
Input Size : 409600
Ouput Size : 409600
Layer Number : 35
Time Taken transfer = 0.587487995624542
Thresh = 0.295921981334686
Cumulative Thresh = 0.295921981334686
CHECKPOINT AT LAYER 35

Layer Number : 36
Time Taken compute = 2.544672012329102
Time Taken compute cumulative = 2.544672012329102
Input Size : 409600
Ouput Size : 409600
Layer Number : 36
Time Taken transfer = 0.617280006408691
Thresh = 0.242577433586121
Cumulative Thresh = 0.242577433586121
CHECKPOINT AT LAYER 36

Layer Number : 37
Time Taken compute = 1.428383946418762
Time Taken compute cumulative = 1.428383946418762
Input Size : 409600
Ouput Size : 1000
Layer Number : 37
Time Taken transfer = 0.024064000695944
Thresh = 0.016847010701895
Cumulative Thresh = 0.016847010701895
CHECKPOINT AT LAYER 37

Layer Number : 38
Time Taken compute = 2.134815931320190
Time Taken compute cumulative = 2.134815931320190
Input Size : 1000
Ouput Size : 1000
Layer Number : 38
Time Taken transfer = 0.025343999266624
Thresh = 0.011871749535203
Cumulative Thresh = 0.011871749535203
CHECKPOINT AT LAYER 38r
