Layer Number : 0
Time Taken compute = 0.026111999526620
Time Taken compute cumulative = 0.026111999526620
Ouput Size : 15680
Layer Number : 0
Time Taken transfer = 0.081823997199535
Thresh = 3.133578300476074
Cumulative Thresh = 3.133578300476074
CHECKPOINT AT LAYER 0

Layer Number : 1
Time Taken compute = 4.324512004852295
Time Taken compute cumulative = 4.324512004852295
Input Size : 15680
Ouput Size : 65377280
Layer Number : 1
Time Taken transfer = 193.004577636718750
Thresh = 44.630371093750000
Cumulative Thresh = 44.630371093750000

Layer Number : 2
Time Taken compute = 1.552063941955566
Time Taken compute cumulative = 5.876575946807861
Input Size : 65377280
Ouput Size : 16344320
Layer Number : 2
Time Taken transfer = 51.980895996093750
Thresh = 33.491466522216797
Cumulative Thresh = 8.845438957214355

Layer Number : 3
Time Taken compute = 3.341599941253662
Time Taken compute cumulative = 9.218175888061523
Input Size : 16344320
Ouput Size : 16344320
Layer Number : 3
Time Taken transfer = 49.030239105224609
Thresh = 14.672683715820312
Cumulative Thresh = 5.318865776062012

Layer Number : 4
Time Taken compute = 3.312511920928955
Time Taken compute cumulative = 12.530687808990479
Input Size : 16344320
Ouput Size : 16344320
Layer Number : 4
Time Taken transfer = 47.951072692871094
Thresh = 14.475743293762207
Cumulative Thresh = 3.826691150665283

Layer Number : 5
Time Taken compute = 0.599071979522705
Time Taken compute cumulative = 13.129759788513184
Input Size : 16344320
Ouput Size : 16344320
Layer Number : 5
Time Taken transfer = 47.538177490234375
Thresh = 79.353034973144531
Cumulative Thresh = 3.620643377304077

Layer Number : 6
Time Taken compute = 0.464991986751556
Time Taken compute cumulative = 13.594751775264740
Input Size : 16344320
Ouput Size : 4014080
Layer Number : 6
Time Taken transfer = 11.561951637268066
Thresh = 24.864841461181641
Cumulative Thresh = 0.850471675395966
CHECKPOINT AT LAYER 6

Layer Number : 7
Time Taken compute = 1.543488025665283
Time Taken compute cumulative = 1.543488025665283
Input Size : 4014080
Ouput Size : 8028160
Layer Number : 7
Time Taken transfer = 23.018112182617188
Thresh = 14.913048744201660
Cumulative Thresh = 14.913048744201660

Layer Number : 8
Time Taken compute = 0.387775987386703
Time Taken compute cumulative = 1.931264013051987
Input Size : 8028160
Ouput Size : 8028160
Layer Number : 8
Time Taken transfer = 23.258367538452148
Thresh = 59.978874206542969
Cumulative Thresh = 12.043080329895020

Layer Number : 9
Time Taken compute = 2.225984096527100
Time Taken compute cumulative = 4.157248109579086
Input Size : 8028160
Ouput Size : 8028160
Layer Number : 9
Time Taken transfer = 6.352191925048828
Thresh = 2.853655576705933
Cumulative Thresh = 1.527979969978333

Layer Number : 10
Time Taken compute = 0.416063994169235
Time Taken compute cumulative = 4.573312103748322
Input Size : 8028160
Ouput Size : 8028160
Layer Number : 10
Time Taken transfer = 6.323743820190430
Thresh = 15.198968887329102
Cumulative Thresh = 1.382749199867249

Layer Number : 11
Time Taken compute = 0.323455989360809
Time Taken compute cumulative = 4.896768093109131
Input Size : 8028160
Ouput Size : 2007040
Layer Number : 11
Time Taken transfer = 1.656640052795410
Thresh = 5.121685981750488
Cumulative Thresh = 0.338312953710556
CHECKPOINT AT LAYER 11

Layer Number : 12
Time Taken compute = 1.240224003791809
Time Taken compute cumulative = 1.240224003791809
Input Size : 2007040
Ouput Size : 4014080
Layer Number : 12
Time Taken transfer = 3.216383934020996
Thresh = 2.593389511108398
Cumulative Thresh = 2.593389511108398

Layer Number : 13
Time Taken compute = 0.297600001096725
Time Taken compute cumulative = 1.537824004888535
Input Size : 4014080
Ouput Size : 4014080
Layer Number : 13
Time Taken transfer = 3.203295946121216
Thresh = 10.763763427734375
Cumulative Thresh = 2.083005666732788

Layer Number : 14
Time Taken compute = 1.879999995231628
Time Taken compute cumulative = 3.417824000120163
Input Size : 4014080
Ouput Size : 4014080
Layer Number : 14
Time Taken transfer = 3.616735935211182
Thesh = 1.923795700073242
Cumulative Thresh = 1.058198451995850

Layer Number : 15
Time Taken compute = 0.350271999835968
Time Taken compute cumulative = 3.768095999956131
Input Size : 4014080
Ouput Size : 4014080
Layer Number : 15
Time Taken transfer = 3.426304101943970
Thresh = 9.781838417053223
Cumulative Thresh = 0.909293234348297
CHECKPOINT AT LAYER 15

Layer Number : 16
Time Taken compute = 1.865695953369141
Time Taken compute cumulative = 1.865695953369141
Input Size : 4014080
Ouput Size : 4014080
Layer Number : 16
Time Taken transfer = 3.195039987564087
Thresh = 1.712519168853760
Cumulative Thresh = 1.712519168853760

Layer Number : 17
Time Taken compute = 0.293312013149261
Time Taken compute cumulative = 2.159007966518402
Input Size : 4014080
Ouput Size : 4014080
Layer Number : 17
Time Taken transfer = 3.205760002136230
Thresh = 10.929521560668945
Cumulative Thresh = 1.484830141067505

Layer Number : 18
Time Taken compute = 0.265536010265350
Time Taken compute cumulative = 2.424543976783752
Input Size : 4014080
Ouput Size : 1003520
Layer Number : 18
Time Taken transfer = 0.893535971641541
Thresh = 3.365027427673340
Cumulative Thresh = 0.368537753820419
CHECKPOINT AT LAYER 18

Layer Number : 19
Time Taken compute = 1.098176002502441
Time Taken compute cumulative = 1.098176002502441
Input Size : 1003520
Ouput Size : 2007040
Layer Number : 19
Time Taken transfer = 1.658944010734558
Thresh = 1.510635852813721
Cumulative Thresh = 1.510635852813721

Layer Number : 20
Time Taken compute = 0.234944000840187
Time Taken compute cumulative = 1.333120003342628
Input Size : 2007040
Ouput Size : 2007040
Layer Number : 20
Time Taken transfer = 1.661631941795349
Thresh = 7.072459697723389
Cumulative Thresh = 1.246423363685608

Layer Number : 21
Time Taken compute = 1.766720056533813
Time Taken compute cumulative = 3.099840059876442
Input Size : 2007040
Ouput Size : 2007040
Layer Number : 21
Time Taken transfer = 1.657663941383362
Thresh = 0.938271999359131
Cumulative Thresh = 0.534757912158966
CHECKPOINT AT LAYER 21

Layer Number : 22
Time Taken compute = 0.244128003716469
Time Taken compute cumulative = 0.244128003716469
Input Size : 2007040
Ouput Size : 2007040
Layer Number : 22
Time Taken transfer = 1.685376048088074
Thresh = 6.903656959533691
Cumulative Thresh = 6.903656959533691

Layer Number : 23
Time Taken compute = 1.753376007080078
Time Taken compute cumulative = 1.997504010796547
Input Size : 2007040
Ouput Size : 2007040
Layer Number : 23
Time Taken transfer = 1.661759972572327
Thresh = 0.947748780250549
Cumulative Thresh = 0.831918239593506
CHECKPOINT AT LAYER 23

Layer Number : 24
Time Taken compute = 0.235872000455856
Time Taken compute cumulative = 0.235872000455856
Input Size : 2007040
Ouput Size : 2007040
Layer Number : 24
Time Taken transfer = 1.659775972366333
Thresh = 7.036765575408936
Cumulative Thresh = 7.036765575408936

Layer Number : 25
Time Taken compute = 0.268992006778717
Time Taken compute cumulative = 0.504864007234573
Input Size : 2007040
Ouput Size : 501760
Layer Number : 25
Time Taken transfer = 0.497920006513596
Thresh = 1.851058721542358
Cumulative Thresh = 0.986245810985565
CHECKPOINT AT LAYER 25

Layer Number : 26
Time Taken compute = 1.125663995742798
Time Taken compute cumulative = 1.125663995742798
Input Size : 501760
Ouput Size : 501760
Layer Number : 26
Time Taken transfer = 0.498400002717972
Thresh = 0.442760884761810
Cumulative Thresh = 0.442760884761810
CHECKPOINT AT LAYER 26

Layer Number : 27
Time Taken compute = 0.216416001319885
Time Taken compute cumulative = 0.216416001319885
Input Size : 501760
Ouput Size : 501760
Layer Number : 27
Time Taken transfer = 0.489823997020721
Thresh = 2.263344526290894
Cumulative Thresh = 2.263344526290894

Layer Number : 28
Time Taken compute = 1.104768037796021
Time Taken compute cumulative = 1.321184039115906
Input Size : 501760
Ouput Size : 501760
Layer Number : 28
Time Taken transfer = 0.499487996101379
Thresh = 0.452120244503021
Cumulative Thresh = 0.378060877323151
CHECKPOINT AT LAYER 28

Layer Number : 29
Time Taken compute = 0.217887997627258
Time Taken compute cumulative = 0.217887997627258
Input Size : 501760
Ouput Size : 501760
Layer Number : 29
Time Taken transfer = 0.503135979175568
Thresh = 2.309149503707886
Cumulative Thresh = 2.309149503707886

Layer Number : 30
Time Taken compute = 1.108415961265564
Time Taken compute cumulative = 1.326303958892822
Input Size : 501760
Ouput Size : 501760
Layer Number : 30
Time Taken transfer = 0.512896001338959
Thresh = 0.462728798389435
Cumulative Thresh = 0.386710762977600
CHECKPOINT AT LAYER 30

Layer Number : 31
Time Taken compute = 0.225920006632805
Time Taken compute cumulative = 0.225920006632805
Input Size : 501760
Ouput Size : 501760
Layer Number : 31
Time Taken transfer = 0.494655996561050
Thresh = 2.189518451690674
Cumulative Thresh = 2.189518451690674

Layer Number : 32
Time Taken compute = 0.049663998186588
Time Taken compute cumulative = 0.275584004819393
Input Size : 501760
Ouput Size : 92160
Layer Number : 32
Time Taken transfer = 0.119071997702122
Thresh = 2.397551536560059
Cumulative Thresh = 0.432071506977081
CHECKPOINT AT LAYER 32

Layer Number : 33
Time Taken compute = 0.293215990066528
Time Taken compute cumulative = 0.293215990066528
Input Size : 92160
Ouput Size : 81920
Layer Number : 33
Time Taken transfer = 0.108415998518467
Thresh = 0.369747906923294
Cumulative Thresh = 0.369747906923294
CHECKPOINT AT LAYER 33

Layer Number : 34
Time Taken compute = 0.036959998309612
Time Taken compute cumulative = 0.036959998309612
Input Size : 81920
Ouput Size : 81920
Layer Number : 34
Time Taken transfer = 0.106752000749111
Thresh = 2.888311862945557
Cumulative Thresh = 2.888311862945557

Layer Number : 35
Time Taken compute = 0.245568007230759
Time Taken compute cumulative = 0.282528005540371
Input Size : 81920
Ouput Size : 81920
Layer Number : 35
Time Taken transfer = 0.108383998274803
Thresh = 0.441360414028168
Cumulative Thresh = 0.383622139692307
CHECKPOINT AT LAYER 35

Layer Number : 36
Time Taken compute = 0.035936001688242
Time Taken compute cumulative = 0.035936001688242
Input Size : 81920
Ouput Size : 81920
Layer Number : 36
Time Taken transfer = 0.105503998696804
Thresh = 2.935885906219482
Cumulative Thresh = 2.935885906219482

Layer Number : 37
Time Taken compute = 0.179967999458313
Time Taken compute cumulative = 0.215904001146555
Input Size : 81920
Ouput Size : 200
Layer Number : 37
Time Taken transfer = 0.019967999309301
Thresh = 0.110953055322170
Cumulative Thresh = 0.092485547065735
CHECKPOINT AT LAYER 37

Layer Number : 38
Time Taken compute = 0.048672001808882
Time Taken compute cumulative = 0.048672001808882
Input Size : 200
Ouput Size : 200
Layer Number : 38
Time Taken transfer = 0.017888000234962
Thresh = 0.367521345615387
Cumulative Thresh = 0.367521345615387
CHECKPOINT AT LAYER 38r
