Layer Number : 0
Time Taken compute = 0.014560000039637
Time Taken compute cumulative = 0.014560000039637
Ouput Size : 39200
Layer Number : 0
Time Taken transfer = 0.243744000792503
Thresh = 16.740659713745117
Cumulative Thresh = 16.740659713745117
CHECKPOINT AT LAYER 0

Layer Number : 1
Time Taken compute = 17.191616058349609
Time Taken compute cumulative = 17.191616058349609
Input Size : 39200
Ouput Size : 163443200
Layer Number : 1
Time Taken transfer = 558.699951171875000
Thresh = 32.498397827148438
Cumulative Thresh = 32.498397827148438

Layer Number : 2
Time Taken compute = 2.559808015823364
Time Taken compute cumulative = 19.751424074172974
Input Size : 163443200
Ouput Size : 40860800
Layer Number : 2
Time Taken transfer = 139.011932373046875
Thresh = 54.305606842041016
Cumulative Thresh = 7.038071155548096

Layer Number : 3
Time Taken compute = 2.614624023437500
Time Taken compute cumulative = 22.366048097610474
Input Size : 40860800
Ouput Size : 40860800
Layer Number : 3
Time Taken transfer = 141.409240722656250
Thresh = 54.083969116210938
Cumulative Thresh = 6.322495460510254

Layer Number : 4
Time Taken compute = 10.648991584777832
Time Taken compute cumulative = 33.015039682388306
Input Size : 40860800
Ouput Size : 40860800
Layer Number : 4
Time Taken transfer = 217.392929077148438
Thresh = 20.414415359497070
Cumulative Thresh = 6.584663391113281

Layer Number : 5
Time Taken compute = 7.565375804901123
Time Taken compute cumulative = 40.580415487289429
Input Size : 40860800
Ouput Size : 40860800
Layer Number : 5
Time Taken transfer = 194.612640380859375
Thresh = 25.724121093750000
Cumulative Thresh = 4.795728206634521

Layer Number : 6
Time Taken compute = 0.894079983234406
Time Taken compute cumulative = 41.474495470523834
Input Size : 40860800
Ouput Size : 10035200
Layer Number : 6
Time Taken transfer = 39.980640411376953
Thresh = 44.717075347900391
Cumulative Thresh = 0.963981330394745
CHECKPOINT AT LAYER 6

Layer Number : 7
Time Taken compute = 4.820064067840576
Time Taken compute cumulative = 4.820064067840576
Input Size : 10035200
Ouput Size : 20070400
Layer Number : 7
Time Taken transfer = 129.204284667968750
Thresh = 26.805511474609375
Cumulative Thresh = 26.805511474609375

Layer Number : 8
Time Taken compute = 0.794719994068146
Time Taken compute cumulative = 5.614784061908722
Input Size : 20070400
Ouput Size : 20070400
Layer Number : 8
Time Taken transfer = 116.435966491699219
Thresh = 146.511932373046875
Cumulative Thresh = 20.737390518188477

Layer Number : 9
Time Taken compute = 18.155551910400391
Time Taken compute cumulative = 23.770335972309113
Input Size : 20070400
Ouput Size : 20070400
Layer Number : 9
Time Taken transfer = 94.000640869140625
Thresh = 5.177515029907227
Cumulative Thresh = 3.954535722732544

Layer Number : 10
Time Taken compute = 2.990432024002075
Time Taken compute cumulative = 26.760767996311188
Input Size : 20070400
Ouput Size : 20070400
Layer Number : 10
Time Taken transfer = 80.303619384765625
Thresh = 26.853517532348633
Cumulative Thresh = 3.000796556472778

Layer Number : 11
Time Taken compute = 2.585952043533325
Time Taken compute cumulative = 29.346720039844513
Input Size : 20070400
Ouput Size : 5017600
Layer Number : 11
Time Taken transfer = 21.724256515502930
Thresh = 8.400874137878418
Cumulative Thresh = 0.740261852741241
CHECKPOINT AT LAYER 11

Layer Number : 12
Time Taken compute = 4.093696117401123
Time Taken compute cumulative = 4.093696117401123
Input Size : 5017600
Ouput Size : 10035200
Layer Number : 12
Time Taken transfer = 69.308448791503906
Thresh = 16.930530548095703
Cumulative Thresh = 16.930530548095703

Layer Number : 13
Time Taken compute = 2.888159990310669
Time Taken compute cumulative = 6.981856107711792
Input Size : 10035200
Ouput Size : 10035200
Layer Number : 13
Time Taken transfer = 67.208610534667969
Thresh = 23.270389556884766
Cumulative Thresh = 9.626180648803711

Layer Number : 14
Time Taken compute = 3.911456108093262
Time Taken compute cumulative = 10.893312215805054
Input Size : 10035200
Ouput Size : 10035200
Layer Number : 14
Time Taken transfer = 59.506080627441406
Thresh = 15.213280677795410
Cumulative Thresh = 5.462625026702881

Layer Number : 15
Time Taken compute = 9.630816459655762
Time Taken compute cumulative = 20.524128675460815
Input Size : 10035200
Ouput Size : 10035200
Layer Number : 15
Time Taken transfer = 78.905151367187500
Thresh = 8.192986488342285
Cumulative Thresh = 3.844506740570068

Layer Number : 16
Time Taken compute = 14.218815803527832
Time Taken compute cumulative = 34.742944478988647
Input Size : 10035200
Ouput Size : 10035200
Layer Number : 16
Time Taken transfer = 38.270336151123047
Thresh = 2.691527605056763
Cumulative Thresh = 1.101528286933899

Layer Number : 17
Time Taken compute = 0.940959990024567
Time Taken compute cumulative = 35.683904469013214
Input Size : 10035200
Ouput Size : 10035200
Layer Number : 17
Time Taken transfer = 78.016960144042969
Thresh = 82.912094116210938
Cumulative Thresh = 2.186334848403931

Layer Number : 18
Time Taken compute = 0.470687985420227
Time Taken compute cumulative = 36.154592454433441
Input Size : 10035200
Ouput Size : 2508800
Layer Number : 18
Time Taken transfer = 14.438272476196289
Thresh = 30.674827575683594
Cumulative Thresh = 0.399348229169846
CHECKPOINT AT LAYER 18

Layer Number : 19
Time Taken compute = 2.364160060882568
Time Taken compute cumulative = 2.364160060882568
Input Size : 2508800
Ouput Size : 5017600
Layer Number : 19
Time Taken transfer = 20.818815231323242
Thresh = 8.806009292602539
Cumulative Thresh = 8.806009292602539

Layer Number : 20
Time Taken compute = 0.605759978294373
Time Taken compute cumulative = 2.969920039176941
Input Size : 5017600
Ouput Size : 5017600
Layer Number : 20
Time Taken transfer = 4.614816188812256
Thresh = 7.618225574493408
Cumulative Thresh = 1.553851962089539

Layer Number : 21
Time Taken compute = 3.863296031951904
Time Taken compute cumulative = 6.833216071128845
Input Size : 5017600
Ouput Size : 5017600
Layer Number : 21
Time Taken transfer = 4.628159999847412
Thresh = 1.197982192039490
Cumulative Thresh = 0.677303314208984
CHECKPOINT AT LAYER 21

Layer Number : 22
Time Taken compute = 0.415551990270615
Time Taken compute cumulative = 0.415551990270615
Input Size : 5017600
Ouput Size : 5017600
Layer Number : 22
Time Taken transfer = 4.897727966308594
Thresh = 11.786077499389648
Cumulative Thresh = 11.786077499389648

Layer Number : 23
Time Taken compute = 3.881376028060913
Time Taken compute cumulative = 4.296928018331528
Input Size : 5017600
Ouput Size : 5017600
Layer Number : 23
Time Taken transfer = 4.625631809234619
Thresh = 1.191750526428223
Cumulative Thresh = 1.076497435569763

Layer Number : 24
Time Taken compute = 0.561024010181427
Time Taken compute cumulative = 4.857952028512955
Input Size : 5017600
Ouput Size : 5017600
Layer Number : 24
Time Taken transfer = 4.643487930297852
Thresh = 8.276807785034180
Cumulative Thresh = 0.955852985382080
CHECKPOINT AT LAYER 24

Layer Number : 25
Time Taken compute = 0.432159990072250
Time Taken compute cumulative = 0.432159990072250
Input Size : 5017600
Ouput Size : 1254400
Layer Number : 25
Time Taken transfer = 1.415904045104980
Thresh = 3.276342391967773
Cumulative Thresh = 3.276342391967773

Layer Number : 26
Time Taken compute = 2.451679944992065
Time Taken compute cumulative = 2.883839935064316
Input Size : 1254400
Ouput Size : 1254400
Layer Number : 26
Time Taken transfer = 1.343551993370056
Thresh = 0.548012793064117
Cumulative Thresh = 0.465889930725098
CHECKPOINT AT LAYER 26

Layer Number : 27
Time Taken compute = 0.583072006702423
Time Taken compute cumulative = 0.583072006702423
Input Size : 1254400
Ouput Size : 1254400
Layer Number : 27
Time Taken transfer = 1.238944053649902
Thresh = 2.124855995178223
Cumulative Thresh = 2.124855995178223

Layer Number : 28
Time Taken compute = 3.657216072082520
Time Taken compute cumulative = 4.240288078784943
Input Size : 1254400
Ouput Size : 1254400
Layer Number : 28
Time Taken transfer = 1.370560050010681
Thresh = 0.374755024909973
Cumulative Thresh = 0.323223322629929
CHECKPOINT AT LAYER 28

Layer Number : 29
Time Takencompute = 0.579648017883301
Time Taken compute cumulative = 0.579648017883301
Input Size : 1254400
Ouput Size : 1254400
Layer Number : 29
Time Taken transfer = 2.105439901351929
Thresh = 3.632273197174072
Cumulative Thresh = 3.632273197174072

Layer Number : 30
Time Taken compute = 2.559135913848877
Time Taken compute cumulative = 3.138783931732178
Input Size : 1254400
Ouput Size : 1254400
Layer Number : 30
Time Taken transfer = 1.350847959518433
Thresh = 0.527853131294250
Cumulative Thresh = 0.430373042821884
CHECKPOINT AT LAYER 30

Layer Number : 31
Time Taken compute = 2.069727897644043
Time Taken compute cumulative = 2.069727897644043
Input Size : 1254400
Ouput Size : 1254400
Layer Number : 31
Time Taken transfer = 1.330144047737122
Thresh = 0.642666161060333
Cumulative Thresh = 0.642666161060333
CHECKPOINT AT LAYER 31

Layer Number : 32
Time Taken compute = 0.071488000452518
Time Taken compute cumulative = 0.071488000452518
Input Size : 1254400
Ouput Size : 230400
Layer Number : 32
Time Taken transfer = 0.393023997545242
Thresh = 5.497761726379395
Cumulative Thresh = 5.497761726379395

Layer Number : 33
Time Taken compute = 2.483360052108765
Time Taken compute cumulative = 2.554848052561283
Input Size : 230400
Ouput Size : 204800
Layer Number : 33
Time Taken transfer = 0.400543987751007
Thresh = 0.161291152238846
Cumulative Thresh = 0.156778007745743
CHECKPOINT AT LAYER 33

Layer Number : 34
Time Taken compute = 1.732223987579346
Time Taken compute cumulative = 1.732223987579346
Input Size : 204800
Ouput Size : 204800
Layer Number : 34
Time Taken transfer = 0.519584000110626
Thresh = 0.299951970577240
Cumulative Thresh = 0.299951970577240
CHECKPOINT AT LAYER 34

Layer Number : 35
Time Taken compute = 1.923328042030334
Time Taken compute cumulative = 1.923328042030334
Input Size : 204800
Ouput Size : 204800
Layer Number : 35
Time Taken transfer = 0.486176013946533
Thresh = 0.252778530120850
Cumulative Thresh = 0.252778530120850
CHECKPOINT AT LAYER 35

Layer Number : 36
Time Taken compute = 0.581856012344360
Time Taken compute cumulative = 0.581856012344360
Input Size : 204800
Ouput Size : 204800
Layer Number : 36
Time Taken transfer = 0.545152008533478
Thresh = 0.936919093132019
Cumulative Thresh = 0.936919093132019
CHECKPOINT AT LAYER 36

Layer Number : 37
Time Taken compute = 0.363936007022858
Time Taken compute cumulative = 0.363936007022858
Input Size : 204800
Ouput Size : 500
Layer Number : 37
Time Taken transfer = 0.025855999439955
Thresh = 0.071045458316803
Cumulative Thresh = 0.071045458316803
CHECKPOINT AT LAYER 37

Layer Number : 38
Time Taken compute = 0.229407995939255
Time Taken compute cumulative = 0.229407995939255
Input Size : 500
Ouput Size : 500
Layer Number : 38
Time Taken transfer = 0.025248000398278
Thresh = 0.110057197511196
Cumulative Thresh = 0.110057197511196
CHECKPOINT AT LAYER 38 
