 14:35:17      0    29    37     -     3     0     0     0   715   405
 14:35:18      0    29    37     -     1     0     0     0   715   405
 14:35:19      0    29    37     -     3     0     0     0   715   405
 14:35:20      0    29    37     -     4     0     0     0   715   556
 14:35:20      0    35    37     -     3     0     0     0   715  1189
 14:35:20      0    35    37     -     4     0     0     0   715  1189
 14:35:21      0    36    37     -    33     1     0     0   715  1189
 14:35:21      0   122    39     -    69    19     0     0   715  1303
 14:35:21      0   128    40     -    99    34     0     0   715  1328
 14:35:21      0   138    40     -    99    34     0     0   715  1328
 14:35:22      0   127    41     -    99    34     0     0   715  1328
 14:35:22      0   138    41     -    99    34     0     0   715  1328
 14:35:22      0   128    42     -    99    34     0     0   715  1328
 14:35:23      0   138    42     -    99    34     0     0   715  1328
 14:35:23      0   135    42     -    99    34     0     0   715  1328
 14:35:23      0   138    42     -    99    34     0     0   715  1328
 14:35:23      0   133    42     -    99    35     0     0   715  1328
 14:35:24      0   139    42     -    99    34     0     0   715  1328
 14:35:24      0   133    42     -    99    34     0     0   715  1328
 14:35:24      0   135    43     -    99    34     0     0   715  1328
 14:35:25      0   141    43     -    99    35     0     0   715  1328
 14:35:25      0   137    43     -    99    34     0     0   715  1328
 14:35:25      0   135    43     -    99    34     0     0   715  1328
 14:35:25      0   136    43     -    99    34     0     0   715  1328
 14:35:26      0   141    43     -    99    34     0     0   715  1328
 14:35:26      0   136    43     -    99    34     0     0   715  1328
 14:35:26      0   143    43     -    99    34     0     0   715  1328
 14:35:26      0   137    44     -    99    34     0     0   715  1328
 14:35:27      0   142    44     -    99    34     0     0   715  1328
 14:35:27      0   138    44     -    99    34     0     0   715  1328
 14:35:27      0   140    44     -    99    34     0     0   715  1328
 14:35:28      0   140    44     -    99    34     0     0   715  1328
 14:35:28      0   136    44     -    99    34     0     0   715  1328
 14:35:28      0   141    44     -    99    34     0     0   715  1328
 14:35:28      0   138    44     -    99    34     0     0   715  1328
 14:35:29      0   140    44     -    99    34     0     0   715  1328
 14:35:29      0   132    44     -    99    34     0     0   715  1328
 14:35:29      0   141    44     -    99    35     0     0   715  1328
 14:35:29      0   129    45     -    99    34     0     0   715  1328
 14:35:30      0   141    45     -    99    35     0     0   715  1328
 14:35:30      0   134    44     -    99    34     0     0   715  1328
 14:35:30      0   137    45     -    96    33     0     0   715  1328
 14:35:31      0   135    45     -    99    34     0     0   715  1328
 14:35:31      0   137    45     -    99    34     0     0   715  1328
 14:35:31      0   136    45     -    99    34     0     0   715  1328
 14:35:32      0   141    45     -    99    34     0     0   715  1328
 14:35:32      0   136    45     -    99    34     0     0   715  1328
 14:35:32      0   142    45     -    99    34     0     0   715  1328
 14:35:32      0   138    45     -    99    34     0     0   715  1328
 14:35:33      0   144    45     -    99    34     0     0   715  1328
 14:35:33      0   137    45     -    99    34     0     0   715  1328
 14:35:33      0   144    46     -    99    34     0     0   715  1328
 14:35:33      0   139    46     -    99    34     0     0   715  1328
 14:35:34      0   139    46     -    99    34     0     0   715  1328
 14:35:34      0   140    46     -    99    34     0     0   715  1328
 14:35:34      0   139    46     -    99    34     0     0   715  1328
 14:35:35      0   141    46     -    99    35     0     0   715  1328
 14:35:35      0   136    46     -    99   34     0     0   715  1328
 14:35:35      0   139    46     -    99    34     0     0   715  1328
 14:35:35      0   144    46     -    99    34     0     0   715  1328
 14:35:36      0   139    46     -    99    34     0     0   715  1328
 14:35:36      0   140    46     -    99    34     0     0   715  1328
 14:35:36      0   141    46     -    99    34     0     0   715  1328
 14:35:36      0   137    47     -    99    34     0     0   715  1328
 14:35:37      0   139    47     -    99    34     0     0   715  1328
 14:35:37      0   136    47     -    99    35     0     0   715  1328
 14:35:37      0   142    47     -    99    34     0     0   715  1328
 14:35:38      0   134    47     -    99    35     0     0   715  1328
 14:35:38      0   140    47     -    99    34     0     0   715  1328
 14:35:38      0   137    47     -    99    34     0     0   715  1328
 14:35:38      0   141    47     -    99    34     0     0   715  1328
 14:35:39      0   140    47     -    99    34     0     0   715  1328
 14:35:39      0   144    47     -    99    34     0     0   715  1328
 14:35:39      0   137    47     -    99    34     0     0   715  1328
 14:35:40      0   143    47     -    99    34     0     0   715  1328
 14:35:40      0   123    48     -    99    34     0     0   715  1328
 14:35:40      0   143    48     -    99    34     0     0   715  1328
 14:35:40      0   133    48     -    99    35     0     0   715  1328
 14:35:41      0   139    48     -    99    34     0     0   715  1328
 14:35:41      0   135    48     -    99    34     0     0   715  1328
 14:35:41      0   143    48     -    99    34     0     0   715  1328
 14:35:41      0   134    48     -    99    34     0     0   715  1328
 14:35:42      0   140    48     -    99    34     0     0   715  1328
 14:35:42      0   135    48     -    99    34     0     0   715  1328
 14:35:42      0   143    48     -    99    34     0     0   715  1328
 14:35:43      0   140    48     -    99    34     0     0   715  1328
 14:35:43      0   143    48     -    99    35     0     0   715  1328
 14:35:43      0   136    48     -    99    35     0     0   715  1328
 14:35:43      0   144    48     -    99    34     0     0   715  1328
 14:35:44      0   136    48     -    99    34     0     0   715  1328
 14:35:44      0   145    49     -    99    34     0     0   715  1328
 14:35:44      0   139    49     -    99    34     0     0   715  1328
 14:35:44      0   145    49     -    99    34     0     0   715  1328
 14:35:45      0   141    49     -    99    34     0     0   715  1328
 14:35:45      0   143    49     -    99    34     0     0   715  1328 
