14:07:46      0    30    37     -     0     0     0     0   715   405
 14:07:47      0    30    37     -     0     0     0     0   715   405
 14:07:48      0    29    37     -     0     0     0     0   715   405
 14:07:48      0    28    37     -     5     0     0     0   715   417
 14:07:48      0    35    37     -     3     0     0     0   715  1189
 14:07:49      0    35    37     -     7     0     0     0   715  1189
 14:07:49      0    41    37     -    46     3     0     0   715  1328
 14:07:49      0    63    38     -    42     4     0     0   715  1328
 14:07:49      0    60    38     -    73    17     0     0   715  1328
 14:07:50      0    61    38     -    78    14     0     0   715  1328
 14:07:50      0    83    38     -    69    16     0     0   715  1328
 14:07:50      0    97    39     -    80    15     0     0   715  1328
 14:07:51      0    87    39     -    76    16     0     0   715  1328
 14:07:51      0    96    39     -    78    16     0     0   715  1328
 14:07:51      0    61    39     -    77    17     0     0   715  1328
 14:07:51      0    61    39     -    79    15     0     0   715  1328
 14:07:52      0    62    39     -    73    17     0     0   715  1328
 14:07:52      0    82    39     -    77    14     0     0   715  1328
 14:07:52      0    80    39     -    68    15     0     0   715  1328
 14:07:52      0    84    39     -    79    15     0     0   715  1328
 14:07:53      0   100    40     -    74    17     0     0   715  1328
 14:07:53      0    65    40     -    79    16     0     0   715  1328
 14:07:53      0    66    40     -    71    17     0     0   715  1328
 14:07:54      0    63    39     -    79    14     0     0   715  1328
 14:07:54      0    66    39     -    67    14     0     0   715  1328
 14:07:54      0    92    40     -    79    15     0     0   715  1328
 14:07:54      0    94    40     -    72    17     0     0   715  1328
 14:07:55      0    91    40     -    78    16     0     0   715  1328
 14:07:55      0    87    40     -    67    14     0     0   715  1328
 14:07:55      0    69    40     -    69    13     0     0   715  1328
 14:07:55      0    67    40     -    68    15     0     0   715  1328
 14:07:56      0    60    40     -    71    16     0     0   715  1328
 14:07:56      0    62    40     -    79    15     0     0   715  1328
 14:07:56      0    61    40     -    68    14     0     0   715  1328
 14:07:57      0    75    40     -    78    16     0     0   715  1328
 14:07:57      0    93    40     -    70    16     0     0   715  1328
 14:07:57      0    98    40     -    74    15     0     0   715  1328
 14:07:57      0    74    40     -    71    14     0     0   715  1328
 14:07:58      0   105    40     -    71    17     0     0   715  1328
 14:07:58      0    58    40     -    77    14     0     0   715  1328
 14:07:58      0    68    40     -    77    16     0     0   715  1328
 14:07:59      0    64    40     -    77    15     0     0   715  1328
 14:07:59      0    73    40     -    76    17     0     0   715  1328
 14:07:59      0    88    40     -    74    14     0     0   715  1328
 14:07:59      0    97    40     -    71    17     0     0   715  1328
 14:08:00      0   106    40     -    77    14     0     0   715  1328
 14:08:00      0    68    40     -    74    15     0     0   715  1328
 14:08:00      0    56    40     -    75    15     0     0   715  1328
 14:08:00      0    64    40     -    70    16     0     0   715  1328
 14:08:01      0    61    40     -    76    15     0     0   715  1328
 14:08:01      0    64    40     -    60    12     0     0   715  1328
 14:08:01      0    58    40     -    61    13     0     0   715  1328
 14:08:02      0    58    40     -    67    15     0     0   715  1328
 14:08:02      0    62    40     -    74    15     0     0   715  1328
 14:08:02      0    59    40     -    73    14     0     0   715  1328
 14:08:02      0    69    41     -    76    16     0     0   715  1328
 14:08:03      0    84    41     -    71    14     0     0   715  1328
 14:08:03      0    92    41     -    73   17     0     0   715  1328
 14:08:03      0    84    41     -    75    14     0     0   715  1328
 14:08:04      0    96    41     -    77    16     0     0   715  1328
 14:08:04      0    59    41     -    77    14     0     0   715  1328
 14:08:04      0    65    41     -    76    16     0     0   715  1328
 14:08:04      0    65    41     -    77    15     0     0   715  1328
 14:08:05      0    65    41     -    73    17     0     0   715  1328
 14:08:05      0    81    41     -    77    14     0     0   715  1328
 14:08:05      0    89    41     -    68    15     0     0   715  1328
 14:08:05      0    96    41     -    79    16     0     0   715  1328
 14:08:06      0   107    41     -    75    17     0     0   715  1328
 14:08:06      0    91    41     -    71    15     0     0   715  1328
 14:08:06      0    88    41     -    67    13     0     0   715  1328
 14:08:07      0    66    41     -    74    17     0     0   715  1328
 14:08:07      0    60    41     -    79    16     0     0   715  1328
 14:08:07      0    65    41     -    72    17     0     0   715  1328
 14:08:07      0    93    41     -    79    14     0     0   715  1328
 14:08:08      0    93    41     -    68    15     0     0   715  1328
 14:08:08      0    99    41     -    79    16     0     0   715  1328
 14:08:08      0    65    41     -    78    17     0     0   715  1328
 14:08:09      0    67    41     -    77    15     0     0   715  1328
 14:08:09      0    65    41     -    73    17     0     0   715  1328
 14:08:09      0    65    41     -    77    14     0     0   715  1328
 14:08:09      0    82    41     -    68    15     0     0   715  1328
 14:08:10      0    91    41     -    78    15     0     0   715  1328
 14:08:10      0    87    41     -    72    17     0     0   715  1328
 14:08:10      0    97    41     -    77    16     0     0   715  1328
 14:08:10      0    73    41     -    69    15     0     0   715  1328
 14:08:11      0    62    41     -    78    16     0     0   715  1328
 14:08:11      0    62    41     -    69    14     0     0   715  1328
 14:08:11      0    61    41     -    78    16     0     0   715  1328
 14:08:12      0    74    41     -    72    14     0     0   715  1328
 14:08:12      0    97    41     -    76    16     0     0   715  1328
 14:08:12      0    92    42     -    72    14     0     0   715  1328
 14:08:12      0    80    42     -    73    17     0     0   715  1328
 14:08:13      0    95    41     -    76    14     0     0   715  1328
 14:08:13      0    57    42     -    77    16     0     0   715  1328
 14:08:13      0    64    42     -    77    15     0     0   715  1328
 14:08:13      0    68    42     -    75    17     0     0   715  1328
 14:08:14      0    67    42     -    75    14     0     0   715  1328
 14:08:14      0    82    41     -    68    16     0     0   715  1328
 14:08:14      0    95    41     -    78    16     0     0   715  1328
 14:08:15      0    90    42     -    73    17     0     0   715  1328
 14:08:15      0    90    42     -    77    16     0     0   715  1328
 14:08:15      0    74    42     -    72    17     0     0   715  1328
 14:08:15      0    64    42     -    76    15     0     0   715  1328
 14:08:16      0    60    42     -    71    15     0     0   715  1328
 14:08:16      0    69    42     -    79    16     0     0   715  1328
 14:08:16      0    86    42     -    70    14     0     0   715  1328
 14:08:17      0    98    42     -    79    16     0     0   715  1328
 14:08:17      0   108    42     -    72    17     0     0   715  1328
 14:08:17      0   101    42     -    69    15     0     0   715  1328
 14:08:17      0   103    42     -    68    13     0     0   715  1328
 14:08:18      0    61    42     -    71    17     0     0   715  1328
 14:08:18      0    64    42     -    78    14     0     0   715  1328
 14:08:18      0    63    42     -    68    14     0     0   715  1328
 14:08:18      0    66    42     -    79    16     0     0   715  1328
 14:08:19      0    81    42     -    72    14     0     0   715  1328
 14:08:19      0    87    42     -    77    16     0     0   715  1328
 14:08:19      0    83    42     -    69    14     0     0   715  1328
 14:08:20      0    85    42     -    72    16     0     0   715  1328
 14:08:20      0   106    42     -    76    14     0     0   715  1328
 14:08:20      0    63    42     -    76    16     0     0   715  1328
 14:08:20      0    66    42     -    77    15     0     0   715  1328
 14:08:21      0    64    42     -    74    17     0     0   715  1328
 14:08:21      0    59    42     -    75    14     0     0   715  1328
 14:08:21      0    80    42     -    68    15     0     0   715  1328
 14:08:21      0    90    42     -    78    16     0     0   715  1328
 14:08:22      0    96    42     -    73    17     0     0   715  1328
 14:08:22      0    77    42     -    77    16     0     0   715  1328
 14:08:22      0    88    42     -    71    16     0     0   715  1328
 14:08:23      0    69    42     -    77    16     0     0   715  1328
 14:08:23      0    66    42     -    70    14     0     0   715  1328
 14:08:23      0    63    42     -    79    15     0     0   715  1328
 14:08:23      0    61    42     -    71    14     0     0   715  1328
 14:08:24      0    85    42     -    77    16     0     0   715  1328
 14:08:24      0    97    42     -    71    15     0     0   715  1328
 14:08:24      0    97    42     -    75    16     0     0   715  1328
 14:08:25      0    67    42     -    72    14     0     0   715  1328
 14:08:25      0    64    42     -    80    16     0     0   715  1328
 14:08:25      0    69    42     -    73    14     0     0   715  1328
 14:08:25      0    68    42     -    78    16     0     0   715  1328
 14:08:26      0    94    42     -    70    15     0     0   715  1328
 14:08:26      0    92    42     -    76    16     0     0   715  1328
 14:08:26      0    93    42     -    71    14     0     0   715  1328
 14:08:26      0    74    43     -    75    17     0     0   715  1328
 14:08:27      0    62    43     -    74    14     0     0   715  1328
 14:08:27      0    60    43     -    77    16     0     0   715  1328
 14:08:27      0    60    42     -    75    14     0     0   715  1328
 14:08:28      0    83    42     -    76    17     0     0   715  1328
 14:08:28      0    79    42     -    74    14     0     0   715  1328
 14:08:28      0    73    42     -    60    12     0     0   715  1328
 14:08:28      0    62    42     -    63    14     0     0   715  1328
 14:08:29      0    76    42     -    78    16     0     0   715  1328
 14:08:29      0    96    42     -    69    16     0     0   715  1328
 14:08:29      0    89    42     -    75    15     0     0   715  1328
 14:08:29      0    84    42     -    70    14     0     0   715  1328
 14:08:30      0    85    43     -    77    16     0     0   715  1328
 14:08:30      0    62    43     -    74    14     0     0   715  1328
 14:08:30      0    64    43     -    76    16     0     0   715  1328
 14:08:31      0    66    42     -    71    14     0     0   715  1328
 14:08:31      0    61    42     -    70    16     0     0   715  1328
 14:08:31      0    75    42     -    77    15     0     0   715  1328
 14:08:31      0    94    43     -    69    13     0     0   715  1328
 14:08:32      0    89    42     -    77    16     0     0   715  1328
 14:08:32      0    97    43     -    68    15     0     0   715  1328
 14:08:32      0    88    43     -    73    15     0     0   715  1328
 14:08:33      0    86    43     -    63    12     0     0   715  1328
 14:08:33      0    81    43     -    62    13     0     0   715  1328
 14:08:33      0   100    43     -    69    15     0     0   715  1328
 14:08:33      0    83    43     -    62    12     0     0   715  1328
 14:08:34      0    62    43     -    74    14     0     0   715  1328
 14:08:34      0    71    43     -    78    16     0     0   715  1328
 14:08:34      0    61    42     -    77    14     0     0   715  1328
 14:08:35      0    97    43     -    77    17     0     0   715  1328
 14:08:35      0    99    43     -    72    14     0     0   715  1328
 14:08:35      0    84    43     -    72    17     0     0   715  1328
 14:08:35      0    86    43     -    78    14     0     0   715  1328
 14:08:36      0    63    43     -    76    16     0     0   715  1328
 14:08:36      0    70    43     -    77    15     0     0   715  1328
 14:08:36      0    64    43     -    73    17     0     0   715  1328
 14:08:36      0    59    43     -    77    14     0     0   715  1328
 14:08:37      0    61    43     -    64    13     0     0   715  1328
 14:08:37      0    73    42     -    77    16     0     0   715  1328
 14:08:37      0    87    43     -    68    14     0     0   715  1328
 14:08:38      0    97    43     -    73    17     0     0   715  1328
 14:08:38      0    80    43     -    74    14     0     0   715  1328
 14:08:38      0    87    43     -    75    16     0     0   715  1328
 14:08:38      0   100    43     -    77    15     0     0   715  1328
 14:08:39      0    63    43     -    71    17     0     0   715  1328
 14:08:39      0    65    43     -    71    13     0     0   715  1328
 14:08:39      0    59    43     -    67    13     0     0   715  1328
 14:08:40      0    58    43     -    70    16     0     0   715  1328
 14:08:40      0    61    43     -    73    14     0     0   715  1328
 14:08:40      0    66    43     -    68    13     0     0   715  1328
 14:08:40      0    72    43     -    78    16     0     0   715  1328
 14:08:41      0    87    43     -    70    16     0     0   715  1328
 14:08:41      0    88    43     -    74    15     0     0   715  1328
 14:08:41      0    94    43     -    71    14     0     0   715  1328
 14:08:41      0    88    43     -    75    17     0     0   715  1328
 14:08:42      0    58    43     -    74    14     0     0   715  1328
 14:08:42      0    66    43     -    78    16     0     0   715  1328
 14:08:42      0    60    43     -    75    14     0     0   715  1328
 14:08:43      0    63    43     -    75    16     0     0   715  1328
 14:08:43      0    73    43     -    73    14     0     0   715  1328
 14:08:43      0    91    43     -    68    15     0     0   715  1328
 14:08:43      0    91    43     -    78    16     0     0   715  1328
 14:08:44      0    83    43     -    73    17     0     0   715  1328
 14:08:44      0   108    43     -    74    15     0     0   715  1328
 14:08:44      0    75    43     -    67    14     0     0   715  1328
 14:08:45      0    57    43     -    77    15     0     0   715  1328
 14:08:45      0    65    43     -    73    14     0     0   715  1328
 14:08:45      0    62    43     -    76    16     0     0   715  1328
 14:08:45      0    61    43     -    71    14     0     0   715  1328
 14:08:46      0    82    43     -    71    17     0     0   715  1328
 14:08:46      0    94    43     -    78    14     0     0   715  1328
 14:08:46      0    89    43     -    68    15     0     0   715  1328
 14:08:46      0   103    43     -    78    15     0     0   715  1328
 14:08:47      0    72    43     -    74    17     0     0   715  1328
 14:08:47      0    63    43     -    76    16     0     0   715  1328
 14:08:47      0    62    43     -    70    16     0     0   715  1328
 14:08:48      0    56    43     -    79    15     0     0   715  1328
 14:08:48      0    71    43     -    67    13     0     0   715  1328
 14:08:48      0    91    43     -    79    16     0     0   715  1328
 14:08:48      0    95    43     -    71    16     0     0   715  1328
 14:08:49      0    78    43     -    74    15     0     0   715  1328
 14:08:49      0   103    43     -    71    14     0     0   715  1328
 14:08:49      0    61    43     -    79    16     0     0   715  1328
 14:08:49      0    66    43     -    74    14     0     0   715  1328
 14:08:50      0    62    43     -    76    16     0     0   715  1328
 14:08:50      0    56    43     -    68    14     0     0   715  1328
 14:08:50      0    58    43     -    61    12     0     0   715  1328
 14:08:51      0    84    43     -    76    17     0     0   715  1328
 14:08:51      0    92    43     -    73    14     0     0   715  1328
 14:08:51      0   102    43     -    72    17     0     0   715  1328
 14:08:51      0   101    44     -    77    14     0     0   715  1328
 14:08:52      0    58    43     -    77    16     0     0   715  1328
 14:08:52      0    69    43     -    77    14     0     0   715  1328
 14:08:52      0    63    43     -    76    16     0     0   715  1328
 14:08:53      0    70    43     -    72    14     0     0   715  1328
 14:08:53      0    88    43     -    70    17     0     0   715  1328
 14:08:53      0    97    43     -    78    14     0     0   715  1328
 14:08:53      0    80    44     -    76    16     0     0   715  1328
 14:08:54      0    93    44     -    76    15     0     0   715  1328
 14:08:54      0    58    44     -    74    17     0     0   715  1328
 14:08:54      0    66    44     -    77    16     0     0   715  1328
 14:08:54      0    68    44     -    70    16     0     0   715  1328
 14:08:55      0    69    44     -    78    16     0     0   715  1328
 14:08:55      0    79    44     -    70    14     0     0   715  1328
 14:08:55      0    94    44     -    78    16     0     0   715  1328
 14:08:56      0   100    44     -    70    16     0     0   715  1328
 14:08:56      0   110    44     -    75    15     0     0   715  1328
 14:08:56      0    66    44     -    70    14     0     0   715  1328
 14:08:56      0    69    44     -    79    16     0     0   715  1328
 14:08:57      0    64    44     -    72    14     0     0   715  1328
 14:08:57      0    61    44     -    76    16     0     0   715  1328
 14:08:57      0    75    44     -    70    14     0     0   715  1328
 14:08:57      0    97    44     -    74    17     0     0   715  1328
 14:08:58      0    98    44     -    76    14     0     0   715  1328
 14:08:58      0    84    44     -    69    16     0     0   715  1328
 14:08:58      0    93    44     -    79    16     0     0   715  1328
 14:08:59      0    65    44     -    76    17     0     0   715  1328
 14:08:59      0    62    44     -    78    15     0     0   715  1328
 14:08:59      0    61    44     -    74    17     0     0   715  1328
 14:08:59      0    85    44     -    77    14     0     0   715  1328
 14:09:00      0    99    44     -    69    16     0     0   715  1328
 14:09:00      0   102    44     -    78    15     0     0   715  1328
 14:09:00      0    99    44     -    77    17     0     0   715  1328
 14:09:00      0    68    44     -    79    16     0     0   715  1328
 14:09:01      0    70    44     -    74    17     0     0   715  1328
 14:09:01      0    63    44     -    71    15     0     0   715  1328
 14:09:01      0    65    44     -    67    13     0     0   715  1328
 14:09:02      0    64    44     -    72    17     0     0   715  1328
 14:09:02      0    62    44     -    78    14     0     0   715  1328
 14:09:02      0    80    44     -    67    15     0     0   715  1328 
