14:21:04      0    29    37     -     0     0     0     0   715   405
 14:21:05      0    30    37     -     0     0     0     0   715   405
 14:21:06      0    29    37     -     0     0     0     0   715   405
 14:21:06      0    28    37     -     5     0     0     0   715   442
 14:21:06      0    35    37     -     3     0     0     0   715  1189
 14:21:07      0    35    37     -     8     0     0     0   715  1189
 14:21:07      0    36    38     -    29     1     0     0   715  1189
 14:21:07      0    35    37     -    13     0     0     0   715  1189
 14:21:08      0    35    37     -    16     1     0     0   715  1189
 14:21:08      0    35    37     -    17     1     0     0   715  1189
 14:21:08      0    36    38     -    17     1     0     0   715  1189
 14:21:08      0    37    38     -    23     2     0     0   715  1189
 14:21:09      0    39    38     -    21     3     0     0   715  1189
 14:21:09      0    77    38     -    96    13     0     0   715  1328
 14:21:09      0    54    39     -    96    29     0     0   715  1328
 14:21:10      0   118    39     -    96    16     0     0   715  1328
 14:21:10      0    94    39     -    96    23     0     0   715  1328
 14:21:10      0    67    40     -    83    28     0     0   715  1328
 14:21:10      0    68    40     -    95    17     0     0   715  1328
 14:21:11      0   127    40     -    87    27     0     0   715  1328
 14:21:11      0    83    40     -    75    16     0     0   715  1328
 14:21:11      0    46    40     -    90    26     0     0   715  1328
 14:21:11      0   144    40     -    72    15     0     0   715  1328
 14:21:12      0    62    40     -    93    29     0     0   715  1328
 14:21:12      0    50    40     -    72    18     0     0   715  1328
 14:21:12      0    65    40     -    98    15     0     0   715  1328
 14:21:13      0   106    41     -    69    19     0     0   715  1328
 14:21:13      0   107    40     -    92    16     0     0   715  1328
 14:21:13      0    51    40     -    96    21     0     0   715  1328
 14:21:13      0   139    41     -    86    18     0     0   715  1328
 14:21:14      0    85    40     -    96    17     0     0   715  1328
 14:21:14      0    97    41     -    90    27     0     0   715  1328
 14:21:14      0    65    40     -    96    21     0     0   715  1328
 14:21:14      0    64    41     -    91    27     0     0   715  1328
 14:21:15      0   108    41     -    73    16     0     0   715  1328
 14:21:15      0    79    40     -    93    29     0     0   715  1328
 14:21:15      0   138    41     -    72    18     0     0   715  1328
 14:21:16      0    87    41     -    98    15     0     0   715  1328
 14:21:16      0   126    41     -    72    21     0     0   715  1328
 14:21:16      0    69    41     -    88    15     0     0   715  1328
 14:21:16      0    50    41     -    79    27     0     0   715  1328
 14:21:17      0    92    41     -    84    18     0     0   715  1328
 14:21:17      0    82    41     -    96    17     0     0   715  1328
 14:21:17      0    81    42     -    77    17     0     0   715  1328
 14:21:18      0    86    41     -    97    20     0     0   715  1328
 14:21:18      0   127    41     -    92    28     0     0   715  1328
 14:21:18      0    59    41     -    98    20     0     0   715  1328
 14:21:18      0    50    41     -    87    26     0     0   715  1328
 14:21:19      0   109    41     -    73    15     0     0   715  1328
 14:21:19      0    90    41     -    93    30     0     0   715  1328
 14:21:19      0    62    42     -    72    18     0     0   715  1328
 14:21:19      0    59    41     -    98    15     0     0   715  1328
 14:21:20      0   133    42     -    69    18     0     0   715  1328
 14:21:20      0    81    41     -    95    16     0     0   715  1328
 14:21:20      0    47    42     -    96    23     0     0   715  1328
 14:21:21      0   140    42     -    87    16     0     0   715  1328
 14:21:21      0    64    41     -    96    17     0     0   715  1328
 14:21:21      0    50    42     -    89   27     0     0   715  1328
 14:21:21      0    64    42     -    95    20     0     0   715  1328
 14:21:22      0   105    42     -    91    27     0     0   715  1328
 14:21:22      0   108    42     -    99    21     0     0   715  1328
 14:21:22      0    48    41     -    93    29     0     0   715  1328
 14:21:22      0   142    42     -    70    18     0     0   715  1328
 14:21:23      0    88    42     -    96    30     0     0   715  1328
 14:21:23      0    84    42     -    71    21     0     0   715  1328
 14:21:23      0    68    42     -    88    16     0     0   715  1328
 14:21:24      0    62    42     -    78    27     0     0   715  1328
 14:21:24      0   105    42     -    83    17     0     0   715  1328
 14:21:24      0    91    42     -    97    17     0     0   715  1328
 14:21:24      0   137    43     -    74    17     0     0   715  1328
 14:21:25      0    88    42     -    97    21     0     0   715  1328
 14:21:25      0   115    42     -    91    28     0     0   715  1328
 14:21:25      0    65    42     -    99    20     0     0   715  1328
 14:21:26      0    69    43     -    87    27     0     0   715  1328
 14:21:26      0    96    42     -    71    16     0     0   715  1328
 14:21:26      0    95    42     -    93    29     0     0   715  1328
 14:21:26      0   136    43     -    69    18     0     0   715  1328
 14:21:27      0    85    42     -    96    30     0     0   715  1328
 14:21:27      0   115    42     -    71    21     0     0   715  1328
 14:21:27      0    66    42     -    88    15     0     0   715  1328
 14:21:27      0    63    43     -    75    24     0     0   715  1328
 14:21:28      0   103    43     -    86    16     0     0   715  1328
 14:21:28      0    92    42     -    96    17     0     0   715  1328
 14:21:28      0   136    43     -    79    17     0     0   715  1328
 14:21:29      0    84    42     -    97    19     0     0   715  1328
 14:21:29      0   119    42     -    91    26     0     0   715  1328
 14:21:29      0    56    42     -    96    21     0     0   715  1328
 14:21:29      0    80    43     -    85    26     0     0   715  1328
 14:21:30      0    89    43     -    75    16     0     0   715  1328
 14:21:30      0    95    42     -    90    26     0     0   715  1328
 14:21:30      0   137    43     -    73    16     0     0   715  1328
 14:21:30      0    87    43     -    99    18     0     0   715  1328
 14:21:31      0   111    43     -    69    16     0     0   715  1328
 14:21:31      0    69    43     -    98    15     0     0   715  1328
 14:21:31      0    59    43     -    96    29     0     0   715  1328
 14:21:32      0   127    43     -    97    16     0     0   715  1328
 14:21:32      0    95    43     -    96    23     0     0   715  1328
 14:21:32      0   105    44     -    67    20     0     0   715  1328
 14:21:32      0    76    43     -    96    16     0     0   715  1328
 14:21:33      0   127    43     -    55    15     0     0   715  1328
 14:21:33      0    67    43     -    96    15     0     0   715  1328
 14:21:33      0    51    43     -    96    27     0     0   715  1328
 14:21:34      0   103    43     -    93    16     0     0   715  1328
 14:21:34      0   101    43     -    96    21     0     0   715  1328
 14:21:34      0    68    44     -    83    27     0     0   715  1328
 14:21:34      0    69    43     -    95    17     0     0   715  1328
 14:21:35      0   128    44     -    89    27     0     0   715  1328
 14:21:35      0    83    43     -    73    15     0     0   715  1328
 14:21:35      0    47    43     -    90    27     0     0   715  1328
 14:21:36      0   141    44     -    73    16     0     0   715  1328
 14:21:36      0    70    43     -    94    29     0     0   715  1328
 14:21:36      0    50    44     -    70    18     0     0   715  1328
 14:21:36      0    72    43     -    98    15     0     0   715  1328
 14:21:37      0   113    44     -    71    21     0     0   715  1328
 14:21:37      0   117    44     -    89    15     0     0   715  1328
 14:21:37      0    46    44     -    96    18     0     0   715  1328
 14:21:37      0   142    44     -    84    18     0     0   715  1328
 14:21:38      0    88    43     -    97    17     0     0   715  1328
 14:21:38      0   102    44     -    91    26     0     0   715  1328
 14:21:38      0    67    44     -    97    21     0     0   715  1328
 14:21:39      0    66    44     -    92    29     0     0   715  1328
 14:21:39      0   103    44     -    71    16     0     0   715  1328
 14:21:39      0    90    44     -    94    30     0     0   715  1328
 14:21:39      0   138    44     -    70    18     0     0   715  1328
 14:21:40      0    94    44     -    96    29     0     0   715  1328
 14:21:40      0   126    44     -    70    21     0     0   715  1328
 14:21:40      0    59    44     -    88    15     0     0   715  1328
 14:21:41      0    59    44     -    95    29     0     0   715  1328
 14:21:41      0   120    44     -    94    16     0     0   715  1328
 14:21:41      0    91    44     -    96    22     0     0   715  1328
 14:21:41      0   102    45     -    83    28     0     0   715  1328
 14:21:42      0   104    44     -    95    17     0     0   715  1328
 14:21:42      0   137    44     -    88    27     0     0   715  1328
 14:21:42      0    70    44     -    97    19     0     0   715  1328
 14:21:42      0    51    44     -    91    26     0     0   715  1328
 14:21:43      0   104    44     -    72    15     0     0   715  1328
 14:21:43      0    98    44     -    93    30     0     0   715  1328
 14:21:43      0    69    45     -    72    18     0     0   715  1328
 14:21:44      0    69    44     -    98    15     0     0   715  1328
 14:21:44      0   127    45     -    69    19     0     0   715  1328
 14:21:44      0    88    44     -    94    16     0     0   715  1328
 14:21:44      0    48    44     -    96    22     0     0   715  1328
 14:21:45      0   142    45     -    86    16     0     0   715  1328
 14:21:45      0    66    44     -    96    17     0     0   715  1328
 14:21:45      0    52    45     -    88    27     0     0   715  1328
 14:21:45      0    64    44     -    95    18     0     0   715  1328
 14:21:46      0   140    45     -    90    27     0     0   715  1328
 14:21:46      0    82    45     -    72    14     0     0   715  1328
 14:21:46      0    47    44     -    91    28     0     0   715  1328
 14:21:47      0   138    45     -    73    16     0     0   715  1328
 14:21:47      0    75    45     -    93    29     0     0   715  1328
 14:21:47      0    51    45     -    71    18     0     0   715  1328
 14:21:47      0    66    44     -    97    15     0     0   715  1328
 14:21:48      0   107    45     -    69    19     0     0   715  1328
 14:21:48      0    81    45     -    95    16     0     0   715  1328
 14:21:48      0    47    45     -    95    24     0     0   715  1328
 14:21:49      0   141    45     -    87    15     0     0   715  1328
 14:21:49      0    67    45     -    96    19     0     0   715  1328
 14:21:49      0    53    45     -    81    26     0     0   715  1328
 14:21:49      0    52    45     -    94    17     0     0   715  1328
 14:21:50      0   141    45     -    87    27     0     0   715  1328
 14:21:50      0    85    45     -    71    15     0     0   715  1328
 14:21:50      0    48    45     -    91    27     0     0   715  1328
 14:21:50      0   138    45     -    73    15     0     0   715  1328
 14:21:51      0    68    45     -    99    19     0     0   715  1328
 14:21:51      0    59    46     -    66    14     0     0   715  1328
 14:21:51      0    56    45     -    97    19     0     0   715  1328
 14:21:52      0   125    46     -    91    27     0     0   715  1328
 14:21:52      0    85    45     -    99    21     0     0   715  1328
 14:21:52      0    49    45     -    93    30     0     0   715  1328
 14:21:52      0   117    45     -    72    18     0     0   715  1328
 14:21:53      0    76    45     -    93    30     0     0   715  1328
 14:21:53      0    69    46     -    70    18     0     0   715  1328
 14:21:53      0    73    45     -    98    15     0     0   715  1328
 14:21:53      0   124    46     -    68    19     0     0   715  1328
 14:21:54      0    75    45     -    89    15     0     0   715  1328
 14:21:54      0    51    45     -    95    22     0     0   715  1328
 14:21:54      0    86    46     -    87    16     0     0   715  1328
 14:21:55      0    60    45     -    96    17     0     0   715  1328
 14:21:55      0    86    46     -    82    17     0     0   715  1328
 14:21:55      0    87    45     -    96    18     0     0   715  1328
 14:21:55      0   137    46     -    90    27     0     0   715  1328
 14:21:56      0    71    45     -    97    21     0     0   715  1328
 14:21:56      0    51    46     -    91    27     0     0   715  1328
 14:21:56      0    88    46     -    72    16     0     0   715  1328
 14:21:57      0    62    45     -    90    29     0     0   715  1328
 14:21:57      0    90    46     -    71    17     0     0   715  1328
 14:21:57      0   102    46     -    98    17     0     0   715  1328
 14:21:57      0   137    46     -    68    17     0     0   715  1328
 14:21:58      0    70    46     -    97    15     0     0   715  1328
 14:21:58      0    52    46     -    96    26     0     0   715  1328
 14:21:58      0    97    46     -    90    15     0     0   715  1328
 14:21:58      0    60    46     -    96    20     0     0   715  1328
 14:21:59      0    78    47     -    82    26     0     0   715  1328
 14:21:59      0    87    46     -    96    17     0     0   715  1328
 14:21:59      0   123    46     -    90    27     0     0   715  1328
 14:22:00      0    91    46     -    97    21     0     0   715  1328
 14:22:00      0    49    46     -    92    27     0     0   715  1328
 14:22:00      0   127    46     -    73    16     0     0   715  1328
 14:22:00      0    78    46     -    93    29     0     0   715  1328
 14:22:01      0    59    47     -    72    18     0     0   715  1328
 14:22:01      0    59    46     -    98    15     0     0   715  1328
 14:22:01      0   137    46     -    69    19     0     0   715  1328
 14:22:01      0    77    46     -    90    15     0     0   715  1328
 14:22:02      0    48    46     -    96    21     0     0   715  1328
 14:22:02      0   112    46     -    83    15     0     0   715  1328
 14:22:02      0    71    46     -    93    20     0     0   715  1328
 14:22:03      0    49    46     -    82    28     0     0   715  1328
 14:22:03      0    88    46     -    93    17     0     0   715  1328
 14:22:03      0   100    47     -    87    26     0     0   715  1328
 14:22:03      0   124    46     -    75    15     0     0   715  1328
 14:22:04      0    99    46     -    90    26     0     0   715  1328
 14:22:04      0   142    47     -    72    15     0     0   715  1328
 14:22:04      0    94    46     -    99    17     0     0   715  1328
 14:22:05      0    80    46     -    72    17     0     0   715  1328
 14:22:05      0    73    46     -    98    15     0     0   715  1328
 14:22:05      0    68    47     -    96    29     0     0   715  1328
 14:22:05      0   104    46     -    97    16     0     0   715  1328
 14:22:06      0    85    46     -    96    23     0     0   715  1328
 14:22:06      0   139    47     -    85    16     0     0   715  1328
 14:22:06      0    97    47     -    96    17     0     0   715  1328
 14:22:06      0   129    47     -    89    27     0     0   715  1328
 14:22:07      0    64    47     -    97    21     0     0   715  1328
 14:22:07      0    53    47     -    91    26     0     0   715  1328
 14:22:07      0   105    47     -    74    16     0     0   715  1328
 14:22:08      0    96    46     -    93    29     0     0   715  1328
 14:22:08      0    69    47     -    71    18     0     0   715  1328
 14:22:08      0    69    47     -    98    16     0     0   715  1328
 14:22:08      0   129    47     -    70    20     0     0   715  1328
 14:22:09      0    83    47     -    89    15     0     0   715  1328
 14:22:09      0    48    47     -    96    20     0     0   715  1328
 14:22:09      0   142    47     -    85    18     0     0   715  1328
 14:22:09      0    65    47     -    97    18     0     0   715  1328
 14:22:10      0    51    47     -    76    16     0     0   715  1328
 14:22:10      0    87    47     -    97    21     0     0   715  1328
 14:22:10      0   114    47     -    93    29     0     0   715  1328
 14:22:11      0   114    47     -    98    19     0     0   715  1328
 14:22:11      0    77    47     -    94    30     0     0   715  1328
 14:22:11      0   138    47     -    71    18     0     0   715  1328
 14:22:11      0    80    47     -    96    29     0     0   715  1328
 14:22:12      0   111    47     -    73    23     0     0   715  1328
 14:22:12      0    62    47     -    86    16     0     0   715  1328
 14:22:12      0    59    47     -    79    27     0     0   715  1328
 14:22:13      0   108    47     -    81    17     0     0   715  1328
 14:22:13      0    84    47     -    97    18     0     0   715  1328
 14:22:13      0   130    48     -    68    15     0     0   715  1328
 14:22:13      0   106    47     -    93    17     0     0   715  1328
 14:22:14      0   134    47     -    86    27     0     0   715  1328
 14:22:14      0    70    47     -    73    16     0     0   715  1328
 14:22:14      0    52    47     -    91    27     0     0   715  1328
 14:22:14      0   100    47     -    73    14     0     0   715  1328
 14:22:15      0    97    47     -    92    29     0     0   715  1328
 14:22:15      0    57    48     -    72    16     0     0   715  1328
 14:22:15      0    58    47     -    99    19     0     0   715  1328
 14:22:16      0   140    48     -    94    30     0     0   715  1328
 14:22:16      0    87    47     -    99    17     0     0   715  1328
 14:22:16      0    49    47     -    96    30     0     0   715  1328
 14:22:16      0   143    48     -    98    16     0     0   715  1328
 14:22:17      0    65    47     -    96    24     0     0   715  1328
 14:22:17      0    52    47     -    81    28     0     0   715  1328
 14:22:17      0    65    47     -    94    17     0     0   715  1328
 14:22:18      0   110    48     -    87    27     0     0   715  1328
 14:22:18      0   109    47     -    75    16     0     0   715  1328
 14:22:18      0    54    47     -    91    26     0     0   715  1328
 14:22:18      0   141    48     -    74    16     0     0   715  1328
 14:22:19      0    85    47     -    99    18     0     0   715  1328
 14:22:19      0    87    48     -    71    18     0     0   715  1328
 14:22:19      0    70    48     -    98    15     0     0   715  1328
 14:22:19      0    56    48     -    95    29     0     0   715  1328
 14:22:20      0   103    48     -    97    15     0     0   715  1328
 14:22:20      0    47    47     -    94    30     0     0   715  1328
 14:22:20      0   144    48     -    61    17     0     0   715  1328
 14:22:21      0    86    47     -    96    14     0     0   715  1328
 14:22:21      0    79    48     -    70    18     0     0   715  1328
 14:22:21      0    67    48     -    98    16     0     0   715  1328
 14:22:21      0    71    48     -    67    20     0     0   715  1328
 14:22:22      0   107    48     -    88    15     0     0   715  1328
 14:22:22      0   101    48     -    96    18     0     0   715  1328
 14:22:22      0   139    48     -    82    17     0     0   715  1328
 14:22:23      0   101    48     -    97    18     0     0   715  1328
 14:22:23      0   123    48     -    92    26     0     0   715  1328
 14:22:23      0    69    48     -    97    21     0     0   715  1328
 14:22:23      0    55    48     -    93    30     0     0   715  1328
 14:22:24      0   105    48     -    72    17     0     0   715  1328
 14:22:24      0    71    48     -    92    29     0     0   715  1328
 14:22:24      0    79    48     -    62    14     0     0   715  1328
 14:22:25      0    65    48     -    98    18     0     0   715  1328
 14:22:25      0   132    48     -    69    17     0     0   715  1328
 14:22:25      0    84    48     -    98    16     0     0   715  1328
 14:22:25      0    49    48     -    96    26     0     0   715  1328
 14:22:26      0   143    48     -    88    15     0     0   715  1328
 14:22:26      0    76    48     -    96    18     0     0   715  1328
 14:22:26      0    51    48     -    87    27     0     0   715  1328
 14:22:26      0    87    48     -    95    18     0     0   715  1328
 14:22:27      0   112    49     -    91    27     0     0   715  1328
 14:22:27      0   116    48     -    73    14     0     0   715  1328
 14:22:27      0    69    48     -    93    30     0     0   715  1328
 14:22:28      0   137    49     -    72    17     0     0   715  1328
 14:22:28      0    79    48     -    94    30     0     0   715  1328
 14:22:28      0   100    48     -    71    19     0     0   715  1328
 14:22:28      0    64    48     -    93    16     0     0   715  1328
 14:22:29      0    59    48     -    73    23     0     0   715  1328
 14:22:29      0   125    48     -    87    16     0     0   715  1328
 14:22:29      0    84    48     -    96    17     0     0   715  1328
 14:22:29      0   112    49     -    79    17     0     0   715  1328
 14:22:30      0   110    48     -    97    21     0     0   715  1328
 14:22:30      0   129    48     -    91    26     0     0   715  1328
 14:22:30      0    75    48     -    99    22     0     0   715  1328
 14:22:31      0    52    49     -    93    30     0     0   715  1328
 14:22:31      0    96    49     -    72    18     0     0   715  1328
 14:22:31      0    96    48     -    93    29     0     0   715  1328
 14:22:31      0    66    49     -    71    21     0     0   715  1328
 14:22:32      0    76    48     -    92    25     0     0   715  1328
 14:22:32      0   128    49     -    78    26     0     0   715  1328
 14:22:32      0    77    49     -    85    18     0     0   715  1328
 14:22:32      0    50    49     -    81    26     0     0   715  1328
 14:22:33      0   125    49     -    77    17     0     0   715  1328
 14:22:33      0    76    48     -    97    21     0     0   715  1328
 14:22:33      0    58    49     -    74    15     0     0   715  1328
 14:22:34      0    57    49     -    99    20     0     0   715  1328
 14:22:34      0   143    49     -    93    29     0     0   715  1328
 14:22:34      0    89    49     -    99    17     0     0   715  1328
 14:22:34      0    48    49     -    95    30     0     0   715  1328
 14:22:35      0   144    49     -    71    21     0     0   715  1328
 14:22:35      0    77    49     -    96    25     0     0   715  1328
 14:22:35      0    76    49     -    68    20     0     0   715  1328
 14:22:36      0    68    49     -    90    15     0     0   715  1328
 14:22:36      0    57    49     -    75    24     0     0   715  1328
 14:22:36      0   122    49     -    86    17     0     0   715  1328
 14:22:36      0    76    49     -    96    17     0     0   715  1328
 14:22:37      0    95    49     -    78    17     0     0   715  1328
 14:22:37      0    95    49     -    97    20     0     0   715  1328 
