15:27:21      0    29    35     -     0     0     0     0   715   405
 15:27:22      0    29    35     -     0     0     0     0   715   405
 15:27:23      0    29    35     -     0     0     0     0   715   405
 15:27:23      0    28    35     -     5     0     0     0   715   442
 15:27:23      0    34    35     -    12     1     0     0   715  1189
 15:27:23      0    34    35     -     3     0     0     0   715  1189
 15:27:24      0    35    35     -    24     0     0     0   715  1189
 15:27:24      0    35    35     -    14     1     0     0   715  1189
 15:27:24      0    47    35     -    27     2     0     0   715  1189
 15:27:25      0    40    35     -    17     1     0     0   715  1316
 15:27:25      0    57    35     -    23     2     0     0   715  1316
 15:27:25      0    47    36     -    64     7     0     0   715  1328
 15:27:25      0    43    35     -    20     3     0     0   715  1328
 15:27:26      0    62    36     -    30     5     0     0   715  1328
 15:27:26      0    41    36     -    35     4     0     0   715  1328
 15:27:26      0    46    36     -    29     2     0     0   715  1328
 15:27:27      0    47    36     -    58    10     0     0   715  1328
 15:27:27      0    44    36     -    23     2     0     0   715  1328
 15:27:27      0    62    36     -    26     2     0     0   715  1328
 15:27:27      0    41    36     -    60     6     0     0   715  1328
 15:27:28      0    55    36     -    26     2     0     0   715  1328
 15:27:28      0    46    36     -    44     9     0     0   715  1328
 15:27:28      0    55    36     -    21     2     0     0   715  1328
 15:27:28      0    66    36     -    38     8     0     0   715  1328
 15:27:29      0    42    36     -    64     7     0     0   715  1328
 15:27:29      0    44    36     -    30     2     0     0   715  1328
 15:27:29      0    46    36     -    41     9     0     0   715  1328
 15:27:30      0    41    36     -    20     3     0     0   715  1328
 15:27:30      0    48    36     -    35     2     0     0   715  1328
 15:27:30      0    61    36     -    62    10     0     0   715  1328
 15:27:30      0    43    36     -    26     2     0     0   715  1328
 15:27:31      0    60    36     -    27     3     0     0   715  1328
 15:27:31      0    41    36     -    52     6     0     0   715  1328
 15:27:31      0    46    36     -    24     2     0     0   715  1328
 15:27:32      0    49    36     -    47    10     0     0   715  1328
 15:27:32      0    41    36     -    21     2     0     0   715  1328
 15:27:32      0    73    36     -    27     2     0     0   715  1328
 15:27:32      0    47    36     -    65     7     0     0   715  1328
 15:27:33      0    54    36     -    35     2     0     0   715  1328
 15:27:33      0    47    36     -    28     5     0     0   715  1328
 15:27:33      0    43    36     -    40     5     0     0   715  1328
 15:27:33      0    64    36     -    28     3     0     0   715  1328
 15:27:34      0    44    36     -    56    10     0     0   715  1328
 15:27:34      0    42    36     -    22     1     0     0   715  1328
 15:27:34      0    52    37     -    50    10     0     0   715  1328
 15:27:35      0    41    36     -    63     6     0     0   715  1328
 15:27:35      0    57    36     -    25     2     0     0   715  1328
 15:27:35      0    70    36     -    62     7     0     0   715  1328
 15:27:35      0    42    36     -    19     3     0     0   715  1328
 15:27:36      0    58    37     -    31     5     0     0   715  1328
 15:27:36      0    41    36     -    35     4     0     0   715  1328
 15:27:36      0    51    36     -    30     2     0     0   715  1328
 15:27:37      0    45    37     -    59    10     0     0   715  1328
 15:27:37      0    55    36     -    24     2     0     0   715  1328
 15:27:37      0    70    37     -    25     2     0     0   715  1328
 15:27:37      0    43    36     -    59     6     0     0   715  1328
 15:27:38      0    45    36     -    19     2     0     0   715  1328
 15:27:38      0    65    37     -    46   10     0     0   715  1328
 15:27:38      0    42    36     -    21     3     0     0   715  1328
 15:27:38      0    71    37     -    32     2     0     0   715  1328
 15:27:39      0    42    37     -    63     7     0     0   715  1328
 15:27:39      0    45    36     -    30     2     0     0   715  1328
 15:27:39      0    55    37     -    29     4     0     0   715  1328
 15:27:40      0    44    36     -    42     5     0     0   715  1328
 15:27:40      0    53    37     -    27     3     0     0   715  1328
 15:27:40      0    44    37     -    38     9     0     0   715  1328
 15:27:40      0    45    37     -    20     3     0     0   715  1328
 15:27:41      0    56    37     -    26     3     0     0   715  1328
 15:27:41      0    59    37     -    47    10     0     0   715  1328
 15:27:41      0    42    37     -    20     2     0     0   715  1328
 15:27:42      0    54    37     -    42     8     0     0   715  1328
 15:27:42      0    41    37     -    60     6     0     0   715  1328
 15:27:42      0    47    37     -    36     3     0     0   715  1328
 15:27:42      0    44    37     -    62     9     0     0   715  1328
 15:27:43      0    49    37     -    35     4     0     0   715  1328
 15:27:43      0    76    37     -    26     3     0     0   715  1328
 15:27:43      0    42    37     -    49     5     0     0   715  1328
 15:27:43      0    43    37     -    24     2     0     0   715  1328
 15:27:44      0    62    37     -    54    10     0     0   715  1328
 15:27:44      0    43    37     -    19     2     0     0   715  1328
 15:27:44      0    85    37     -    26     2     0     0   715  1328
 15:27:45      0    61    37     -    60     6     0     0   715  1328
 15:27:45      0    44    37     -    35     2     0     0   715  1328
 15:27:45      0    51    37     -    35     7     0     0   715  1328
 15:27:45      0    44    37     -    29     4     0     0   715  1328
 15:27:46      0    55    37     -    30     2     0     0   715  1328
 15:27:46      0    49    37     -    61    10     0     0   715  1328
 15:27:46      0    42    37     -    26     2     0     0   715  1328
 15:27:46      0    56    37     -    25     2     0     0   715  1328
 15:27:47      0    41    37     -    55     5     0     0   715  1328
 15:27:47      0    50    37     -    25     2     0     0   715  1328
 15:27:47      0    54    37     -    47    10     0     0   715  1328
 15:27:48      0    44    37     -    22     2     0     0   715  1328
 15:27:48      0    70    37     -    39     7     0     0   715  1328
 15:27:48      0    41    37     -    63     7     0     0   715  1328
 15:27:48      0    43    37     -    34     2     0     0   715  1328
 15:27:49      0    64    37     -    61    10     0     0   715  1328
 15:27:49      0    44    37     -    43     5     0     0   715  1328
 15:27:49      0    83    37     -    26     3     0     0   715  1328
 15:27:49      0    61    37     -    54     6     0     0   715  1328
 15:27:50      0    44    37     -    22     1     0     0   715  1328
 15:27:50      0    53    37     -    48    10     0     0   715  1328
 15:27:50      0    45    37     -    62     6     0     0   715  1328
 15:27:51      0    59    37     -    26     2     0     0   715  1328
 15:27:51      0    44    37     -    61     6     0     0   715  1328
 15:27:51      0    42    37     -    20     1     0     0   715  1328
 15:27:51      0    46    37     -    18     2     0     0   715  1328
 15:27:52      0    53    37     -    62     9     0     0   715  1328
 15:27:52      0    44    37     -    38     4     0     0   715  1328
 15:27:52      0    73    37     -    27     3     0     0   715  1328
 15:27:53      0    41    37     -    53     6     0     0   715  1328
 15:27:53      0    48    37     -    22     1     0     0   715  1328
 15:27:53      0    53    38     -    50    10     0     0   715  1328
 15:27:53      0    42    37     -    20     2     0     0   715  1328
 15:27:54      0    70    37     -    23     2     0     0   715  1328
 15:27:54      0    56    37     -    64     7     0     0   715  1328
 15:27:54      0    44    37     -    30     2     0     0   715  1328
 15:27:54      0    57    38     -    27     3     0     0   715  1328
 15:27:55      0    41    37     -    43     5     0     0   715  1328
 15:27:55      0    53    37     -    24     2     0     0   715  1328
 15:27:55      0    46    37     -    50    10     0     0   715  1328
 15:27:56      0    60    37     -    19     2     0     0   715  1328
 15:27:56      0    48    37     -    18     2     0     0   715  1328
 15:27:56      0    53    38     -    36     8     0     0   715  1328
 15:27:56      0    41    37     -    23     4     0     0   715  1328
 15:27:57      0    56    37     -    23     2     0     0   715  1328
 15:27:57      0    44    37     -    64     7     0     0   715  1328
 15:27:57      0    50    37     -    20     3     0     0   715  1328
 15:27:58      0    75    38     -    27     4     0     0   715  1328
 15:27:58      0    43    37     -    59     9     0     0   715  1328
 15:27:58      0    45    37     -    26     2     0     0   715  1328
 15:27:58      0    44    37     -    54    10     0     0   715  1328
 15:27:59      0    43    37     -    56     5     0     0   715  1328
 15:27:59      0    62    37     -    25     2     0     0   715  1328
 15:27:59      0    45    38     -    62     6     0     0   715  1328
 15:27:59      0    43    37     -    16     2     0     0   715  1328
 15:28:00      0    52    38     -    30     5     0     0   715  1328
 15:28:00      0    41    37     -    37     4     0     0   715  1328
 15:28:00      0    56    38     -    26     2     0     0   715  1328
 15:28:01      0    44    38     -    56    10     0     0   715  1328
 15:28:01      0    49    37     -    22     2     0     0   715  1328
 15:28:01      0    79    38     -    24     2     0     0   715  1328
 15:28:01      0    43    38     -    62     6     0     0   715  1328
 15:28:02      0    45    38     -    30     2     0     0   715  1328
 15:28:02      0    49    38     -    30     6     0     0   715  1328
 15:28:02      0    41    38     -    41     4     0     0   715  1328
 15:28:03      0    58    38     -    30     2     0     0   715  1328
 15:28:03      0    44    38     -    62     8     0     0   715  1328
 15:28:03      0    48    38     -    28     4     0     0   715  1328
 15:28:03      0    65    38     -    28     3     0     0   715  1328
 15:28:04      0    42    38     -    43     5     0     0   715  1328
 15:28:04      0    44    38     -    26     2     0     0   715  1328
 15:28:04      0    61    38     -    54    10     0     0   715  1328
 15:28:05      0    42    37     -    23     2     0     0   715  1328
 15:28:05      0    74    38     -    24     2     0     0   715  1328
 15:28:05      0    61    38     -    62     6     0     0   715  1328
 15:28:05      0    44    38     -    18     2     0     0   715  1328
 15:28:06      0    54    38     -    38     7     0     0   715  1328
 15:28:06      0    45    38     -    24     4     0     0   715  1328
 15:28:06      0    53    38     -    32     2     0     0   715  1328
 15:28:06      0    63    38     -    61    10     0     0   715  1328
 15:28:07      0    42    38     -    26     2     0     0   715  1328
 15:28:07      0    52    38     -    26     2     0     0   715  1328
 15:28:07      0    41    38     -    55     6     0     0   715  1328
 15:28:08      0    45    38     -    24     2     0     0   715  1328
 15:28:08      0    45    38     -    45    10     0     0   715  1328
 15:28:08      0    55    38     -    21     2     0     0   715  1328
 15:28:08      0    60    38     -    38     7     0     0   715  1328
 15:28:09      0    42    38     -    64     7     0     0   715  1328
 15:28:09      0    44    38     -    32     2     0     0   715  1328
 15:28:09      0    73    38     -    61    10     0     0   715  1328
 15:28:09      0    43    38     -    41     5     0     0   715  1328
 15:28:10      0    71    38     -    27     3     0     0   715  1328
 15:28:10      0    43    38     -    56     5     0     0   715  1328
 15:28:10      0    48    38     -    23     2     0     0   715  1328
 15:28:11      0    51    38     -    45    10     0     0   715  1328
 15:28:11      0    41    38     -    59     6     0     0   715  1328
 15:28:11      0    50    38     -    35     2     0     0   715  1328
 15:28:11      0    46    38     -    62     8     0     0   715  1328
 15:28:12      0    44    38     -    30     4     0     0   715  1328
 15:28:12      0    68    38     -    27     3     0     0   715  1328
 15:28:12      0    42    38     -    44     5     0     0   715  1328
 15:28:13      0    45    38     -    26     2     0     0   715  1328
 15:28:13      0    47    38     -    53    10     0     0   715  1328
 15:28:13      0    44    38     -     5     1     0     0   715  1328
 15:28:13      0    49    38     -    20     2     0     0   715  1328
 15:28:14      0    54    38     -    47    10     0     0   715  1328
 15:28:14      0    46    38     -    20     2     0     0   715  1328
 15:28:14      0    57    38     -    39     7     0     0   715  1328
 15:28:15      0    42    38     -    62     7     0     0   715  1328
 15:28:15      0    44    38     -    32     2     0     0   715  1328
 15:28:15      0    65    38     -    60    10     0     0   715  1328
 15:28:15      0    43    38     -    43     5     0     0   715  1328
 15:28:16      0    72    38     -    26     2     0     0   715  1328
 15:28:16      0    42    38     -    54    10     0     0   715  1328
 15:28:16      0    44    38     -    23     2     0     0   715  1328
 15:28:16      0    59    38     -    48    10     0     0   715  1328
 15:28:17      0    46    38     -    61     6     0     0   715  1328
 15:28:17      0    61    38     -    28     2     0     0   715  1328
 15:28:17      0    54    38     -    63     7     0     0   715  1328
 15:28:18      0    43    38     -    20     3     0     0   715  1328 
