14:40:15      0    30    38     -     0     0     0     0   715   405
 14:40:16      0    30    38     -     0     0     0     0   715   405
 14:40:17      0    29    38     -     4     0     0     0   715   405
 14:40:17      0    29    38     -     5     0     0     0   715   468
 14:40:17      0    35    38     -     7     0     0     0   715  1189
 14:40:18      0    35    38     -     3     0     0     0   715  1189
 14:40:18      0    40    38     -    46     5     0     0   715  1328
 14:40:18      0    40    38     -    16     0     0     0   715  1328
 14:40:18      0    41    38     -    22     2     0     0   715  1328
 14:40:19      0    41    38     -    21     2     0     0   715  1328
 14:40:19      0    42    39     -    20     2     0     0   715  1328
 14:40:19      0    42    39     -    22     3     0     0   715  1328
 14:40:19      0   135    41     -    64    19     0     0   715  1328
 14:40:20      0   134    41     -   100    40     0     0   715  1328
 14:40:20      0   146    42     -   100    38     0     0   715  1328
 14:40:20      0   135    42     -   100    38     0     0   715  1328
 14:40:21      0   147    43     -   100    38     0     0   715  1328
 14:40:21      0   133    43     -   100    38     0     0   715  1328
 14:40:21      0   140    43     -   100    39     0     0   715  1328
 14:40:21      0   155    43     -   100    39     0     0   715  1328
 14:40:22      0   137    43     -   100    38     0     0   715  1328
 14:40:22      0   138    43     -   100    39     0     0   715  1328
 14:40:22      0   141    43     -    99    39     0     0   715  1328
 14:40:23      0   137    44     -   100    38     0     0   715  1328
 14:40:23      0   143    44     -   100    38     0     0   715  1328
 14:40:23      0   124    44     -   100    38     0     0   715  1328
 14:40:23      0   146    44     -   100    38     0     0   715  1328
 14:40:24      0   134    44     -   100    38     0     0   715  1328
 14:40:24      0   136    44     -   100    40     0     0   715  1328
 14:40:24      0   158    44     -   100    39     0     0   715  1328
 14:40:24      0   127    44     -   100    38     0     0   715  1328
 14:40:25      0   130    45     -   100    38     0     0   715  1328
 14:40:25      0   114    45     -   100    39     0     0   715  1328
 14:40:25      0   140    45     -   100    38     0     0   715  1328
 14:40:26      0   140    45     -   100    39     0     0   715  1328
 14:40:26      0   137    45     -   100    39     0     0   715  1328
 14:40:26      0   162    45     -   100    38     0     0   715  1328
 14:40:26      0   137    45     -   100    39     0     0   715  1328
 14:40:27      0   141    45     -   100    39     0     0   715  1328
 14:40:27      0   118    45     -   100    38     0     0   715  1328
 14:40:27      0   144    45     -   100    38     0     0   715  1328
 14:40:28      0   148    45     -   100    38     0     0   715  1328
 14:40:28      0   146    45     -   100    38     0     0   715  1328
 14:40:28      0   143    46     -   100    38     0     0   715  1328
 14:40:28      0   121    46     -   100    39     0     0   715  1328
 14:40:29      0   144    46     -   100    40     0     0   715  1328
 14:40:29      0   136    46     -   100    38     0     0   715  1328
 14:40:29      0   138    46     -   100    38     0     0   715  1328
 14:40:29      0   165    46     -   100    38     0     0   715  1328
 14:40:30      0   130    46     -   100    38     0     0   715  1328
 14:40:30      0   129    46     -   100    39     0     0   715  1328
 14:40:30      0   112    46     -   100    39     0     0   715  1328
 14:40:31      0   145    46     -   100    39     0     0   715  1328
 14:40:31      0   143    46     -   100    39     0     0   715  1328
 14:40:31      0   140    46     -   100    39     0     0   715  1328
 14:40:31      0   147    47     -   100    38     0     0   715  1328
 14:40:32      0   138    47     -   100    38     0     0   715  1328
 14:40:32      0   146    47     -   100   38     0     0   715  1328
 14:40:32      0   136    47     -   100    38     0     0   715  1328
 14:40:32      0   141    47     -   100    38     0     0   715  1328
 14:40:33      0   158    47     -   100    39     0     0   715  1328
 14:40:33      0   138    47     -   100    39     0     0   715  1328
 14:40:33      0   145    47     -   100    38     0     0   715  1328
 14:40:34      0   147    47     -   100    38     0     0   715  1328
 14:40:34      0   141    47     -   100    38     0     0   715  1328
 14:40:34      0   147    47     -   100    38     0     0   715  1328
 14:40:34      0   133    47     -   100    39     0     0   715  1328
 14:40:35      0   149    47     -    99    39     0     0   715  1328
 14:40:35      0   137    47     -   100    37     0     0   715  1328
 14:40:35      0   139    48     -   100    39     0     0   715  1328
 14:40:35      0   162    48     -   100    39     0     0   715  1328
 14:40:36      0   131    48     -   100    38     0     0   715  1328
 14:40:36      0   131    48     -   100    38     0     0   715  1328
 14:40:36      0   114    48     -   100    38     0     0   715  1328
 14:40:37      0   148    48     -   100    38     0     0   715  1328
 14:40:37      0   144    48     -   100    38     0     0   715  1328
 14:40:37      0   140    48     -   100    39     0     0   715  1328
 14:40:37      0   135    48     -   100    39     0     0   715  1328
 14:40:38      0   143    48     -   100    39     0     0   715  1328
 14:40:38      0   119    48     -   100    38     0     0   715  1328
 14:40:38      0   149    48     -   100    39     0     0   715  1328
 14:40:39      0   142    48     -   100    38     0     0   715  1328
 14:40:39      0   141    48     -   100    38     0     0   715  1328
 14:40:39      0   157    49     -   100    39     0     0   715  1328
 14:40:39      0   144    49     -   100    39     0     0   715  1328
 14:40:40      0   135    49     -   100    38     0     0   715  1328
 14:40:40      0   126    49     -   100    39     0     0   715  1328
 14:40:40      0   147    49     -   100    40     0     0   715  1328
 14:40:41      0   153    49     -   100    39     0     0   715  1328
 14:40:41      0   145    49     -   100    38     0     0   715  1328
 14:40:41      0   140    49     -   100    38     0     0   715  1328
 14:40:41      0   112    49     -   100    38     0     0   715  1328
 14:40:42      0   147    49     -   100    38     0     0   715  1328
 14:40:42      0   139    49     -   100    39     0     0   715  1328
 14:40:42      0   136    49     -   100    39     0     0   715  1328
 14:40:42      0   169    49     -   100    38     0     0   715  1328
 14:40:43      0   132    50     -   100    38     0     0   715  1328
 14:40:43      0   129    50     -   100    39     0     0   715  1328
 14:40:43      0   115    50     -   100    38     0     0   715  1328
 14:40:44      0   144    50     -   100    39     0     0   715  1328
 14:40:44      0   149    50     -   100    39     0     0   715  1328
 14:40:44      0   115    50     -   100    38     0     0   715  1328
 14:40:44      0   146    50     -    99    38     0     0   715  1328
 14:40:45      0   147    50     -   100    39     0     0   715  1328
 14:40:45      0   144    50     -   100    38     0     0   715  1328
 14:40:45      0   147    50     -   100    38     0     0   715  1328
 14:40:46      0   131    50     -   100    38     0     0   715  1328
 14:40:46      0   149    50     -   100    38     0     0   715  1328
 14:40:46      0   138    50     -   100    38     0     0   715  1328
 14:40:46      0   141    50     -   100    39     0     0   715  1328
 14:40:47      0   162    50     -   100    39     0     0   715  1328
 14:40:47      0   130    50     -   100    38     0     0   715  1328
 14:40:47      0   134    51     -   100    38     0     0   715  1328
 14:40:47      0   115    51     -   100    39     0     0   715  1328
 14:40:48      0   148    51     -   100    38     0     0   715  1328
 14:40:48      0   144    51     -   100    39     0     0   715  1328
 14:40:48      0   143    51     -   100    39     0     0   715  1328
 14:40:49      0   162    51     -   100    38     0     0   715  1328
 14:40:49      0   142    51     -   100    39     0     0   715  1328
 14:40:49      0   140    51     -   100    39     0     0   715  1328
 14:40:49      0   122    51     -   100    38     0     0   715  1328
 14:40:50      0   148    51     -   100    38     0     0   715  1328
 14:40:50      0   154    51     -   100    38     0     0   715  1328
 14:40:50      0   146    51     -   100    38     0     0   715  1328
 14:40:50      0   143    51     -   100    38     0     0   715  1328
 14:40:51      0   120    51     -   100    39     0     0   715  1328
 14:40:51      0   147    52     -   100    39     0     0   715  1328
 14:40:51      0   138    51     -   100    39     0     0   715  1328
 14:40:52      0   141    51     -   100    38     0     0   715  1328
 14:40:52      0   170    52     -   100    38     0     0   715  1328
 14:40:52      0   131    52     -   100    39     0     0   715  1328 
