14:31:17      0    30    42     -     0     0     0     0   715   405
 14:31:18      0    30    42     -     0     0     0     0   715   405
 14:31:19      0    30    42     -     0     0     0     0   715   405
 14:31:19      0    29    41     -     5     0     0     0   715   417
 14:31:20      0    36    41     -     7     0     0     0   715  1189
 14:31:20      0    36    42     -     3     0     0     0   715  1189
 14:31:20      0    37    42     -    37     2     0     0   715  1189
 14:31:20      0    41    42     -    15     0     0     0   715  1316
 14:31:21      0    40    42     -    15     0     0     0   715  1316
 14:31:21      0    40    42     -    15     0     0     0   715  1316
 14:31:21      0    41    42     -    19     2     0     0   715  1316
 14:31:22      0    41    42     -    20     1     0     0   715  1316
 14:31:22      0    41    42     -    27     3     0     0   715  1316
 14:31:22      0    41    42     -    21     1     0     0   715  1316
 14:31:22      0    42    42     -    21     3     0     0   715  1316
 14:31:23      0    41    42     -    24     1     0     0   715  1316
 14:31:23      0    36    42     -    18     2     0     0   715  1189
 14:31:23      0    36    42     -    18     2     0     0   715  1189
 14:31:24      0    37    42     -    20     3     0     0   715  1189
 14:31:24      0    43    42     -    99     6     0     0   715  1316
 14:31:24      0    96    43     -    98    16     0     0   715  1328
 14:31:24      0   125    44     -    81    20     0     0   715  1328
 14:31:25      0    46    43     -    99    19     0     0   715  1328
 14:31:25      0    62    44     -   100    20     0     0   715  1328
 14:31:25      0   140    44     -    88    25     0     0   715  1328
 14:31:25      0    82    44     -    99    16     0     0   715  1328
 14:31:26      0    74    44     -   100    21     0     0   715  1328
 14:31:26      0   145    44     -    94    27     0     0   715  1328
 14:31:26      0   113    44     -    99    13     0     0   715  1328
 14:31:27      0    65    44     -   100    22     0     0   715  1328
 14:31:27      0   145    45     -    95    27     0     0   715  1328
 14:31:27      0   114    44     -    99    14     0     0   715  1328
 14:31:27      0    72    44     -   100    20     0     0   715  1328
 14:31:28      0   135    45     -    94    28     0     0   715  1328
 14:31:28      0    74    45     -   100    14     0     0   715  1328
 14:31:28      0    86    44     -   100    17     0     0   715  1328
 14:31:28      0   132    45     -    87    25     0     0   715  1328
 14:31:29      0    73    45     -   100    14     0     0   715  1328
 14:31:29      0    86    44     -   100    17     0     0   715  1328
 14:31:29      0   137    45     -    92    26     0     0   715  1328
 14:31:30      0    64    45     -    99    12     0     0   715  1328
 14:31:30      0    98    45     -   100    21     0     0   715  1328
 14:31:30      0   136    46     -    93    28     0     0   715  1328
 14:31:30      0    85    45     -    99    14     0     0   715  1328
 14:31:31      0    95    45     -   100    18     0     0   715  1328
 14:31:31      0   143    46     -    93    29     0     0   715  1328
 14:31:31      0   103    45     -   100    15     0     0   715  1328
 14:31:32      0   110    45     -    99    17     0     0   715  1328
 14:31:32      0   124    46     -    94    29     0     0   715  1328
 14:31:32      0    77    45     -   100    18     0     0   715  1328
 14:31:32      0   145    45     -    97    17     0     0   715  1328
 14:31:33      0   129    46     -    96    34     0     0   715  1328
 14:31:33      0    86    45     -    99    19     0     0   715  1328
 14:31:33      0   152    46     -    89    14     0     0   715  1328
 14:31:33      0   148    46     -    96    31     0     0   715  1328
 14:31:34      0    95    45     -    99    16     0     0   715  1328
 14:31:34      0   158    46     -    78    12     0     0   715  1328
 14:31:34      0   116    46     -    93   29     0     0   715  1328
 14:31:35      0   112    45     -    98    16     0     0   715  1328
 14:31:35      0    80    46     -    82    14     0     0   715  1328
 14:31:35      0    99    46     -    96    31     0     0   715  1328
 14:31:35      0    69    46     -    99    14     0     0   715  1328
 14:31:36      0   119    46     -    80    12     0     0   715  1328
 14:31:36      0    72    46     -   100    37     0     0   715  1328
 14:31:36      0    74    46     -    99    13     0     0   715  1328
 14:31:37      0   138    46     -    78    14     0     0   715  1328
 14:31:37      0    55    46     -    99    32     0     0   715  1328
 14:31:37      0   104    46     -   100    14     0     0   715  1328
 14:31:37      0   126    46     -    79    19     0     0   715  1328
 14:31:38      0    48    46     -    99    26     0     0   715  1328
 14:31:38      0    63    46     -   100    18     0     0   715  1328
 14:31:38      0    79    47     -    79    18     0     0   715  1328
 14:31:38      0    48    46     -    94    33     0     0   715  1328
 14:31:39      0    58    46     -   100    20     0     0   715  1328
 14:31:39      0    59    47     -    87    25     0     0   715  1328
 14:31:39      0    47    46     -    94    30     0     0   715  1328
 14:31:40      0    51    46     -   100    21     0     0   715  1328
 14:31:40      0    49    46     -    93    27     0     0   715  1328
 14:31:40      0    47    46     -    91    29     0     0   715  1328
 14:31:40      0   128    46     -   100    22     0     0   715  1328
 14:31:41      0   101    46     -    94    27     0     0   715  1328
 14:31:41      0    46    46     -    97    36     0     0   715  1328
 14:31:41      0    77    46     -   100    21     0     0   715  1328
 14:31:41      0   131    46     -    93    28     0     0   715  1328
 14:31:42      0    50    46     -   100    36     0     0   715  1328
 14:31:42      0    77    46     -   100    18     0     0   715  1328
 14:31:42      0   140    46     -    94    29     0     0   715  1328
 14:31:43      0    87    46     -    99    32     0     0   715  1328
 14:31:43      0    71    46     -    99    17     0     0   715  1328
 14:31:43      0   147    47     -    94    29     0     0   715  1328
 14:31:43      0   123    46     -    99    26     0     0   715  1328
 14:31:44      0    69    46     -    99    17     0     0   715  1328
 14:31:44      0   146    47     -    75    16     0     0   715  1328
 14:31:44      0   113    47     -    99    22     0     0   715  1328
 14:31:45      0    79    46     -    90    15     0     0   715  1328
 14:31:45      0   135    47     -    82    22     0     0   715  1328
 14:31:45      0    86    46     -    99    18     0     0   715  1328
 14:31:45      0    75    46     -    78    13     0     0   715  1328
 14:31:46      0   134    48     -    96    32     0     0   715  1328
 14:31:46      0    91    47     -    99    19     0     0   715  1328
 14:31:46      0    91    47     -    86    14     0     0   715  1328
 14:31:46      0   147    48     -    89    27     0     0   715  1328
 14:31:47      0    90    47     -    99    16     0     0   715  1328
 14:31:47      0   130    47     -    81    13     0     0   715  1328
 14:31:47      0   120    48     -    93    27     0     0   715  1328
 14:31:48      0    72    47     -    99    11     0     0   715  1328
 14:31:48      0   145    47     -    78    11     0     0   715  1328
 14:31:48      0   131    48     -    93    28     0     0   715  1328
 14:31:48      0    83    47     -    99    14     0     0   715  1328
 14:31:49      0   155    48     -    79    15     0     0   715  1328
 14:31:49      0   150    48     -    94    29     0     0   715  1328
 14:31:49      0   105    47     -   100    15     0     0   715  1328
 14:31:50      0   118    48     -    78    18     0     0   715  1328
 14:31:50      0    96    48     -    93    29     0     0   715  1328
 14:31:50      0    85    47     -   100    17     0     0   715  1328
 14:31:50      0   139    48     -    77    17     0     0   715  1328
 14:31:51      0    61    48     -    96    33     0     0   715  1328
 14:31:51      0   107    47     -   100    19     0     0   715  1328
 14:31:51      0   145    48     -    86    24     0     0   715  1328
 14:31:51      0    52    48     -    96    32     0     0   715  1328
 14:31:52      0    92    47     -   100    21     0     0   715  1328
 14:31:52      0   148    48     -    82    14     0     0   715  1328
 14:31:52      0    49    47     -    96    30     0     0   715  1328
 14:31:53      0    64    47     -   100    23     0     0   715  1328
 14:31:53      0    92    48     -    80    12     0     0   715  1328
 14:31:53      0    48    48     -    97    36     0     0   715  1328
 14:31:53      0    61    48     -   100    20     0     0   715  1328
 14:31:54      0    62    48     -    79    12     0     0   715  1328
 14:31:54      0    48    47     -   100    36     0     0   715  1328
 14:31:54      0    54    47     -   100    18     0     0   715  1328
 14:31:54      0    55    48     -    77    15     0     0   715  1328
 14:31:55      0    48    48     -    99    31     0     0   715  1328
 14:31:55      0    86    47     -    99    17     0     0   715  1328
 14:31:55      0    71    48     -    79    18     0     0   715  1328
 14:31:56      0    48    47     -    99    26     0     0   715  1328
 14:31:56      0    82    47     -    95    17     0     0   715  1328
 14:31:56      0   109    48     -    66    15     0     0   715  1328
 14:31:56      0    65    47     -    99    27     0     0   715  1328
 14:31:57      0    73    48     -    99    17     0     0   715  1328
 14:31:57      0   141    48     -    76    16     0     0   715  1328
 14:31:57      0    93    48     -    99    24     0     0   715  1328
 14:31:58      0    83    48     -    93    15     0     0   715  1328
 14:31:58      0   147    49     -    81    21     0     0   715  1328
 14:31:58      0   118    48     -    99    19     0     0   715  1328
 14:31:58      0    65    48     -    87    14     0     0   715  1328
 14:31:59      0   147    49     -    86    26     0     0   715  1328
 14:31:59      0   104    48     -    99    16     0     0   715  1328
 14:31:59      0    77    48     -   100    21     0     0   715  1328
 14:31:59      0   134    49     -    93    27     0     0   715  1328
 14:32:00      0    78    48     -    99    14     0     0   715  1328
 14:32:00      0    88    48     -   100    23     0     0   715  1328
 14:32:00      0   144    49     -    95    27     0     0   715  1328
 14:32:01      0    60    48     -    99    14     0     0   715  1328
 14:32:01      0    93    48     -   100    19     0     0   715  1328
 14:32:01      0   134    49     -    94    28     0     0   715  1328
 14:32:01      0    92    48     -   100    14     0     0   715  1328
 14:32:02      0    99    48     -   100    17     0     0   715  1328
 14:32:02      0   144    49     -    94    29     0     0   715  1328
 14:32:02      0    93    48     -   100    16     0     0   715  1328
 14:32:02      0   122    48     -    99    17     0     0   715  1328
 14:32:03      0   125    49     -    94    30     0     0   715  1328
 14:32:03      0    74    49     -   100    18     0     0   715  1328
 14:32:03      0   147    48     -    95    17     0     0   715  1328
 14:32:04      0   130    50     -    96    33     0     0   715  1328
 14:32:04      0    83    49     -    99    19     0     0   715  1328
 14:32:04      0   154    49     -    88    14     0     0   715  1328
 14:32:04      0   151    50     -    96    30     0     0   715  1328
 14:32:05      0   109    49     -    99    16     0     0   715  1328
 14:32:05      0   111    49     -    82    13     0     0   715  1328
 14:32:05      0   102    50     -    97    35     0     0   715  1328
 14:32:06      0    84    48     -    99    12     0     0   715  1328
 14:32:06      0   100    49     -    78    11     0     0   715  1328
 14:32:06      0    75    50     -   100    36     0     0   715  1328
 14:32:06      0    71    49     -    99    15     0     0   715  1328
 14:32:07      0   138    49     -    78    15     0     0   715  1328
 14:32:07      0    54    49     -    98    31     0     0   715  1328
 14:32:07      0    85    49     -   100    14     0     0   715  1328
 14:32:07      0   138    49     -    64    13     0     0   715  1328
 14:32:08      0    56    49     -    99    32     0     0   715  1328
 14:32:08      0    78    49     -   100    14     0     0   715  1328
 14:32:08      0   151    49     -    80    19     0     0   715  1328
 14:32:09      0    50    49     -    99    26     0     0   715  1328
 14:32:09      0    82    49     -   100    17     0     0   715  1328
 14:32:09      0   148    49     -    67    15     0     0   715  1328
 14:32:09      0    50    49     -    99    27     0     0   715  1328
 14:32:10      0    62    49     -   100    16     0     0   715  1328
 14:32:10      0   148    50     -    57    11     0     0   715  1328
 14:32:10      0    49    49     -    99    35     0     0   715  1328
 14:32:11      0    64    49     -   100    14     0     0   715  1328
 14:32:11      0    68    50     -    78    17     0     0   715  1328
 14:32:11      0    49    49     -    99    30     0     0   715  1328
 14:32:11      0    54    49     -   100    16     0     0   715  1328
 14:32:12      0    61    50     -    78    17     0     0   715  1328
 14:32:12      0    48    49     -    99    26     0     0   715  1328
 14:32:12      0    51    49     -   100    18     0     0   715  1328
 14:32:12      0    53    50     -    81    20     0     0   715  1328
 14:32:13      0    48    49     -    99    19     0     0   715  1328
 14:32:13      0    94    49     -   100    20     0     0   715  1328
 14:32:13      0    85    49     -    88    25     0     0   715  1328
 14:32:14      0    48    49     -    99    16     0     0   715  1328
 14:32:14      0   115    49     -   100    21     0     0   715  1328
 14:32:14      0   113    49     -    92    28     0     0   715  1328
 14:32:14      0    48    49     -    96    29     0     0   715  1328
 14:32:15      0    74    49     -   100    22     0     0   715  1328
 14:32:15      0   143    49     -    94    27     0     0   715  1328
 14:32:15      0    58    49     -    97    36     0     0   715  1328
 14:32:16      0    74    49     -   100    21     0     0   715  1328
 14:32:16      0   142    49     -    94    28     0     0   715  1328
 14:32:16      0    89    49     -   100    36     0     0   715  1328
 14:32:16      0    72    49     -   100    18     0     0   715  1328
 14:32:17      0   148    50     -    93    29     0     0   715  1328
 14:32:17      0   127    49     -    99    31     0     0   715  1328
 14:32:17      0    68    50     -    99    17     0     0   715  1328
 14:32:17      0   148    50     -    94    29     0     0   715  1328
 14:32:18      0   104    50     -    99    26     0     0   715  1328
 14:32:18      0    65    49     -    95    16     0     0   715  1328
 14:32:18      0   139    50     -    90    27     0     0   715  1328
 14:32:19      0    70    50     -    99    29     0     0   715  1328
 14:32:19      0   100    50     -    99    17     0     0   715  1328
 14:32:19      0   134    50     -    94    31     0     0   715  1328
 14:32:19      0    99    50     -    99    24     0     0   715  1328
 14:32:20      0   100    50     -    92    15     0     0   715  1328
 14:32:20      0   146    51     -    96    32     0     0   715  1328
 14:32:20      0   107    50     -    99    19     0     0   715  1328
 14:32:20      0   112    50     -    86    14     0     0   715  1328
 14:32:21      0   136    51     -    96    29     0     0   715  1328
 14:32:21      0    76    50     -    99    16     0     0   715  1328
 14:32:21      0   148    50     -    79    13     0     0   715  1328
 14:32:22      0   126    51     -    93    27     0     0   715  1328
 14:32:22      0    95    50     -    99    12     0     0   715  1328
 14:32:22      0   155    50     -    79    11     0     0   715  1328
 14:32:22      0   146    51     -    92    27     0     0   715  1328
 14:32:23      0    80    50     -    99    14     0     0   715  1328
 14:32:23      0   156    50     -    79    13     0     0   715  1328
 14:32:23      0   137    51     -    93    28     0     0   715  1328
 14:32:24      0    98    50     -   100    14     0     0   715  1328
 14:32:24      0    95    51     -    78    19     0     0   715  1328
 14:32:24      0    96    51     -    92    28     0     0   715  1328
 14:32:24      0    79    50     -   100    17     0     0   715  1328
 14:32:25      0    88    51     -    77    16     0     0   715  1328
 14:32:25      0    93    51     -    96    33     0     0   715  1328
 14:32:25      0    81    50     -   100    19     0     0   715  1328
 14:32:25      0   140    51     -    91    15     0     0   715  1328
 14:32:26      0    65    51     -    96    33     0     0   715  1328
 14:32:26      0   106    50     -   100    21     0     0   715  1328
 14:32:26      0   147    51     -    83    13     0     0   715  1328
 14:32:27      0    54    51     -    96    29     0     0   715  1328
 14:32:27      0   108    50     -   100    22     0     0   715  1328
 14:32:27      0   148    51     -    80    13     0     0   715  1328
 14:32:27      0    50    50     -    97    36     0     0   715  1328
 14:32:28      0    86    50     -   100    20     0     0   715  1328
 14:32:28      0   101    51     -    79    12     0     0   715  1328
 14:32:28      0    49    50     -    99    36     0     0   715  1328
 14:32:28      0    56    50     -   100    14     0     0   715  1328
 14:32:29      0    67    51     -    78    17     0     0   715  1328
 14:32:29      0    49    50     -    99    30     0     0   715  1328
 14:32:29      0    72    50     -    89    17     0     0   715  1328
 14:32:30      0    58    51     -    75    17     0     0   715  1328
 14:32:30      0    49    50     -    99    29     0     0   715  1328
 14:32:30      0   118    50     -    99    17     0     0   715  1328
 14:32:30      0    99    50     -    78    16     0     0   715  1328
 14:32:31      0    48    50     -    99    23     0     0   715  1328
 14:32:31      0    68    50     -   100    19     0     0   715  1328
 14:32:31      0   126    50     -    80    19     0     0   715  1328
 14:32:32      0    48    50     -    99    19     0     0   715  1328
 14:32:32      0    64    50     -   100    20     0     0   715  1328
 14:32:32      0   142    50     -    87    25     0     0   715  1328
 14:32:32      0    81    50     -    99    16     0     0   715  1328
 14:32:33      0    69    50     -   100    21     0     0   715  1328
 14:32:33      0   145    50     -    93    28     0     0   715  1328
 14:32:33      0   112    50     -    99    14     0     0   715  1328
 14:32:33      0    81    50     -   100    23     0     0   715  1328
 14:32:34      0   148    51     -    94    27     0     0   715  1328
 14:32:34      0   116    50     -    99    12     0     0   715  1328
 14:32:34      0    70    50     -   100    21     0     0   715  1328
 14:32:35      0   148    51     -    94    28     0     0   715  1328
 14:32:35      0   112    50     -    99    15     0     0   715  1328
 14:32:35      0    76    50     -   100    18     0     0   715  1328
 14:32:35      0   136    51     -    93    28     0     0   715  1328
 14:32:36      0    78    50     -    99    33     0     0   715  1328
 14:32:36      0    85    50     -   100    17     0     0   715  1328
 14:32:36      0   145    51     -    93    29     0     0   715  1328
 14:32:36      0    61    50     -    99    27     0     0   715  1328
 14:32:37      0    95    50     -    99    18     0     0   715  1328
 14:32:37      0   136    51     -    95    32     0     0   715  1328
 14:32:37      0    90    50     -    99    24     0     0   715  1328
 14:32:38      0    94    50     -    93    15     0     0   715  1328
 14:32:38      0   144    51     -    96    32     0     0   715  1328
 14:32:38      0   105    50     -    99    19     0     0   715  1328
 14:32:38      0   117    50     -    86    14     0     0   715  1328
 14:32:39      0   142    51     -    96    29     0     0   715  1328
 14:32:39      0    80    50     -    99    16     0     0   715  1328
 14:32:39      0   152    51     -    81    14     0     0   715  1328
 14:32:39      0   144    51     -    96    35     0     0   715  1328 
