14:42:15      0    30    40     -     0     0     0     0   715   405
 14:42:16      0    30    40     -     0     0     0     0   715   405
 14:42:17      0    30    40     -     0     0     0     0   715   405
 14:42:17      0    29    39     -     5     0     0     0   715   430
 14:42:17      0    35    39     -     7     0     0     0   715  1189
 14:42:18      0    36    40     -     7     0     0     0   715  1189
 14:42:18      0    41    40     -    49     6     0     0   715  1328
 14:42:18      0    41    40     -    16     0     0     0   715  1328
 14:42:18      0    41    40     -    16     0     0     0   715  1328
 14:42:19      0    41    40     -    16     0     0     0   715  1328
 14:42:19      0    41    40     -    22     2     0     0   715  1328
 14:42:19      0    41    40     -    21     1     0     0   715  1328
 14:42:20      0    41    40     -    27     3     0     0   715  1328
 14:42:20      0    41    40     -    16     0     0     0   715  1328
 14:42:20      0    42    40     -    21     3     0     0   715  1328
 14:42:20      0    42    40     -    27     2     0     0   715  1328
 14:42:21      0    39    40     -    21     2     0     0   715  1189
 14:42:21      0    49    40     -    22     2     0     0   715  1189
 14:42:21      0   146    41     -    38     5     0     0   715  1189
 14:42:22      0   137    42     -   100    37     0     0   715  1328
 14:42:22      0   108    43     -    99    35     0     0   715  1328
 14:42:22      0   133    43     -    99    34     0     0   715  1328
 14:42:22      0   140    44     -    99    36     0     0   715  1328
 14:42:23      0   152    44     -   100    33     0     0   715  1328
 14:42:23      0   156    44     -   100    35     0     0   715  1328
 14:42:23      0   135    44     -   100    36     0     0   715  1328
 14:42:24      0   143    45     -   100    35     0     0   715  1328
 14:42:24      0   148    45     -   100    38     0     0   715  1328
 14:42:24      0   138    44     -   100    38     0     0   715  1328
 14:42:24      0   101    45     -    99    33     0     0   715  1328
 14:42:25      0   124    45     -    99    34     0     0   715  1328
 14:42:25      0   143    45     -    99    35     0     0   715  1328
 14:42:25      0   157    45     -   100    37     0     0   715  1328
 14:42:25      0   130    45     -   100    35     0     0   715  1328
 14:42:26      0   172    45     -   100    35     0     0   715  1328
 14:42:26      0   146    45     -    99    35     0     0   715  1328
 14:42:26      0   110    45     -   100    33     0     0   715  1328
 14:42:27      0   151    46     -   100    38     0     0   715  1328
 14:42:27      0   146    46     -    99    31     0     0   715  1328
 14:42:27      0   148    46     -    99    32     0     0   715  1328
 14:42:27      0   152    46     -   100    38     0     0   715  1328
 14:42:28      0   139    46     -   100    36     0     0   715  1328
 14:42:28      0   155    46     -   100    38     0     0   715  1328
 14:42:28      0   145    46     -    99    34     0     0   715  1328
 14:42:28      0    88    46     -    99    36     0     0   715  1328
 14:42:29      0   127    47     -    99    37     0     0   715  1328
 14:42:29      0   143    47     -   100    35     0     0   715  1328
 14:42:29      0   149    47     -   100    36     0     0   715  1328
 14:42:30      0   131    47     -    99    34     0     0   715  1328
 14:42:30      0   173    47     -   100    38     0     0   715  1328
 14:42:30      0   147    47     -   100    38     0     0   715  1328
 14:42:30      0   111    47     -   100    37     0     0   715  1328
 14:42:31      0   151    47     -    99    34     0     0   715  1328
 14:42:31      0   146    47     -    99    35     0     0   715  1328
 14:42:31      0   145    47     -   100    37     0     0   715  1328
 14:42:31      0   155    48     -   100    34     0     0   715  1328
 14:42:32      0   138    48     -   100    35     0     0   715  1328
 14:42:32      0   159    48     -   100   35     0     0   715  1328
 14:42:32      0   147    47     -   100    33     0     0   715  1328
 14:42:33      0    94    48     -   100    38     0     0   715  1328
 14:42:33      0   125    48     -    99    31     0     0   715  1328
 14:42:33      0   147    48     -    99    32     0     0   715  1328
 14:42:33      0   150    48     -    99    34     0     0   715  1328
 14:42:34      0   134    48     -   100    37     0     0   715  1328
 14:42:34      0   157    48     -   100    37     0     0   715  1328
 14:42:34      0   160    48     -   100    37     0     0   715  1328
 14:42:35      0   146    48     -    99    36     0     0   715  1328
 14:42:35      0   112    48     -   100    36     0     0   715  1328
 14:42:35      0   140    48     -   100    33     0     0   715  1328
 14:42:35      0   143    49     -   100    36     0     0   715  1328
 14:42:36      0   150    49     -    99    34     0     0   715  1328
 14:42:36      0   148    49     -    99    31     0     0   715  1328
 14:42:36      0   144    49     -   100    38     0     0   715  1328
 14:42:36      0   152    49     -   100    37     0     0   715  1328
 14:42:37      0   144    48     -   100    37     0     0   715  1328
 14:42:37      0   105    49     -    99    34     0     0   715  1328
 14:42:37      0   119    49     -    99    36     0     0   715  1328
 14:42:38      0   136    49     -   100    34     0     0   715  1328
 14:42:38      0   150    49     -   100    35     0     0   715  1328
 14:42:38      0   132    49     -   100    36     0     0   715  1328
 14:42:38      0   172    49     -   100    33     0     0   715  1328
 14:42:39      0   149    49     -   100    38     0     0   715  1328
 14:42:39      0   112    49     -   100    38     0     0   715  1328
 14:42:39      0   151    50     -    99    32     0     0   715  1328
 14:42:39      0   147    50     -    99    34     0     0   715  1328
 14:42:40      0   149    50     -    99    35     0     0   715  1328
 14:42:40      0   150    50     -   100    37     0     0   715  1328
 14:42:40      0   137    50     -   100    35     0     0   715  1328
 14:42:41      0   151    50     -    99    36     0     0   715  1328
 14:42:41      0   147    50     -   100    35     0     0   715  1328
 14:42:41      0    97    50     -   100    33     0     0   715  1328
 14:42:41      0   129    50     -   100    36     0     0   715  1328
 14:42:42      0   146    50     -    99    31     0     0   715  1328
 14:42:42      0   149    50     -    99    32     0     0   715  1328
 14:42:42      0   150    50     -   100    37     0     0   715  1328
 14:42:43      0   141    50     -   100    36     0     0   715  1328
 14:42:43      0   157    50     -   100    37     0     0   715  1328
 14:42:43      0   147    50     -    99    36     0     0   715  1328
 14:42:43      0    96    50     -    99    37     0     0   715  1328
 14:42:44      0   126    51     -   100    35     0     0   715  1328
 14:42:44      0   147    51     -   100    36     0     0   715  1328
 14:42:44      0   160    51     -   100    35     0     0   715  1328
 14:42:44      0   132    51     -    99    31     0     0   715  1328
 14:42:45      0   173    51     -   100    38     0     0   715  1328
 14:42:45      0   148    51     -   100    37     0     0   715  1328
 14:42:45      0   149    51     -   100    37     0     0   715  1328
 14:42:46      0   112    51     -    99    35     0     0   715  1328
 14:42:46      0   150    51     -    99    34     0     0   715  1328
 14:42:46      0   148    51     -    99    36     0     0   715  1328
 14:42:46      0   150    51     -   100    34     0     0   715  1328
 14:42:47      0   160    51     -   100    35     0     0   715  1328
 14:42:47      0   140    52     -   100    36     0     0   715  1328
 14:42:47      0   161    51     -   100    34     0     0   715  1328
 14:42:48      0   147    51     -   100    38     0     0   715  1328
 14:42:48      0   107    51     -   100    38     0     0   715  1328
 14:42:48      0   131    52     -    99    33     0     0   715  1328
 14:42:48      0   143    52     -    99    34     0     0   715  1328
 14:42:49      0   151    52     -   100    37     0     0   715  1328
 14:42:49      0   138    52     -   100    37     0     0   715  1328
 14:42:49      0   170    52     -   100    35     0     0   715  1328
 14:42:49      0   149    52     -    99    36     0     0   715  1328
 14:42:50      0   124    52     -    99    35     0     0   715  1328
 14:42:50      0   138    52     -   100    33     0     0   715  1328
 14:42:50      0   150    52     -   100    35     0     0   715  1328
 14:42:51      0   140    52     -    99    31     0     0   715  1328
 14:42:51      0   156    52     -    99    31     0     0   715  1328
 14:42:51      0   137    52     -   100    37     0     0   715  1328
 14:42:51      0   164    52     -   100    37     0     0   715  1328
 14:42:52      0   147    52     -   100    38     0     0   715  1328
 14:42:52      0   107    52     -    99    34     0     0   715  1328
 14:42:52      0   131    53     -    99    36     0     0   715  1328
 14:42:52      0   143    53     -   100    33     0     0   715  1328
 14:42:53      0   151    53     -   100    35     0     0   715  1328
 14:42:53      0   137    53     -   100    36     0     0   715  1328
 14:42:53      0   175    53     -   100    33     0     0   715  1328
 14:42:54      0   150    52     -   100    37     0     0   715  1328
 14:42:54      0   114    52     -   100    38     0     0   715  1328
 14:42:54      0   144    53     -    99    32     0     0   715  1328
 14:42:54      0   152    53     -    99    34     0     0   715  1328
 14:42:55      0   148    53     -    99    35     0     0   715  1328
 14:42:55      0   158    53     -   100    37     0     0   715  1328
 14:42:55      0   140    53     -   100    37     0     0   715  1328
 14:42:55      0   160    53     -   100    34     0     0   715  1328
 14:42:56      0   148    53     -    99    36     0     0   715  1328
 14:42:56      0   104    53     -   100    33     0     0   715  1328
 14:42:56      0   114    53     -   100    33     0     0   715  1328
 14:42:57      0   113    53     -   100    37     0     0   715  1328
 14:42:57      0   114    53     -    99    30     0     0   715  1328
 14:42:57      0   134    54     -    99    33     0     0   715  1328
 14:42:58      0   137    54     -    99    34     0     0   715  1328
 14:42:58      0   158    54     -   100    37     0     0   715  1328
 14:42:58      0   153    54     -   100    37     0     0   715  1328
 14:42:58      0   151    54     -   100    34     0     0   715  1328
 14:42:59      0   150    54     -    99    36     0     0   715  1328
 14:42:59      0   132    54     -   100    34     0     0   715  1328
 14:42:59      0   123    54     -   100    33     0     0   715  1328
 14:42:59      0   143    54     -    99    36     0     0   715  1328
 14:43:00      0   143    54     -    99    30     0     0   715  1328
 14:43:00      0   162    54     -    99    33     0     0   715  1328
 14:43:00      0   136    54     -   100    37     0     0   715  1328
 14:43:01      0   169    54     -   100    37     0     0   715  1328
 14:43:01      0   148    54     -   100    37     0     0   715  1328
 14:43:01      0   113    54     -    99    36     0     0   715  1328
 14:43:01      0   134    54     -    99    36     0     0   715  1328
 14:43:02      0   140    54     -   100    34     0     0   715  1328
 14:43:02      0   152    55     -   100    35     0     0   715  1328
 14:43:02      0   138    55     -   100    36     0     0   715  1328
 14:43:02      0   160    55     -   100    37     0     0   715  1328
 14:43:03      0   151    54     -   100    38     0     0   715  1328
 14:43:03      0   130    54     -   100    38     0     0   715  1328
 14:43:03      0   134    55     -    99    33     0     0   715  1328
 14:43:04      0   141    55     -    99    35     0     0   715  1328
 14:43:04      0   140    55     -    99    34     0     0   715  1328
 14:43:04      0   158    55     -   100    37     0     0   715  1328
 14:43:04      0   140    55     -   100    34     0     0   715  1328
 14:43:05      0   170    55     -   100    36     0     0   715  1328
 14:43:05      0   149    55     -   100    34     0     0   715  1328
 14:43:05      0   109    55     -   100    33     0     0   715  1328
 14:43:05      0   134    55     -    99    36     0     0   715  1328
 14:43:06      0   145    55     -    99    31     0     0   715  1328
 14:43:06      0   147    55     -    99    32     0     0   715  1328
 14:43:06      0   151    55     -    99    34     0     0   715  1328
 14:43:07      0   137    55     -   100    36     0     0   715  1328
 14:43:07      0   176    55     -   100    37     0     0   715  1328
 14:43:07      0   169    55     -   100    36     0     0   715  1328
 14:43:07      0   152    55     -    99    36     0     0   715  1328
 14:43:08      0   115    55     -    99    36     0     0   715  1328
 14:43:08      0   155    56     -   100    33     0     0   715  1328
 14:43:08      0   150    56     -   100    36     0     0   715  1328
 14:43:09      0   157    56     -    99    33     0     0   715  1328
 14:43:09      0   157    56     -    99    31     0     0   715  1328
 14:43:09      0   144    56     -   100    38     0     0   715  1328
 14:43:09      0   162    56     -   100    37     0     0   715  1328
 14:43:10      0   151    55     -   100    38     0     0   715  1328
 14:43:10      0    96    56     -    99    34     0     0   715  1328
 14:43:10      0   127    56     -    99    36     0     0   715  1328
 14:43:11      0   148    56     -   100    34     0     0   715  1328
 14:43:11      0   157    56     -   100    35     0     0   715  1328
 14:43:11      0   136    56     -   100    36     0     0   715  1328
 14:43:11      0   175    56     -   100    33     0     0   715  1328
 14:43:12      0   153    56     -   100    38     0     0   715  1328
 14:43:12      0   115    56     -   100    38     0     0   715  1328
 14:43:12      0   154    56     -    99    32     0     0   715  1328
 14:43:12      0   149    57     -    99    34     0     0   715  1328
 14:43:13      0   154    57     -    99    35     0     0   715  1328
 14:43:13      0   155    56     -   100    37     0     0   715  1328
 14:43:13      0   141    57     -   100    37     0     0   715  1328
 14:43:14      0   161    56     -   100    34     0     0   715  1328
 14:43:14      0   152    56     -    99    36     0     0   715  1328
 14:43:14      0   100    57     -   100    34     0     0   715  1328
 14:43:14      0   126    57     -   100    36     0     0   715  1328
 14:43:15      0   152    57     -    99    36     0     0   715  1328
 14:43:15      0   157    57     -    99    30     0     0   715  1328
 14:43:15      0   138    57     -   100    38     0     0   715  1328
 14:43:15      0   175    57     -   100    37     0     0   715  1328
 14:43:16      0   153    57     -   100    37     0     0   715  1328
 14:43:16      0   116    57     -    99    35     0     0   715  1328
 14:43:16      0   152    57     -    99    35     0     0   715  1328
 14:43:17      0   148    57     -    99    36     0     0   715  1328
 14:43:17      0   150    57     -   100    34     0     0   715  1328
 14:43:17      0   161    57     -   100    35     0     0   715  1328
 14:43:17      0   140    57     -   100    35     0     0   715  1328
 14:43:18      0   168    57     -   100    38     0     0   715  1328
 14:43:18      0   154    57     -   100    38     0     0   715  1328
 14:43:18      0   129    57     -   100    37     0     0   715  1328
 14:43:19      0    94    57     -    99    34     0     0   715  1328
 14:43:19      0   128    57     -    99    35     0     0   715  1328
 14:43:19      0   151    58     -    99    35     0     0   715  1328
 14:43:19      0   156    57     -   100    36     0     0   715  1328
 14:43:20      0   137    57     -   100    34     0     0   715  1328
 14:43:20      0   176    58     -   100    35     0     0   715  1328
 14:43:20      0   153    57     -   100    33     0     0   715  1328
 14:43:20      0   116    57     -   100    37     0     0   715  1328
 14:43:21      0   150    58     -    99    32     0     0   715  1328
 14:43:21      0   146    58     -    99    31     0     0   715  1328 
