15:31:07      0    29    36     -     0     0     0     0   715   405
 15:31:08      0    29    36     -     0     0     0     0   715   405
 15:31:09      0    29    36     -     4     0     0     0   715   405
 15:31:09      0    28    36     -     4     0     0     0   715   468
 15:31:09      0    34    36     -     1     0     0     0   715  1189
 15:31:10      0    35    35     -     2     0     0     0   715  1189
 15:31:10      0    35    36     -     3     0     0     0   715  1189
 15:31:10      0    39    36     -    61     6     0     0   715  1316
 15:31:10      0    39    36     -    16     0     0     0   715  1316
 15:31:11      0    39    36     -    18     1     0     0   715  1316
 15:31:11      0    39    36     -    21     2     0     0   715  1316
 15:31:11      0    40    36     -    21     2     0     0   715  1316
 15:31:11      0    40    36     -    21     3     0     0   715  1316
 15:31:12      0    50    36     -    66     6     0     0   715  1328
 15:31:12      0    43    36     -     0     0     0     0   715  1328
 15:31:12      0    41    36     -    21     2     0     0   715  1328
 15:31:13      0    46    36     -    24     3     0     0   715  1328
 15:31:13      0   124    37     -    35     7     0     0   715  1328
 15:31:13      0    45    37     -    62    13     0     0   715  1328
 15:31:13      0    42    37     -    65     6     0     0   715  1328
 15:31:14      0    41    36     -     0     0     0     0   715  1328
 15:31:14      0    43    36     -    43     2     0     0   715  1328
 15:31:14      0    41    36     -    29     3     0     0   715  1328
 15:31:15      0    69    37     -    31     6     0     0   715  1328
 15:31:15      0    50    37     -    63    13     0     0   715  1328
 15:31:15      0    46    37     -    62     6     0     0   715  1328
 15:31:15      0    41    36     -     0     0     0     0   715  1328
 15:31:16      0    57    36     -    43     2     0     0   715  1328
 15:31:16      0    45    37     -    27     3     0     0   715  1328
 15:31:16      0    75    37     -    29     5     0     0   715  1328
 15:31:16      0    58    37     -    64    14     0     0   715  1328
 15:31:17      0    70    37     -    64     4     0     0   715  1328
 15:31:17      0    41    37     -     2     1     0     0   715  1328
 15:31:17      0    41    37     -    43     2     0     0   715  1328
 15:31:18      0    56    37     -    27     3     0     0   715  1328
 15:31:18      0    52    37     -    25     3     0     0   715  1328
 15:31:18      0    48    37     -    64    14     0     0   715  1328
 15:31:18      0    44    37     -    65     4     0     0   715  1328
 15:31:19      0    41    37     -    49     7     0     0   715  1328
 15:31:19      0    41    37     -    40     2     0     0   715  1328
 15:31:19      0    42    37     -    24     2     0     0   715  1328
 15:31:19      0    56    37     -    26     2     0     0   715  1328
 15:31:20      0    76    37     -    64    13     0     0   715  1328
 15:31:20      0    43    37     -    51     5     0     0   715  1328
 15:31:20      0    72    37     -    28     4     0     0   715  1328
 15:31:21      0    45    37     -     0     0     0     0   715  1328
 15:31:21      0    41    37     -    21     2     0     0   715  1328
 15:31:21      0    61    37     -    29     3     0     0   715  1328
 15:31:21      0    94    37     -    24     5     0     0   715  1328
 15:31:22      0    46    37     -    49    11     0     0   715  1328
 15:31:22      0    42    37     -    57     6     0     0   715  1328
 15:31:22      0    41    37     -     8     3     0     0   715  1328
 15:31:23      0    43    37     -     0     0     0     0   715  1328
 15:31:23      0    45    37     -    27     3     0     0   715  1328
 15:31:23      0    56    37     -    24     3     0     0   715  1328
 15:31:23      0    81    37     -    43     7     0     0   715  1328
 15:31:24      0    47    37     -    61     9     0     0   715  1328
 15:31:24      0    45    37     -    62     6    0     0   715  1328
 15:31:24      0    43    37     -     0     0     0     0   715  1328
 15:31:25      0    41    37     -    27     3     0     0   715  1328
 15:31:25      0    45    37     -    24     3     0     0   715  1328
 15:31:25      0    64    37     -    44     8     0     0   715  1328
 15:31:25      0    54    38     -    62     9     0     0   715  1328
 15:31:26      0    71    37     -    61     6     0     0   715  1328
 15:31:26      0    45    37     -     0     0     0     0   715  1328
 15:31:26      0    41    37     -    23     2     0     0   715  1328
 15:31:26      0    64    37     -    24     3     0     0   715  1328
 15:31:27      0    53    37     -    45     8     0     0   715  1328
 15:31:27      0   100    37     -    59    11     0     0   715  1328
 15:31:27      0    48    37     -    62     7     0     0   715  1328
 15:31:28      0    53    37     -     0     0     0     0   715  1328
 15:31:28      0    44    37     -    53     3     0     0   715  1328
 15:31:28      0    46    37     -    24     3     0     0   715  1328
 15:31:28      0    65    37     -    44     8     0     0   715  1328
 15:31:29      0    43    37     -    61    12     0     0   715  1328
 15:31:29      0    41    37     -    63     7     0     0   715  1328
 15:31:29      0    41    37     -     0     0     0     0   715  1328
 15:31:30      0    42    37     -    45     3     0     0   715  1328
 15:31:30      0    43    37     -    24     2     0     0   715  1328
 15:31:30      0    72    37     -    36     7     0     0   715  1328
 15:31:30      0    48    37     -    62    14     0     0   715  1328
 15:31:31      0    44    37     -    65     6     0     0   715  1328
 15:31:31      0    44    37     -     0     0     0     0   715  1328
 15:31:31      0    43    37     -    22     2     0     0   715  1328
 15:31:32      0    42    37     -    24     3     0     0   715  1328
 15:31:32      0    64    38     -    21     3     0     0   715  1328
 15:31:32      0    49    38     -    63    14     0     0   715  1328
 15:31:32      0    57    37     -    65     6     0     0   715  1328
 15:31:33      0    41    37     -    44     7     0     0   715  1328
 15:31:33      0    81    37     -    43     2     0     0   715  1328
 15:31:33      0    47    37     -    29     3     0     0   715  1328
 15:31:34      0    55    37     -    24     3     0     0   715  1328
 15:31:34      0    45    37     -    66    14     0     0   715  1328
 15:31:34      0    75    37     -    64     6     0     0   715  1328
 15:31:34      0    41    37     -    46     7     0     0   715  1328
 15:31:35      0    41    37     -    43     2     0     0   715  1328
 15:31:35      0    41    37     -    29     3     0     0   715  1328
 15:31:35      0    56    38     -    23     3     0     0   715  1328
 15:31:35      0    65    38     -    64    14     0     0   715  1328
 15:31:36      0    52    37     -    63     5     0     0   715  1328
 15:31:36      0    41    37     -    52     8     0     0   715  1328
 15:31:36      0    42    37     -    43     2     0     0   715  1328
 15:31:37      0    44    37     -    28     3     0     0   715  1328
 15:31:37      0    54    37     -    25     3     0     0   715  1328
 15:31:37      0    43    38     -    64    13     0     0   715  1328
 15:31:37      0    42    38     -    60     9     0     0   715  1328
 15:31:38      0    41    38     -    50     8     0     0   715  1328
 15:31:38      0    41    37     -    42     2     0     0   715  1328
 15:31:38      0    46    38     -    22     2     0     0   715  1328
 15:31:39      0    54    38     -    26     2     0     0   715  1328
 15:31:39      0    52    38     -    65    14     0     0   715  1328
 15:31:39      0    43    38     -    57     9     0     0   715  1328
 15:31:39      0    41    38     -    45     6     0     0   715  1328
 15:31:40      0    41    37     -    38     2     0     0   715  1328
 15:31:40      0    42    37     -    26     3     0     0   715  1328
 15:31:40      0    45    38     -    23     2     0     0   715  1328
 15:31:40      0    54    38     -    61    11     0     0   715  1328
 15:31:41      0    44    38     -    57    10     0     0   715  1328
 15:31:41      0    42    38     -    52     7     0     0   715  1328
 15:31:41      0    43    38     -    27     2     0     0   715  1328
 15:31:42      0    44    38     -    37     3     0     0   715  1328
 15:31:42      0    49    38     -    23     2     0     0   715  1328
 15:31:42      0    48    38     -    39     7     0     0   715  1328
 15:31:42      0    47    38     -    43     7     0     0   715  1328
 15:31:43      0    46    38     -    69     5     0     0   715  1328
 15:31:43      0    41    38     -     8     3     0     0   715  1328
 15:31:43      0    67    38     -    39     3     0     0   715  1328
 15:31:44      0    46    38     -    28     2     0     0   715  1328
 15:31:44      0    61    38     -    29     6     0     0   715  1328
 15:31:44      0    73    38     -    59    12     0     0   715  1328
 15:31:44      0    78    38     -    65     6     0     0   715  1328
 15:31:45      0    41    38     -     8     3     0     0   715  1328
 15:31:45      0    41    38     -    10     1     0     0   715  1328
 15:31:45      0    41    38     -    22     3     0     0   715  1328
 15:31:45      0    55    38     -    26     5     0     0   715  1328
 15:31:46      0    64    38     -    52    11     0     0   715  1328
 15:31:46      0    56    38     -    60     6     0     0   715  1328
 15:31:46      0    41    38     -    13     3     0     0   715  1328
 15:31:47      0    43    38     -     0     0     0     0   715  1328
 15:31:47      0    44    38     -    21     2     0     0   715  1328
 15:31:47      0    58    38     -    25     5     0     0   715  1328
 15:31:47      0    46    38     -    50    10     0     0   715  1328
 15:31:48      0    42    38     -    59     6     0     0   715  1328
 15:31:48      0    41    38     -    16     3     0     0   715  1328
 15:31:48      0    41    38     -     0     0     0     0   715  1328
 15:31:48      0    55    38     -    21     2     0     0   715  1328
 15:31:49      0    46    38     -    26     4     0     0   715  1328
 15:31:49      0    56    39     -    45     8     0     0   715  1328
 15:31:49      0    45    38     -    64     9     0     0   715  1328
 15:31:50      0    43    38     -    62     7     0     0   715  1328
 15:31:50      0    44    38     -     0     0     0     0   715  1328
 15:31:50      0    41    38     -    23     3     0     0   715  1328
 15:31:50      0    45    38     -    24     3     0     0   715  1328
 15:31:51      0    61    38     -    45     8     0     0   715  1328
 15:31:51      0    54    39     -    62     9     0     0   715  1328
 15:31:51      0    73    38     -    60     6     0     0   715  1328
 15:31:52      0    45    38     -     0     0     0     0   715  1328
 15:31:52      0    42    38     -    25     3     0     0   715  1328
 15:31:52      0    67    38     -    24     3     0     0   715  1328
 15:31:52      0    54    39     -    41     6     0     0   715  1328
 15:31:53      0    94    38     -    60     9     0     0   715  1328
 15:31:53      0    41    38     -    61     6     0     0   715  1328
 15:31:53      0    41    38     -     8     3     0     0   715  1328
 15:31:53      0    42    38     -    52     3     0     0   715  1328
 15:31:54      0    42    38     -    24     3     0     0   715  1328
 15:31:54      0    49    38     -    24     4     0     0   715  1328
 15:31:54      0    55    38     -    65    14     0     0   715  1328
 15:31:55      0    42    38     -    56     8     0     0   715  1328
 15:31:55      0    41    38     -    44     7     0     0   715  1328
 15:31:55      0    45    38     -    43     2     0     0   715  1328
 15:31:55      0    44    38     -    30     3     0     0   715  1328
 15:31:56      0    52    38     -    25     3     0     0   715  1328
 15:31:56      0    61    38     -    63    14     0     0   715  1328
 15:31:56      0    44    38     -    60     8     0     0   715  1328
 15:31:57      0    44    39     -    46     6     0     0   715  1328
 15:31:57      0    44    38     -     8     3     0     0   715  1328
 15:31:57      0    41    38     -    33     3     0     0   715  1328
 15:31:57      0    47    38     -    23     2     0     0   715  1328
 15:31:58      0    73    39     -    26     6     0     0   715  1328
 15:31:58      0   100    38     -    58    11     0     0   715  1328
 15:31:58      0    41    39     -    62     7     0     0   715  1328
 15:31:58      0    41    38     -     8     3     0     0   715  1328
 15:31:59      0    42    38     -    52     2     0     0   715  1328
 15:31:59      0    44    38     -    29     3     0     0   715  1328
 15:31:59      0    73    39     -    24     4     0     0   715  1328
 15:32:00      0    47    39     -    60    13     0     0   715  1328
 15:32:00      0    44    39     -    72     7     0     0   715  1328
 15:32:00      0    41    38     -    20     4     0     0   715  1328
 15:32:00      0    49    38     -    54     3     0     0   715  1328
 15:32:01      0    44    38     -    24     3     0     0   715  1328
 15:32:01      0    76    39     -    26     4     0     0   715  1328
 15:32:01      0    50    39     -    64    15     0     0   715  1328
 15:32:01      0    57    39     -    64     7     0     0   715  1328
 15:32:02      0    41    38     -    28     4     0     0   715  1328
 15:32:02      0    73    38     -    54     3     0     0   715  1328
 15:32:02      0    46    38     -    24     3     0     0   715  1328
 15:32:03      0    62    39     -    26     4     0     0   715  1328
 15:32:03      0    66    39     -    61    12     0     0   715  1328
 15:32:03      0    72    39     -    62     9     0     0   715  1328
 15:32:03      0    41    38     -    34     4     0     0   715  1328
 15:32:04      0    41    38     -    54     3     0     0   715  1328
 15:32:04      0    43    38     -    19     2     0     0   715  1328
 15:32:04      0    43    38     -    18     2     0     0   715  1328
 15:32:05      0    62    39     -    43     9     0     0   715  1328
 15:32:05      0    45    39     -    60     6     0     0   715  1328
 15:32:05      0    54    39     -    61     7     0     0   715  1328
 15:32:05      0    44    38     -     0     0     0     0   715  1328
 15:32:06      0    41    38     -    21     2     0     0   715  1328
 15:32:06      0    58    38     -    24     3     0     0   715  1328
 15:32:06      0    51    39     -    45     8     0     0   715  1328
 15:32:06      0    84    39     -    57     8     0     0   715  1328
 15:32:07      0    42    39     -    59     6     0     0   715  1328
 15:32:07      0    41    38     -     0     0     0     0   715  1328
 15:32:07      0    44    38     -    43     2     0     0   715  1328
 15:32:08      0    53    38     -    26     2     0     0   715  1328
 15:32:08      0    92    39     -    36     7     0     0   715  1328
 15:32:08      0    44    39     -    64    14     0     0   715  1328
 15:32:08      0    42    39     -    65     6     0     0   715  1328
 15:32:09      0    41    39     -     0     0     0     0   715  1328
 15:32:09      0    43    39     -    43     2     0     0   715  1328
 15:32:09      0    42    38     -    29     3     0     0   715  1328
 15:32:10      0    67    39     -    34     6     0     0   715  1328
 15:32:10      0    52    39     -    63    14     0     0   715  1328
 15:32:10      0    49    39     -    61     5     0     0   715  1328
 15:32:10      0    41    39     -     1     1     0     0   715  1328
 15:32:11      0    76    39     -    43     2     0     0   715  1328
 15:32:11      0    46    39     -    24     3     0     0   715  1328
 15:32:11      0    57    39     -    30     6     0     0   715  1328
 15:32:11      0    60    39     -    62    13     0     0   715  1328
 15:32:12      0    76    39     -    68     4     0     0   715  1328
 15:32:12      0    41    39     -    46     7     0     0   715  1328
 15:32:12      0    42    39     -    39     2     0     0   715  1328
 15:32:13      0    42    39     -    24     2     0     0   715  1328
 15:32:13      0    55    39     -    26     2     0     0   715  1328
 15:32:13      0    64    39     -    62    12     0     0   715  1328
 15:32:13      0    58    39     -    71     5     0     0   715  1328
 15:32:14      0    42    39     -    46     6     0     0   715  1328
 15:32:14      0    44    39     -    27     2     0     0   715  1328
 15:32:14      0    44    39     -    24     2     0     0   715  1328
 15:32:14      0    45    39     -    22     2     0     0   715  1328
 15:32:15      0    62    39     -    30     5     0     0   715  1328
 15:32:15      0    43    39     -    38     7     0     0   715  1328
 15:32:15      0    43    39     -    28     3     0     0   715  1328
 15:32:16      0    41    39     -    36     4     0     0   715  1328
 15:32:16      0    41    39     -     8     3     0     0   715  1328
 15:32:16      0    47    39     -    54     3     0     0   715  1328
 15:32:17      0    44    39     -    24     3     0     0   715  1328
 15:32:17      0    79    39     -    26     4     0     0   715  1328
 15:32:17      0    50    39     -    61    12     0     0   715  1328
 15:32:17      0    59    39     -    62     7     0     0   715  1328
 15:32:18      0    41    39     -    34     4     0     0   715  1328
 15:32:18      0    80    39     -    52     3     0     0   715  1328
 15:32:18      0    47    39     -    24     3     0     0   715  1328
 15:32:18      0    55    39     -    23     4     0     0   715  1328
 15:32:19      0    45    39     -    64    14     0     0   715  1328
 15:32:19      0    44    39     -    62     6     0     0   715  1328
 15:32:19      0    41    39     -    44     7     0     0   715  1328
 15:32:20      0    42    39     -    43     2     0     0   715  1328
 15:32:20      0    43    39     -    24     3     0     0   715  1328
 15:32:20      0    76    39     -    26     3     0     0   715  1328
 15:32:20      0    77    39     -    64    14     0     0   715  1328
 15:32:21      0    42    39     -    62     8     0     0   715  1328
 15:32:21      0    42    39     -    45     7     0     0   715  1328
 15:32:21      0    44    39     -    43     2     0     0   715  1328
 15:32:22      0    46    39     -    21     2     0     0   715  1328
 15:32:22      0    51    39     -    23     3     0     0   715  1328
 15:32:22      0    53    39     -    65    14     0     0   715  1328
 15:32:22      0    44    39     -    62     9     0     0   715  1328
 15:32:23      0    42    39     -    51     7     0     0   715  1328
 15:32:23      0    42    39     -    43     2     0     0   715  1328
 15:32:23      0    44    39     -    21     2     0     0   715  1328
 15:32:23      0    48    39     -    26     3     0     0   715  1328
 15:32:24      0    64    40     -    64    13     0     0   715  1328
 15:32:24      0    45    39     -    58     9     0     0   715  1328
 15:32:24      0    44    39     -    47     7     0     0   715  1328
 15:32:25      0    44    39     -     6     2     0     0   715  1328
 15:32:25      0    42    39     -    26     3     0     0   715  1328
 15:32:25      0    46    39     -    26     2     0     0   715  1328
 15:32:25      0    66    40     -    26     6     0     0   715  1328
 15:32:26      0    55    40     -    61    11     0     0   715  1328
 15:32:26      0    41    39     -    49     6     0     0   715  1328
 15:32:26      0    41    39     -     0     0     0     0   715  1328
 15:32:27      0    41    39     -    43     2     0     0   715  1328
 15:32:27      0    76    39     -    24     2     0     0   715  1328
 15:32:27      0    49    39     -    26     6     0     0   715  1328
 15:32:27      0    52    39     -    63    12     0     0   715  1328
 15:32:28      0    52    39     -    70     5     0     0   715  1328
 15:32:28      0    41    39     -    50     7     0     0   715  1328
 15:32:28      0    43    39     -    27     2     0     0   715  1328
 15:32:28      0    44    39     -    24     2     0     0   715  1328
 15:32:29      0    60    39     -    24     2     0     0   715  1328
 15:32:29      0    45    39     -    59    11     0     0   715  1328
 15:32:29      0    43    39     -    68     5     0     0   715  1328
 15:32:30      0    42    39     -    57     7     0     0   715  1328
 15:32:30      0    42    39     -    18     1     0     0   715  1328
 15:32:30      0    62    39     -    28     3     0     0   715  1328
 15:32:30      0    44    39     -    23     2     0     0   715  1328
 15:32:31      0    62    40     -    55    11     0     0   715  1328
 15:32:31      0    44    39     -    62     6     0     0   715  1328
 15:32:31      0    43    39     -    71     7     0     0   715  1328
 15:32:31      0    44    39     -     3     1     0     0   715  1328
 15:32:32      0    41    39     -    21     2     0     0   715  1328
 15:32:32      0    71    39     -    29     3     0     0   715  1328
 15:32:32      0    52    40     -    53    11     0     0   715  1328
 15:32:33      0    46    40     -    59    12     0     0   715  1328
 15:32:33      0    55    39     -    74     7     0     0   715  1328
 15:32:33      0    45    39     -     2     1     0     0   715  1328
 15:32:33      0    42    39     -    52     2     0     0   715  1328
 15:32:34      0    51    39     -    29     3     0     0   715  1328
 15:32:34      0    70    40     -    53    11     0     0   715  1328
 15:32:34      0    81    40     -    59    12     0     0   715  1328
 15:32:34      0    68    39     -    74     7     0     0   715  1328
 15:32:35      0    52    39     -     1     1     0     0   715  1328
 15:32:35      0    43    39     -    53     3     0     0   715  1328
 15:32:35      0    44    39     -    29     3     0     0   715  1328
 15:32:36      0    83    40     -    52    11     0     0   715  1328
 15:32:36      0    43    40     -    59    12     0     0   715  1328
 15:32:36      0    42    39     -    74     7     0     0   715  1328
 15:32:36      0    42    39     -    17     4     0     0   715  1328
 15:32:37      0    42    39     -    54     3     0     0   715  1328
 15:32:37      0    59    39     -    24     3     0     0   715  1328
 15:32:37      0    66    40     -    23     5     0     0   715  1328
 15:32:38      0    73    40     -    55    12     0     0   715  1328
 15:32:38      0    76    40     -    64     6     0     0   715  1328
 15:32:38      0    42    39     -     8     3     0     0   715  1328
 15:32:38      0    42    39     -     6     1     0     0   715  1328
 15:32:39      0    42    39     -    21     2     0     0   715  1328
 15:32:39      0    50    40     -    26     5     0     0   715  1328
 15:32:39      0    69    40     -    51    11     0     0   715  1328
 15:32:40      0    58    40     -    58     6     0     0   715  1328
 15:32:40      0    42    40     -    16     3     0     0   715  1328
 15:32:40      0    42    39     -     0     0     0     0   715  1328
 15:32:40      0    49    39     -    27     3     0     0   715  1328
 15:32:41      0    59    39     -    23     4     0     0   715  1328
 15:32:41      0    57    40     -    40     6     0     0   715  1328
 15:32:41      0    44    40     -    58     8     0     0   715  1328
 15:32:41      0    42    39     -    40     6     0     0   715  1328
 15:32:42      0    42    39     -     0     0     0     0   715  1328
 15:32:42      0    44    39     -    30     3     0     0   715  1328
 15:32:42      0    49    40     -    27     4     0     0   715  1328
 15:32:43      0    64    40     -    38     6     0     0   715  1328
 15:32:43      0    46    40     -    57     8     0     0   715  1328
 15:32:43      0    45    40     -    44     7     0     0   715  1328
 15:32:43      0    44    40     -     0     0     0     0   715  1328
 15:32:44      0    42    39     -    27     3     0     0   715  1328
 15:32:44      0    45    39     -    24     2     0     0   715  1328
 15:32:44      0    60    40     -    38     7     0     0   715  1328
 15:32:44      0    55    40     -    58     8     0     0   715  1328
 15:32:45      0    70    40     -    65     6     0     0   715  1328
 15:32:45      0    46    39     -     0     0     0     0   715  1328
 15:32:45      0    42    39     -    22     3     0     0   715  1328
 15:32:46      0    64    40     -    29     3     0     0   715  1328
 15:32:46      0    57    40     -    34     7     0     0   715  1328
 15:32:46      0    85    40     -    63     8     0     0   715  1328
 15:32:46      0    42    40     -    65     6     0     0   715  1328
 15:32:47      0    56    40     -     0     0     0     0   715  1328
 15:32:47      0    43    40     -    21     2     0     0   715  1328
 15:32:47      0    44    39     -    13     2     0     0   715  1328
 15:32:48      0    46    40     -    21     3     0     0   715  1328
 15:32:48      0    45    40     -    50     9     0     0   715  1328
 15:32:48      0    43    40     -    29     6     0     0   715  1328
 15:32:48      0    61    40     -    55     6     0     0   715  1328
 15:32:49      0    42    40     -    36     5     0     0   715  1328
 15:32:49      0    42    39     -    43     2     0     0   715  1328
 15:32:49      0    42    39     -    24     2     0     0   715  1328
 15:32:50      0    55    40     -    26     2     0     0   715  1328
 15:32:50      0    67    40     -    64    14     0     0   715  1328
 15:32:50      0    56    40     -    71     5     0     0   715  1328
 15:32:50      0    42    40     -    45     6     0     0   715  1328
 15:32:51      0    43    39     -    34     2     0     0   715  1328
 15:32:51      0    44    39     -    24     2     0     0   715  1328
 15:32:51      0    59    40     -    23     2     0     0   715  1328
 15:32:52      0    45    40     -    62    12     0     0   715  1328
 15:32:52      0    43    40     -    72     5     0     0   715  1328
 15:32:52      0    42    40     -    49     6     0     0   715  1328
 15:32:52      0    42    40     -    27     2     0     0   715  1328
 15:32:53      0    55    40     -    23     2     0     0   715  1328
 15:32:53      0    45    40     -    25     3     0     0   715  1328
 15:32:53      0    66    40     -    60    12     0     0   715  1328
 15:32:53      0    45    40     -    65     5     0     0   715  1328
 15:32:54      0    43    40     -    64     7     0     0   715  1328
 15:32:54      0    44    40     -    15     1     0     0   715  1328
 15:32:54      0    42    40     -    39     2     0     0   715  1328
 15:32:55      0    61    40     -    25     3     0     0   715  1328
 15:32:55      0    90    40     -    57    11     0     0   715  1328
 15:32:55      0    50    40     -    58    12     0     0   715  1328
 15:32:55      0    48    40     -    66     7     0     0   715  1328
 15:32:56      0    44    40     -    14     1     0     0   715  1328
 15:32:56      0    42    40     -    40     2     0     0   715  1328
 15:32:56      0    47    40     -    25     3     0     0   715  1328
 15:32:57      0    72    40     -    57    11     0     0   715  1328
 15:32:57      0    60    40     -    59    12     0     0   715  1328
 15:32:57      0    88    40     -    65     7     0     0   715  1328
 15:32:57      0    46    40     -    14     1     0     0   715  1328
 15:32:58      0    42    40     -    40     2     0     0   715  1328
 15:32:58      0    60    40     -    24     3     0     0   715  1328
 15:32:58      0    60    40     -    28     6     0     0   715  1328
 15:32:58      0    82    40     -    57    12     0     0   715  1328
 15:32:59      0    42    40     -    70     7     0     0   715  1328
 15:32:59      0    47    40     -     2     1     0     0   715  1328
 15:32:59      0    42    40     -    52     2     0     0   715  1328
 15:33:00      0    60    40     -    24     2     0     0   715  1328
 15:33:00      0    57    40     -    25     6     0     0   715  1328
 15:33:00      0    54    40     -    56    10     0     0   715  1328
 15:33:00      0    52    40     -    65     6     0     0   715  1328
 15:33:01      0    42    40     -     8     3     0     0   715  1328
 15:33:01      0    43    40     -     9     1     0     0   715  1328
 15:33:01      0    44    40     -    25     3     0     0   715  1328
 15:33:02      0    53    40     -    29     6     0     0   715  1328
 15:33:02      0    44    40     -    55    10     0     0   715  1328
 15:33:02      0    43    40     -    64     6     0     0   715  1328
 15:33:02      0    42    40     -     9     3     0     0   715  1328
 15:33:03      0    42    40     -     2     1     0     0   715  1328
 15:33:03      0    52    40     -    21     2     0     0   715  1328
 15:33:03      0    44    40     -    29     3     0     0   715  1328
 15:33:03      0    63    40     -    50    10     0     0   715  1328
 15:33:04      0    44    40     -    58     6     0     0   715  1328
 15:33:04      0    42    40     -    74     7     0     0   715  1328
 15:33:04      0    43    40     -     0     0     0     0   715  1328
 15:33:05      0    44    40     -    21     2     0     0   715  1328
 15:33:05      0    52    40     -    28     3     0     0   715  1328
 15:33:05      0    72    40     -    49    10     0     0   715  1328
 15:33:05      0    46    40     -    58     6     0     0   715  1328
 15:33:06      0    44    40     -    71     7     0     0   715  1328
 15:33:06      0    44    40     -     0     0     0     0   715  1328
 15:33:06      0    42    40     -    21     2     0     0   715  1328
 15:33:06      0    46    40     -    24     3     0     0   715  1328
 15:33:07      0    64    40     -    47     9     0     0   715  1328
 15:33:07      0    54    40     -    60     6     0     0   715  1328
 15:33:07      0    74    40     -    64     7     0     0   715  1328
 15:33:08      0    46    40     -     0     0     0     0   715  1328
 15:33:08      0    42    40     -    54     3     0     0   715  1328
 15:33:08      0    65    40     -    24     3     0     0   715  1328
 15:33:08      0    61    40     -    45     8     0     0   715  1328
 15:33:09      0    79    40     -    60    12     0     0   715  1328
 15:33:09      0    42    40     -    62     7     0     0   715  1328
 15:33:09      0    58    40     -     0     0     0     0   715  1328
 15:33:10      0    45    40     -    51     3     0     0   715  1328
 15:33:10      0    44    40     -    24     3     0     0   715  1328
 15:33:10      0    64    40     -    22     5     0     0   715  1328
 15:33:10      0    51    40     -    50    11     0     0   715  1328
 15:33:11      0    47    40     -    58     6     0     0   715  1328
 15:33:11      0    42    40     -    28     4     0     0   715  1328
 15:33:11      0    42    40     -    54     3     0     0   715  1328
 15:33:11      0    43    40     -    21     2     0     0   715  1328
 15:33:12      0    51    40     -    26     4     0     0   715  1328
 15:33:12      0    59    40     -    61    12     0     0   715  1328
 15:33:12      0    42    40     -    64     9     0     0   715  1328
 15:33:13      0    42    40     -    34     4     0     0   715  1328
 15:33:13      0    45    40     -     0     0     0     0   715  1328
 15:33:13      0    46    40     -    25     3     0     0   715  1328
 15:33:13      0    52    40     -    23     4     0     0   715  1328
 15:33:14      0    51    40     -    42     7     0     0   715  1328
 15:33:14      0    44    40     -    60     9     0     0   715  1328
 15:33:14      0    42    40     -    39     6     0     0   715  1328
 15:33:15      0    42    40     -     0     0     0     0   715  1328
 15:33:15      0    44    40     -    31     3     0     0   715  1328
 15:33:15      0    46    40     -    26     4     0     0   715  1328
 15:33:15      0    55    41     -    38     6     0     0   715  1328
 15:33:16      0    45    40     -    58     8     0     0   715  1328
 15:33:16      0    43    40     -    43     6     0     0   715  1328
 15:33:16      0    44    40     -     0     0     0     0   715  1328
 15:33:16      0    42    40     -    30     3     0     0   715  1328
 15:33:17      0    58    40     -    27     4     0     0   715  1328
 15:33:17      0    65    40     -    39     6     0     0   715  1328
 15:33:17      0    46    40     -    58     8     0     0   715  1328
 15:33:18      0    51    40     -    65     6     0     0   715  1328
 15:33:18      0    45    40     -     0     0     0     0   715  1328
 15:33:18      0    42    40     -    27     3     0     0   715  1328
 15:33:18      0    50    40     -    24     2     0     0   715  1328
 15:33:19      0    63    40     -    36     7     0     0   715  1328
 15:33:19      0    78    40     -    59     8     0     0   715  1328
 15:33:19      0    42    40     -    65     6     0     0   715  1328
 15:33:19      0    42    40     -     2     1     0     0   715  1328
 15:33:20      0    42    40     -    23     2     0     0   715  1328
 15:33:20      0    43    40     -    22     1     0     0   715  1328
 15:33:20      0    67    40     -    15     3     0     0   715  1328
 15:33:21      0    47    40     -    53    11     0     0   715  1328
 15:33:21      0    42    40     -    37     3     0     0   715  1328
 15:33:21      0    73    40     -    37     3     0     0   715  1328
 15:33:22      0    42    40     -    22     1     0     0   715  1328
 15:33:22      0    44    40     -    11     1     0     0   715  1328
 15:33:22      0    42    40     -    43     2     0     0   715  1328
 15:33:22      0    44    40     -    29     3     0     0   715  1328
 15:33:23      0    60    40     -    54    11     0     0   715  1328
 15:33:23      0    53    40     -    58    12     0     0   715  1328
 15:33:23      0    74    40     -    74     7     0     0   715  1328
 15:33:23      0    46    40     -     0     0     0     0   715  1328
 15:33:24      0    43    40     -    54     3     0     0   715  1328
 15:33:24      0    68    40     -    29     3     0     0   715  1328
 15:33:24      0    57    40     -    50    10     0     0   715  1328
 15:33:25      0    86    40     -    59    13     0     0   715  1328
 15:33:25      0    42    40     -    74     7     0     0   715  1328
 15:33:25      0    58    40     -     0     0     0     0   715  1328
 15:33:25      0    45    40     -    54     3     0     0   715  1328
 15:33:26      0    47    40     -    29     3     0     0   715  1328
 15:33:26      0    72    41     -    50    10     0     0   715  1328
 15:33:26      0    44    40     -    60    13     0     0   715  1328
 15:33:26      0    42    40     -    70     7     0     0   715  1328
 15:33:27      0    42    40     -    22     4     0     0   715  1328
 15:33:27      0    43    40     -    54     3     0     0   715  1328
 15:33:27      0    42    40     -    24     3     0     0   715  1328
 15:33:28      0    66    41     -    26     4     0     0   715  1328
 15:33:28      0    49    41     -    60    12     0     0   715  1328
 15:33:28      0    47    40     -    63     7     0     0   715  1328
 15:33:28      0    42    40     -    34     5     0     0   715  1328
 15:33:29      0    56    40     -    50     3     0     0   715  1328
 15:33:29      0    47    40     -    24     3     0     0   715  1328
 15:33:29      0    77    40     -    23     4     0     0   715  1328
 15:33:29      0    60    40     -    64    13     0     0   715  1328
 15:33:30      0    79    40     -    63     7     0     0   715  1328
 15:33:30      0    42    40     -    42     6     0     0   715  1328
 15:33:30      0    42    40     -    43     2     0     0   715  1328
 15:33:31      0    79    40     -    25     2     0     0   715  1328
 15:33:31      0    54    40     -    26     3     0     0   715  1328
 15:33:31      0    69    41     -    65    14     0     0   715  1328
 15:33:31      0    59    40     -    61     6     0     0   715  1328
 15:33:32      0    42    40     -    49     7     0     0   715  1328
 15:33:32      0    42    40     -    41     2     0     0   715  1328
 15:33:32      0    42    40     -    21     2     0     0   715  1328
 15:33:33      0    44    40     -    19     2     0     0   715  1328
 15:33:33      0    73    41     -    30     6     0     0   715  1328
 15:33:33      0    43    40     -    62     9     0     0   715  1328
 15:33:33      0    42    40     -    63     4     0     0   715  1328
 15:33:34      0    42    40     -     8     3     0     0   715  1328
 15:33:34      0    44    40     -    33     3     0     0   715  1328
 15:33:34      0    43    40     -    24     2     0     0   715  1328
 15:33:35      0    80    40     -    24     5     0     0   715  1328
 15:33:35      0    54    41     -    59    12     0     0   715  1328
 15:33:35      0    66    40     -    62     5     0     0   715  1328
 15:33:35      0    42    40     -     8     3     0     0   715  1328
 15:33:36      0    42    40     -    51     2     0     0   715  1328
 15:33:36      0    78    40     -    21     2     0     0   715  1328
 15:33:36      0    50    40     -    26     4     0     0   715  1328
 15:33:36      0    66    41     -    61    14     0     0   715  1328
 15:33:37      0    64    40     -    61     6     0     0   715  1328
 15:33:37      0    42    40     -    34     5     0     0   715  1328
 15:33:37      0    45    40     -    44     3     0     0   715  1328
 15:33:38      0    47    40     -    28     3     0     0   715  1328
 15:33:38      0    59    40     -    26     3     0     0   715  1328
 15:33:38      0    60    41     -    62    13     0     0   715  1328
 15:33:38      0    44    40     -    63     8     0     0   715  1328
 15:33:39      0    43    40     -    46     7     0     0   715  1328
 15:33:39      0    44    40     -     0     0     0     0   715  1328
 15:33:39      0    42    40     -    21     2     0     0   715  1328
 15:33:39      0    45    40     -    26     2     0     0   715  1328
 15:33:40      0    61    41     -    29     6     0     0   715  1328
 15:33:40      0    74    41     -    50     8     0     0   715  1328
 15:33:40      0    69    40     -    54     7     0     0   715  1328
 15:33:41      0    53    40     -     8     3     0     0   715  1328
 15:33:41      0    44    40     -    41     3     0     0   715  1328
 15:33:41      0    45    40     -    26     3     0     0   715  1328
 15:33:41      0    87    41     -    25     6     0     0   715  1328
 15:33:42      0    43    40     -    58    11     0     0   715  1328
 15:33:42      0    42    41     -    60     7     0     0   715  1328
 15:33:42      0    42    40     -     8     3     0     0   715  1328
 15:33:43      0    42    40     -    40     3     0     0   715  1328
 15:33:43      0    43    40     -    24     3     0     0   715  1328
 15:33:43      0    60    41     -    21     4     0     0   715  1328
 15:33:43      0    51    41     -    52    13     0     0   715  1328
 15:33:44      0    47    40     -    69     5     0     0   715  1328
 15:33:44      0    42    40     -    45     6     0     0   715  1328
 15:33:44      0    42    40     -    37     2     0     0   715  1328
 15:33:44      0    43    40     -    24     2     0     0   715  1328
 15:33:45      0    50    40     -    26     2     0     0   715  1328
 15:33:45      0    49    41     -    62    12     0     0   715  1328
 15:33:45      0    43    40     -    71     5     0     0   715  1328
 15:33:46      0    42    40     -    47     6     0     0   715  1328
 15:33:46      0    46    40     -    29     2     0     0   715  1328
 15:33:46      0    47    40     -    24     2     0     0   715  1328
 15:33:46      0    54    40     -    23     2     0     0   715  1328
 15:33:47      0    52    41     -    61    11     0     0   715  1328
 15:33:47      0    44    40     -    65     5     0     0   715  1328
 15:33:47      0    42    40     -    64     7     0     0   715  1328
 15:33:48      0    42    40     -    14     1     0     0   715  1328
 15:33:48      0    44    40     -    28     3     0     0   715  1328
 15:33:48      0    48    40     -    24     3     0     0   715  1328
 15:33:48      0    64    41     -    55    10     0     0   715  1328
 15:33:49      0    47    41     -    56    12     0     0   715  1328
 15:33:49      0    47    41     -    73     7     0     0   715  1328
 15:33:49      0    45    40     -     0     0     0     0   715  1328
 15:33:49      0    42    40     -    54     3     0     0   715  1328
 15:33:50      0    51    40     -    29     3     0     0   715  1328
 15:33:50      0    51    41     -    49    10     0     0   715  1328
 15:33:50      0    99    40     -    61    13     0     0   715  1328
 15:33:51      0    42    41     -    68     7     0     0   715  1328
 15:33:51      0    58    40     -     0     0     0     0   715  1328
 15:33:51      0    44    41     -    54     3     0     0   715  1328
 15:33:51      0    47    40     -    24     3     0     0   715  1328
 15:33:52      0    71    41     -    48     9     0     0   715  1328
 15:33:52      0    44    41     -    62    15     0     0   715  1328
 15:33:52      0    43    41     -    63     7     0     0   715  1328
 15:33:53      0    45    40     -     0     0     0     0   715  1328
 15:33:53      0    42    40     -    18     2     0     0   715  1328
 15:33:53      0    43    40     -    16     1     0     0   715  1328
 15:33:54      0    51    41     -    24     5     0     0   715  1328
 15:33:54      0    45    41     -    59    11     0     0   715  1328
 15:33:54      0    57    41     -    53     6     0     0   715  1328
 15:33:54      0    42    40     -    10     1     0     0   715  1328
 15:33:55      0    42    40     -    19     1     0     0   715  1328
 15:33:55      0    43    40     -    30     3     0     0   715  1328
 15:33:55      0    47    40     -    21     2     0     0   715  1328
 15:33:56      0    56    41     -    55    10     0     0   715  1328
 15:33:56      0    45    41     -    65     6     0     0   715  1328
 15:33:56      0    44    41     -    69     7     0     0   715  1328
 15:33:56      0    44    40     -     9     1     0     0   715  1328
 15:33:57      0    42    40     -    46     2     0     0   715  1328
 15:33:57      0    45    41     -    29     3     0     0   715  1328
 15:33:57      0    60    41     -    54    11     0     0   715  1328
 15:33:57      0    54    41     -    58    12     0     0   715  1328
 15:33:58      0    75    41     -    74     7     0     0   715  1328
 15:33:58      0    46    40     -     0     0     0     0   715  1328
 15:33:58      0    42    40     -    54     3     0     0   715  1328
 15:33:59      0    55    40     -    29     3     0     0   715  1328
 15:33:59      0    58    41     -    51    10     0     0   715  1328
 15:33:59      0    85    41     -    58    13     0     0   715  1328
 15:33:59      0    42    41     -    73     7     0     0   715  1328
 15:34:00      0    42    40     -     0     0     0     0   715  1328
 15:34:00      0    42    40     -    54     3     0     0   715  1328
 15:34:00      0    48    40     -    24     3     0     0   715  1328
 15:34:01      0    64    41     -    45     8     0     0   715  1328
 15:34:01      0    47    41     -    61    13     0     0   715  1328
 15:34:01      0    44    41     -    62     7     0     0   715  1328
 15:34:01      0    42    40     -    33     4     0     0   715  1328
 15:34:02      0    44    41     -    52     3     0     0   715  1328
 15:34:02      0    43    40     -    24     3     0     0   715  1328
 15:34:02      0    64    41     -    23     4     0     0   715  1328
 15:34:02      0    49    41     -    61    12     0     0   715  1328
 15:34:03      0    47    41     -    63     6     0     0   715  1328
 15:34:03      0    42    41     -    36     5     0     0   715  1328
 15:34:03      0    56    40     -    50     3     0     0   715  1328
 15:34:04      0    45    41     -    24     3     0     0   715  1328
 15:34:04      0    74    41     -    23     4     0     0   715  1328
 15:34:04      0    60    41     -    63    13     0     0   715  1328
 15:34:04      0    75    41     -    63     6     0     0   715  1328
 15:34:05      0    42    41     -    38     6     0     0   715  1328
 15:34:05      0    42    40     -    47     3     0     0   715  1328
 15:34:05      0    59    41     -    21     1     0     0   715  1328
 15:34:06      0    45    41     -    17     2     0     0   715  1328
 15:34:06      0    55    41     -    44     8     0     0   715  1328
 15:34:06      0    54    41     -    63     9     0     0   715  1328
 15:34:06      0    79    41     -    60     6     0     0   715  1328
 15:34:07      0    47    41     -     0     0     0     0   715  1328
 15:34:07      0    42    40     -    25     3     0     0   715  1328
 15:34:07      0    43    41     -    24     3     0     0   715  1328
 15:34:07      0    63    41     -    40     6     0     0   715  1328
 15:34:08      0    52    41     -    56     8     0     0   715  1328
 15:34:08      0    42    41     -    62     6     0     0   715  1328
 15:34:08      0    42    41     -     0     0     0     0   715  1328
 15:34:09      0    42    41     -    22     2     0     0   715  1328
 15:34:09      0    55    41     -    29     3     0     0   715  1328
 15:34:09      0    80    41     -    34     7     0     0   715  1328
 15:34:09      0    46    41     -    63    14     0     0   715  1328
 15:34:10      0    43    41     -    65     6     0     0   715  1328
 15:34:10      0    42    41     -     0     0     0     0   715  1328
 15:34:10      0    47    41     -    43     2     0     0   715  1328
 15:34:10      0    44    41     -    27     3     0     0   715  1328
 15:34:11      0    70    41     -    29     5     0     0   715  1328
 15:34:11      0    49    41     -    63    14     0     0   715  1328
 15:34:11      0    59    41     -    68     5     0     0   715  1328
 15:34:12      0    42    41     -     8     3     0     0   715  1328
 15:34:12      0    80    41     -    36     2     0     0   715  1328
 15:34:12      0    48    41     -    24     2     0     0   715  1328
 15:34:12      0    59    41     -    27     6     0     0   715  1328
 15:34:13      0    51    41     -    61    12     0     0   715  1328
 15:34:13      0    80    41     -    71     5     0     0   715  1328
 15:34:13      0    42    41     -     8     3     0     0   715  1328
 15:34:14      0    42    41     -    30     2     0     0   715  1328
 15:34:14      0    42    41     -    24     2     0     0   715  1328
 15:34:14      0    53    41     -    27     6     0     0   715  1328
 15:34:14      0    59    41     -    61    11     0     0   715  1328
 15:34:15      0    53    41     -    72     5     0     0   715  1328
 15:34:15      0    42    41     -    52     7     0     0   715  1328
 15:34:15      0    44    41     -    20     1     0     0   715  1328
 15:34:15      0    43    41     -    29     2     0     0   715  1328
 15:34:16      0    62    41     -    22     2     0     0   715  1328
 15:34:16      0    65    41     -    48    10     0     0   715  1328
 15:34:16      0    45    41     -    49     7     0     0   715  1328
 15:34:17      0    53    41     -    52     9     0     0   715  1328
 15:34:17      0    45    41     -     2     1     0     0   715  1328
 15:34:17      0    42    40     -    22     2     0     0   715  1328
 15:34:17      0    52    41     -    28     4     0     0   715  1328
 15:34:18      0    67    41     -    28     5     0     0   715  1328
 15:34:18      0    80    41     -    61    10     0     0   715  1328
 15:34:18      0    69    41     -    47     7     0     0   715  1328
 15:34:19      0    50    40     -     6     2     0     0   715  1328
 15:34:19      0    45    41     -    23     3     0     0   715  1328
 15:34:19      0    43    40     -    24     2     0     0   715  1328
 15:34:19      0    69    41     -    26     6     0     0   715  1328
 15:34:20      0    47    41     -    58    11     0     0   715  1328
 15:34:20      0    45    41     -    67     5     0     0   715  1328
 15:34:20      0    42    41     -     8     3     0     0   715  1328
 15:34:20      0    50    41     -    43     2     0     0   715  1328
 15:34:21      0    46    41     -    24     3     0     0   715  1328
 15:34:21      0    72    41     -    26     5     0     0   715  1328
 15:34:21      0    59    41     -    59    12     0     0   715  1328
 15:34:22      0    77    41     -    59     6     0     0   715  1328
 15:34:22      0    42    41     -    12     3     0     0   715  1328
 15:34:22      0    42    40     -    54     3     0     0   715  1328
 15:34:22      0    64    40     -    21     2     0     0   715  1328
 15:34:23      0    52    41     -    25     4     0     0   715  1328
 15:34:23      0    60    41     -    63    14     0     0   715  1328
 15:34:23      0    53    41     -    58     6     0     0   715  1328
 15:34:23      0    42    41     -    28     4     0     0   715  1328
 15:34:24      0    44    41     -    54     3     0     0   715  1328
 15:34:24      0    44    41     -    21     2     0     0   715  1328
 15:34:24      0    47    41     -    23     4     0     0   715  1328
 15:34:25      0    48    41     -    43     7     0     0   715  1328
 15:34:25      0    44    41     -    58     8     0     0   715  1328
 15:34:25      0    42    41     -    42     6     0     0   715  1328
 15:34:25      0    42    41     -     0     0     0     0   715  1328
 15:34:26      0    43    41     -    30     3     0     0   715  1328
 15:34:26      0    46    41     -    27     4     0     0   715  1328
 15:34:26      0    54    41     -    38     6     0     0   715  1328
 15:34:27      0    45    41     -    58     8     0     0   715  1328
 15:34:27      0    43    41     -    44     7     0     0   715  1328
 15:34:27      0    45    41     -     0     0     0     0   715  1328
 15:34:27      0    42    41     -    18     1     0     0   715  1328
 15:34:28      0    47    41     -    19     2     0     0   715  1328
 15:34:28      0    73    41     -    30     6     0     0   715  1328
 15:34:28      0    61    41     -    63    13     0     0   715  1328
 15:34:28      0    81    41     -    62     5     0     0   715  1328
 15:34:29      0    42    41     -    53     9     0     0   715  1328
 15:34:29      0    42    41     -    43     2     0     0   715  1328
 15:34:29      0    71    41     -    24     2     0     0   715  1328
 15:34:30      0    50    41     -    26     2     0     0   715  1328
 15:34:30      0    60    41     -    64    14     0     0   715  1328
 15:34:30      0    53    41     -    71     5     0     0   715  1328
 15:34:30      0    42    41     -    45     6     0     0   715  1328
 15:34:31      0    43    41     -    32     2     0     0   715  1328
 15:34:31      0    44    41     -    24     2     0     0   715  1328
 15:34:31      0    60    41     -    23     2     0     0   715  1328
 15:34:32      0    48    41     -    59    11     0     0   715  1328
 15:34:32      0    44    41     -    67     5     0     0   715  1328
 15:34:32      0    42    41     -    58     7     0     0   715  1328
 15:34:32      0    42    41     -    21     1     0     0   715  1328
 15:34:33      0    53    41     -    28     2     0     0   715  1328
 15:34:33      0    44    41     -    23     3     0     0   715  1328
 15:34:33      0    63    41     -    56    11     0     0   715  1328
 15:34:33      0    44    41     -    65     5     0     0   715  1328
 15:34:34      0    43    41     -    65     7     0     0   715  1328
 15:34:34      0    44    41     -    12     1     0     0   715  1328
 15:34:34      0    44    41     -    24     3     0     0   715  1328
 15:34:35      0    43    41     -    27     3     0     0   715  1328
 15:34:35      0    68    41     -    31     6     0     0   715  1328
 15:34:35      0    45    41     -    45     8     0     0   715  1328
 15:34:35      0    43    41     -    44     5     0     0   715  1328
 15:34:36      0    42    41     -    33     3     0     0   715  1328
 15:34:36      0    42    41     -    32     2     0     0   715  1328
 15:34:36      0    62    41     -    33     3     0     0   715  1328
 15:34:37      0    44    41     -    23     2     0     0   715  1328
 15:34:37      0    58    41     -    60    11     0     0   715  1328
 15:34:37      0    45    41     -    57    11     0     0   715  1328
 15:34:37      0    43    41     -    55     7     0     0   715  1328
 15:34:38      0    45    41     -    23     1     0     0   715  1328
 15:34:38      0    44    41     -    20     2     0     0   715  1328
 15:34:38      0    63    41     -    24     2     0     0   715  1328
 15:34:39      0    77    41     -    22     5     0     0   715  1328
 15:34:39      0    48    41     -    59    11     0     0   715  1328
 15:34:39      0    45    41     -    70     5     0     0   715  1328
 15:34:39      0    42    41     -     8     3     0     0   715  1328
 15:34:40      0    50    41     -    39     3     0     0   715  1328
 15:34:40      0    48    41     -    23     1     0     0   715  1328
 15:34:40      0    65    41     -    29     6     0     0   715  1328
 15:34:40      0    48    41     -    57    12     0     0   715  1328
 15:34:41      0    48    41     -    54     5     0     0   715  1328
 15:34:41      0    42    41     -    24     4     0     0   715  1328
 15:34:41      0    43    41     -    54     3     0     0   715  1328
 15:34:42      0    45    41     -    22     2     0     0   715  1328
 15:34:42      0    68    41     -    26     4     0     0   715  1328
 15:34:42      0    46    41     -    43     8     0     0   715  1328
 15:34:42      0    43    41     -    64     9     0     0   715  1328
 15:34:43      0    42    41     -    35     5     0     0   715  1328
 15:34:43      0    42    41     -     0     0     0     0   715  1328
 15:34:43      0    53    41     -    28     3     0     0   715  1328
 15:34:44      0    59    41     -    24     4     0     0   715  1328
 15:34:44      0    59    41     -    40     6     0     0   715  1328
 15:34:44      0    44    41     -    60     9     0     0   715  1328
 15:34:44      0    42    41     -    39     6     0     0   715  1328
 15:34:45      0    43    41     -     0     0     0     0   715  1328
 15:34:45      0    45    41     -    31     3     0     0   715  1328
 15:34:45      0    48    41     -    25     4     0     0   715  1328
 15:34:45      0    55    41     -    39     6     0     0   715  1328
 15:34:46      0    47    41     -    57     8     0     0   715  1328
 15:34:46      0    46    41     -    44     7     0     0   715  1328
 15:34:46      0    44    41     -     0     0     0     0   715  1328
 15:34:47      0    42    41     -    27     3     0     0   715  1328
 15:34:47      0    47    41     -    24     2     0     0   715  1328
 15:34:47      0    63    41     -    38     7     0     0   715  1328
 15:34:47      0    54    41     -    58     8     0     0   715  1328
 15:34:48      0    79    41     -    65     6     0     0   715  1328
 15:34:48      0    47    41     -     0     0     0     0   715  1328
 15:34:48      0    43    41     -    24     3     0     0   715  1328
 15:34:48      0    44    41     -    27     2     0     0   715  1328
 15:34:49      0    72    41     -    33     7     0     0   715  1328
 15:34:49      0    46    41     -    45     8     0     0   715  1328
 15:34:49      0    60    41     -    52     5     0     0   715  1328
 15:34:50      0    42    41     -    40     6     0     0   715  1328
 15:34:50      0    42    41     -    43     2     0     0   715  1328 
