14:38:03      0    29    36     -     0     0     0     0   715   405
 14:38:04      0    29    36     -     4     0     0     0   715   405
 14:38:05      0    29    36     -     0     0     0     0   715   405
 14:38:05      0    29    36     -     3     0     0     0   715   835
 14:38:06      0    35    36     -     3     0     0     0   715  1189
 14:38:06      0    35    36     -     3     0     0     0   715  1189
 14:38:06      0    38    36     -    46     3     0     0   715  1328
 14:38:07      0    40    36     -    17     1     0     0   715  1328
 14:38:07      0   145    38     -    51    10     0     0   715  1328
 14:38:07      0   149    39     -    99    34     0     0   715  1328
 14:38:07      0   133    40     -    99    35     0     0   715  1328
 14:38:08      0   140    40     -    99    35     0     0   715  1328
 14:38:08      0   146    40     -    99    35     0     0   715  1328
 14:38:08      0   134    41     -    99    36     0     0   715  1328
 14:38:08      0   138    41     -    99    35     0     0   715  1328
 14:38:09      0   145    41     -    99    35     0     0   715  1328
 14:38:09      0   150    41     -    99    34     0     0   715  1328
 14:38:09      0   131    41     -    99    35     0     0   715  1328
 14:38:10      0   131    41     -    99    34     0     0   715  1328
 14:38:10      0   108    41     -    99    35     0     0   715  1328
 14:38:10      0   133    41     -    99    36     0     0   715  1328
 14:38:10      0   141    42     -    99    34     0     0   715  1328
 14:38:11      0   136    42     -    99    36     0     0   715  1328
 14:38:11      0   138    42     -    99    35     0     0   715  1328
 14:38:11      0   143    42     -    99    35     0     0   715  1328
 14:38:12      0   134    42     -    99    34     0     0   715  1328
 14:38:12      0   139    42     -    99    36     0     0   715  1328
 14:38:12      0   144    43     -    99    36     0     0   715  1328
 14:38:12      0   147    42     -    99    35     0     0   715  1328
 14:38:13      0   126    43     -    99    35     0     0   715  1328
 14:38:13      0   137    43     -    99    34     0     0   715  1328
 14:38:13      0   146    43     -    99    36     0     0   715  1328
 14:38:14      0   142    43     -    99    35     0     0   715  1328
 14:38:14      0   138    43     -    99    35     0     0   715  1328
 14:38:14      0   142    43     -    99    36     0     0   715  1328
 14:38:14      0   147    43     -    99    35     0     0   715  1328
 14:38:15      0   138    43     -    99    36     0     0   715  1328
 14:38:15      0   139    43     -    99    34     0     0   715  1328
 14:38:15      0   146    43     -    99    35     0     0   715  1328
 14:38:15      0   152    44     -    99    35     0     0   715  1328
 14:38:16      0   129    44     -    99    35     0     0   715  1328
 14:38:16      0   139    44     -    99    36     0     0   715  1328
 14:38:16      0   145    44     -    99    35     0     0   715  1328
 14:38:17      0   141    44     -    99    36     0     0   715  1328
 14:38:17      0   134    44     -    99    35     0     0   715  1328
 14:38:17      0   145    44     -    99    36     0     0   715  1328
 14:38:17      0   150    44     -    99    35     0     0   715  1328
 14:38:18      0   132    44     -    99    35     0     0   715  1328
 14:38:18      0   137    44     -    99    36     0     0   715  1328
 14:38:18      0   148    44     -    99    36     0     0   715  1328
 14:38:18      0   148    45     -    99    36     0     0   715  1328
 14:38:19      0   124    45     -    99    35     0     0   715  1328
 14:38:19      0   137    45     -    99    36     0     0   715  1328
 14:38:19      0   144    45     -    99    34     0     0   715  1328
 14:38:20      0   140    45     -    99    35     0     0   715  1328
 14:38:20      0   134    45     -    99    35     0     0   715  1328
 14:38:20      0   142    45     -    99    35     0     0   715  1328
 14:38:20      0   149    45     -    99   36     0     0   715  1328
 14:38:21      0   129    45     -    99    35     0     0   715  1328
 14:38:21      0   138    45     -    99    36     0     0   715  1328
 14:38:21      0   138    46     -    99    34     0     0   715  1328
 14:38:22      0   141    46     -    99    35     0     0   715  1328
 14:38:22      0   147    46     -    99    34     0     0   715  1328
 14:38:22      0   132    46     -    99    35     0     0   715  1328
 14:38:22      0   136    46     -    99    35     0     0   715  1328
 14:38:23      0   146    46     -    99    35     0     0   715  1328
 14:38:23      0   147    46     -    99    36     0     0   715  1328
 14:38:23      0   142    46     -    99    36     0     0   715  1328
 14:38:23      0   138    46     -    99    36     0     0   715  1328
 14:38:24      0   145    46     -    99    34     0     0   715  1328
 14:38:24      0   137    46     -    99    36     0     0   715  1328
 14:38:24      0   136    46     -    99    35     0     0   715  1328
 14:38:25      0   148    46     -    99    35     0     0   715  1328
 14:38:25      0   149    46     -    99    34     0     0   715  1328
 14:38:25      0   123    47     -    99    36     0     0   715  1328
 14:38:25      0   141    47     -    99    36     0     0   715  1328
 14:38:26      0   146    47     -    99    35     0     0   715  1328
 14:38:26      0   141    47     -    99    36     0     0   715  1328
 14:38:26      0   137    47     -    99    34     0     0   715  1328
 14:38:26      0   146    47     -    99    36     0     0   715  1328
 14:38:27      0   154    47     -    99    35     0     0   715  1328
 14:38:27      0   128    47     -    99    35     0     0   715  1328
 14:38:27      0   138    47     -    99    36     0     0   715  1328
 14:38:28      0   148    47     -    99    35     0     0   715  1328
 14:38:28      0   144    47     -    99    36     0     0   715  1328
 14:38:28      0   136    47     -    99    34     0     0   715  1328
 14:38:28      0   143    48     -    99    35     0     0   715  1328 
