14:46:55      0    29    37     -     0     0     0     0   715   405
 14:46:56      0    29    37     -     0     0     0     0   715   405
 14:46:57      0    29    37     -     0     0     0     0   715   405
 14:46:57      0    28    37     -     5     0     0     0   715   430
 14:46:58      0    35    37     -     4     0     0     0   715  1189
 14:46:58      0    35    37     -     2     0     0     0   715  1189
 14:46:58      0    45    37     -     2     0     0     0   715  1189
 14:46:59      0    41    37     -    26     2     0     0   715  1316
 14:46:59      0    51    38     -    38     7     0     0   715  1328
 14:46:59      0    55    38     -    38     4     0     0   715  1328
 14:46:59      0    50    38     -    49     6     0     0   715  1328
 14:47:00      0    49    38     -    59     9     0     0   715  1328
 14:47:00      0    60    38     -    20     2     0     0   715  1328
 14:47:00      0    48    38     -    31     3     0     0   715  1328
 14:47:01      0    48    38     -    48     5     0     0   715  1328
 14:47:01      0    80    38     -    15     1     0     0   715  1328
 14:47:01      0    42    38     -    44     4     0     0   715  1328
 14:47:01      0    49    38     -    36     7     0     0   715  1328
 14:47:02      0    86    38     -    32     5     0     0   715  1328
 14:47:02      0    43    38     -    49     6     0     0   715  1328
 14:47:02      0    42    38     -    58     9     0     0   715  1328
 14:47:03      0    48    38     -    21     2     0     0   715  1328
 14:47:03      0    55    38     -    31     3     0     0   715  1328
 14:47:03      0    45    38     -    40     4     0     0   715  1328
 14:47:03      0    48    38     -    31     6     0     0   715  1328
 14:47:04      0    54    38     -    27     2     0     0   715  1328
 14:47:04      0    49    38     -    22     2     0     0   715  1328
 14:47:04      0    42    38     -    51     8     0     0   715  1328
 14:47:04      0    45    38     -    43     7     0     0  715  1328
 14:47:05      0    58    38     -    35     7     0     0   715  1328
 14:47:05      0    46    38     -    41     4     0     0   715  1328
 14:47:05      0    43    38     -    57     8     0     0   715  1328
 14:47:06      0    57    38     -    54     8     0     0   715  1328
 14:47:06      0    76    38     -    25     2     0     0   715  1328
 14:47:06      0    43    38     -    36     3     0     0   715  1328
 14:47:06      0    42    38     -    42     4     0     0   715  1328
 14:47:07      0    49    39     -    27     2     0     0   715  1328
 14:47:07      0    54    38     -    21     2     0     0   715  1328
 14:47:07      0    49    38     -    48     8     0     0   715  1328
 14:47:07      0    44    38     -    41     7     0     0   715  1328
 14:47:08      0    65    39     -    33     6     0     0   715  1328
 14:47:08      0    49    38     -    46     5     0     0   715  1328
 14:47:08      0    43    38     -    59     9     0     0   715  1328
 14:47:09      0    57    38     -    50     8     0     0   715  1328
 14:47:09      0    60    39     -    31     3     0     0   715  1328
 14:47:09      0    45    38     -    38     4     0     0   715  1328
 14:47:09      0    48    39     -    34     7     0     0   715  1328
 14:47:10      0    75    38     -    31     5     0     0   715  1328
 14:47:10      0    44    38     -    49     5     0     0   715  1328
 14:47:10      0    43    38     -    58     9     0     0   715  1328
 14:47:11      0    48    39     -    22     2     0     0   715  1328
 14:47:11      0    56    38     -    31     3     0     0   715  1328
 14:47:11      0    46    38     -    40     4     0     0   715  1328
 14:47:11      0    53    39     -    31     6     0     0   715  1328
 14:47:12      0    62    39     -    26     2     0     0   715  1328
 14:47:12      0    51    38     -    24     2     0     0   715  1328
 14:47:12      0    43    39     -    47     8     0     0   715  1328
 14:47:12      0    58    39     -    40     7     0     0   715  1328
 14:47:13      0    71    39     -    33     6     0     0   715  1328
 14:47:13      0    46    38     -    47     5     0     0   715  1328
 14:47:13      0    46    38     -    58     9     0     0   715  1328
 14:47:14      0    46    39     -    52     8     0     0   715  1328
 14:47:14      0    79    39     -    28     3     0     0   715  1328
 14:47:14      0    46    39     -    39     4     0     0   715  1328
 14:47:14      0    42    39     -    43     4     0     0   715  1328
 14:47:15      0    63    39     -    28     3     0     0   715  1328
 14:47:15      0    58    39     -    23     2     0     0   715  1328
 14:47:15      0    44    39     -    53     8     0     0   715  1328
 14:47:15      0    45    39     -    45     7     0     0   715  1328
 14:47:16      0    53    39     -    37     7     0     0   715  1328
 14:47:16      0    48    39     -    37     4     0     0   715  1328
 14:47:16      0    42    39     -    55     8     0     0   715  1328
 14:47:17      0    46    39     -    56     8     0     0   715  1328
 14:47:17      0    60    39     -    24     2     0     0   715  1328
 14:47:17      0    43    39     -    33     3     0     0   715  1328
 14:47:17      0    42    39     -    45     4     0     0   715  1328
 14:47:18      0    60    39     -    28     2     0     0   715  1328
 14:47:18      0    51    39     -    21     2     0     0   715  1328
 14:47:18      0    46    39     -    31     3     0     0   715  1328
 14:47:19      0    53    39     -    39     7     0     0   715  1328
 14:47:19      0    57    39     -    34     6     0     0   715  1328
 14:47:19      0    52    39     -    47     5     0     0   715  1328
 14:47:19      0    43    39     -    59     9     0     0   715  1328
 14:47:20      0    52    39     -    48     8     0     0   715  1328
 14:47:20      0    72    39     -    31     3     0     0   715  1328
 14:47:20      0    44    39     -    46     4     0     0   715  1328
 14:47:20      0    53    39     -    32     6     0     0   715  1328
 14:47:21      0    68    39     -    33     4     0     0   715  1328
 14:47:21      0    44    39     -    53     7     0     0   715  1328
 14:47:21      0    43    39     -    56     9     0     0   715  1328
 14:47:22      0    57    39     -    24     2     0     0   715  1328
 14:47:22      0    57    39     -    31     3     0     0   715  1328
 14:47:22      0    44    39     -    40     4     0     0   715  1328
 14:47:22      0    50    39     -    30     5     0     0   715  1328
 14:47:23      0    54    39     -    26     2     0     0   715  1328
 14:47:23      0    50    39     -    21     2     0     0   715  1328
 14:47:23      0    43    39     -    48     8     0     0   715  1328
 14:47:24      0    46    39     -    41     7     0     0   715  1328
 14:47:24      0    59    39     -    34     6     0     0   715  1328
 14:47:24      0    48    39     -    43     4     0     0   715  1328
 14:47:24      0    44    39     -    57     8     0     0   715  1328
 14:47:25      0    57    39     -    54     8     0     0   715  1328
 14:47:25      0    74    39     -    25     3     0     0   715  1328
 14:47:25      0    51    39     -    38     3     0     0   715  1328
 14:47:25      0    42    39     -    41     4     0     0   715  1328
 14:47:26      0    49    39     -    30     3     0     0   715  1328
 14:47:26      0    85    39     -    23     2     0     0   715  1328
 14:47:26      0    43    39     -    54     8     0     0   715  1328
 14:47:27      0    43    39     -    45     7     0     0   715  1328
 14:47:27      0    51    39     -    36     7     0     0   715  1328
 14:47:27      0    53    39     -    39     4     0     0   715  1328
 14:47:27      0    49    39     -    56     8     0     0   715  1328
 14:47:28      0    53    39     -    54     8     0     0   715  1328
 14:47:28      0    64    39     -    26     3     0     0   715  1328
 14:47:28      0    46    39     -    36     3     0     0   715  1328
 14:47:28      0    44    39     -    41     4     0     0   715  1328
 14:47:29      0    57    39     -    30     3     0     0   715  1328
 14:47:29      0    69    39     -    24     2     0     0   715  1328
 14:47:29      0    49    39     -    26     3     0     0   715  1328
 14:47:30      0    42    39     -    45     7     0     0   715  1328
 14:47:30      0    49    39     -    34     7     0     0   715  1328
 14:47:30      0    68    39     -    29     3     0     0   715  1328
 14:47:30      0    44    39     -    56     8     0     0   715  1328
 14:47:31      0    45    39     -    51     8     0     0   715  1328
 14:47:31      0    56    39     -    27     6     0     0   715  1328
 14:47:31      0    42    39     -    43     4     0     0   715  1328
 14:47:32      0    48    39     -    27     6     0     0   715  1328
 14:47:32      0    67    39     -    27     2     0     0   715  1328
 14:47:32      0    45    39     -    58     9     0     0   715  1328
 14:47:32      0    42    39     -    48     8     0     0   715  1328
 14:47:33      0    55    39     -    42     7     0     0   715  1328
 14:47:33      0    72    39     -    39     4     0     0   715  1328
 14:47:33      0    43    39     -    47     5     0     0   715  1328
 14:47:33      0    45    39     -    58     9     0     0   715  1328
 14:47:34      0    55    40     -    21     2     0     0   715  1328
 14:47:34      0    48    39     -    31     3     0     0   715  1328
 14:47:34      0    43    39     -    39     4     0     0   715  1328
 14:47:35      0    48    39     -    32     6     0     0   715  1328
 14:47:35      0    65    40     -    26     2     0     0   715  1328
 14:47:35      0    45    39     -    21     2     0     0   715  1328
 14:47:35      0    44    39     -    48     8     0     0   715  1328
 14:47:36      0    45    39     -    41     7     0     0   715  1328
 14:47:36      0    79    39     -    33     6     0     0   715  1328
 14:47:36      0    47    39     -    47     5     0     0   715  1328
 14:47:37      0    43    39     -    59     9     0     0   715  1328
 14:47:37      0    65    40     -    20     2     0     0   715  1328
 14:47:37      0    56    39     -    31     3     0     0   715  1328
 14:47:37      0    46    39     -    40     4     0     0   715  1328
 14:47:38      0    52    39     -    31     6     0     0   715  1328
 14:47:38      0    61    40     -    26     2     0     0   715  1328
 14:47:38      0    52    39     -    21     2     0     0   715  1328
 14:47:38      0    43    39     -    48     8     0     0   715  1328
 14:47:39      0    56    40     -    41     7     0     0   715  1328
 14:47:39      0    71    40     -    33     6     0     0   715  1328
 14:47:39      0    50    39     -    44     4     0     0   715  1328
 14:47:40      0    42    39     -    59     9     0     0   715  1328
 14:47:40      0    60    40     -    44     7     0     0   715  1328
 14:47:40      0    65    39     -    33     3     0     0   715  1328
 14:47:40      0    44    39     -    38     4     0     0   715  1328
 14:47:41      0    44    40     -    53     7     0     0   715  1328
 14:47:41      0    55    40     -    24     2     0     0   715  1328
 14:47:41      0    49    39     -    26     3     0     0   715  1328
 14:47:41      0    43    39     -    45     7     0     0   715  1328
 14:47:42      0    46    40     -    38     7     0     0   715  1328
 14:47:42      0    78    40     -    25     2     0     0   715  1328
 14:47:42      0    44    39     -    26     2     0     0   715  1328
 14:47:43      0    49    40     -    23     3     0     0   715  1328
 14:47:43      0    67    40     -    23     2     0     0   715  1328
 14:47:43      0    44    40     -    28     3     0     0   715  1328
 14:47:43      0    42    39     -    44     7     0     0   715  1328
 14:47:44      0    54    40     -    36     7     0     0   715  1328
 14:47:44      0    70    40     -    33     4     0     0   715  1328
 14:47:44      0    44    40     -    53     7     0     0   715  1328
 14:47:45      0    44    40     -    54     8     0     0   715  1328
 14:47:45      0    52    40     -    26     3     0     0   715  1328
 14:47:45      0    48    40     -    33     3     0     0   715  1328
 14:47:45      0    43    40     -    41     4     0     0   715  1328
 14:47:46      0    57    40     -    28     2     0     0   715  1328
 14:47:46      0    67    40     -    22     2     0     0   715  1328
 14:47:46      0    48    40     -    31     3     0     0   715  1328
 14:47:46      0    44    40     -    41     7     0     0   715  1328
 14:47:47      0    47    40     -    33     6     0     0   715  1328
 14:47:47      0    83    40     -    29     3     0     0   715  1328
 14:47:47      0    45    40     -    56     8     0     0   715  1328
 14:47:48      0    43    40     -    53     8     0     0   715  1328
 14:47:48      0    62    40     -    44     7     0     0   715  1328
 14:47:48      0    53    40     -    35     3     0     0   715  1328
 14:47:48      0    49    40     -    47     5     0     0   715  1328
 14:47:49      0    45    40     -    59     9     0     0   715  1328
 14:47:49      0    55    40     -    21     2     0     0   715  1328
 14:47:49      0    45    40     -    32     3     0     0   715  1328
 14:47:50      0    43    40     -    40     4     0     0   715  1328
 14:47:50      0    46    40     -    32     6     0     0   715  1328
 14:47:50      0    45    40     -    18     1     0     0   715  1328
 14:47:50      0    43    40     -    38     4     0     0   715  1328
 14:47:51      0    61    40     -    17     1     0     0   715  1328
 14:47:51      0    49    40     -    38     4     0     0   715  1328
 14:47:51      0    52    40     -    55     8     0     0   715  1328
 14:47:51      0    58    40     -    26     2     0     0   715  1328
 14:47:52      0    52    40     -    36     3     0     0   715  1328
 14:47:52      0    43    40     -    40     4     0     0   715  1328
 14:47:52      0    46    40     -    33     5     0     0   715  1328
 14:47:53      0    59    40     -    27     2     0     0   715  1328
 14:47:53      0    47    40     -    19     2     0     0   715  1328
 14:47:53      0    50    40     -    31     6     0     0   715  1328
 14:47:53      0    86    40     -    19     1     0     0   715  1328
 14:47:54      0    43    40     -    35     3     0     0   715  1328
 14:47:54      0    43    40     -    37     7     0     0   715  1328
 14:47:54      0    61    40     -    35     5     0     0   715  1328
 14:47:55      0    60    40     -    25     2     0     0   715  1328
 14:47:55      0    45    40     -    56     8     0     0   715  1328
 14:47:55      0    47    40     -    48     8     0     0   715  1328
 14:47:55      0    54    40     -    41     7     0     0   715  1328
 14:47:56      0    49    40     -    39     4     0     0   715  1328
 14:47:56      0    43    40     -    48     5     0     0   715  1328
 14:47:56      0    46    40     -    59     9     0     0   715  1328
 14:47:56      0    58    40     -    21     2     0     0   715  1328
 14:47:57      0    46    40     -    31     3     0     0   715  1328
 14:47:57      0    44    40     -    41     4     0     0   715  1328
 14:47:57      0    61    40     -    32     6     0     0   715  1328
 14:47:58      0    69    40     -    28     3     0     0   715  1328
 14:47:58      0    50    40     -    57     8     0     0   715  1328
 14:47:58      0    42    40     -    51     8     0     0   715  1328
 14:47:58      0    52    40     -    42     7     0     0   715  1328
 14:47:59      0    69    40     -    38     4     0     0   715  1328
 14:47:59      0    43    40     -    43     4     0     0   715  1328
 14:47:59      0    44    40     -    56     8     0     0   715  1328
 14:48:00      0    49    40     -    23     2     0     0   715  1328
 14:48:00      0    52    40     -    27     3     0     0   715  1328
 14:48:00      0    45    40     -    40     4     0     0   715  1328
 14:48:00      0    49    40     -    33     6     0     0   715  1328
 14:48:01      0    58    40     -    29     3     0     0   715  1328
 14:48:01      0    50    40     -    23     2     0     0   715  1328
 14:48:01      0    43    40     -    53     8     0     0   715  1328
 14:48:01      0    48    40     -    45     7     0     0   715  1328
 14:48:02      0    60    40     -    36     7     0     0   715  1328
 14:48:02      0    47    40     -    38     4     0     0   715  1328
 14:48:02      0    45    40     -    55     8     0     0   715  1328
 14:48:03      0    48    40     -    54     8     0     0   715  1328
 14:48:03      0    66    40     -    27     3     0     0   715  1328
 14:48:03      0    46    40     -    35     3     0     0   715  1328
 14:48:03      0    42    40     -    36     7     0     0   715  1328
 14:48:04      0    55    40     -    34     5     0     0   715  1328
 14:48:04      0    50    40     -    21     2     0     0   715  1328
 14:48:04      0    42    40     -    31     3     0     0   715  1328
 14:48:05      0    55    40     -    21     2     0     0   715  1328
 14:48:05      0    50    40     -    29     3     0     0   715  1328
 14:48:05      0    43    40     -    39     3     0     0   715  1328
 14:48:05      0    49    40     -    33     7     0     0   715  1328
 14:48:06      0    64    40     -    29     3     0     0   715  1328
 14:48:06      0    45    40     -    56     8     0     0   715  1328
 14:48:06      0    44    40     -    53     8     0     0   715  1328
 14:48:06      0    50    40     -    46     7     0     0   715  1328
 14:48:07      0    70    40     -    35     3     0     0   715  1328
 14:48:07      0    45    40     -    39     4     0     0   715  1328
 14:48:07      0    42    40     -    54     7     0     0   715  1328
 14:48:08      0    51    40     -    24     2     0     0   715  1328
 14:48:08      0    68    40     -    27     3     0     0   715  1328
 14:48:08      0    44    40     -    36     3     0     0   715  1328
 14:48:08      0    44    40     -    36     7     0     0   715  1328
 14:48:09      0    50    40     -    36     5     0     0   715  1328
 14:48:09      0    54    40     -    26     2     0     0   715  1328
 14:48:09      0    45    40     -    58     9     0     0   715  1328
 14:48:09      0    50    40     -    48     8     0     0   715  1328
 14:48:10      0    54    40     -    42     7     0     0   715  1328
 14:48:10      0    47    40     -    38     4     0     0   715  1328
 14:48:10      0    44    40     -    48     5     0     0   715  1328
 14:48:11      0    49    40     -    27     9     0     0   715  1328
 14:48:11      0    63    41     -    22     2     0     0   715  1328
 14:48:11      0    48    40     -    29     3     0     0   715  1328
 14:48:11      0    44    40     -    42     7     0     0   715  1328
 14:48:12      0    51    40     -    35     7     0     0   715  1328
 14:48:12      0    71    40     -    29     3     0     0   715  1328
 14:48:12      0    45    40     -    56     8     0     0   715  1328
 14:48:13      0    43    40     -    48     8     0     0   715  1328
 14:48:13      0    48    40     -    42     7     0     0   715  1328
 14:48:13      0    55    40     -    39     4     0     0   715  1328
 14:48:13      0    45    40     -    45     4     0     0   715  1328
 14:48:14      0    51    40     -    58     8     0     0   715  1328
 14:48:14      0    55    41     -    22     2     0     0   715  1328
 14:48:14      0    48    40     -    32     3     0     0   715  1328
 14:48:14      0    43    40     -    39     4     0     0   715  1328
 14:48:15      0    46    40     -    33     6     0     0   715  1328
 14:48:15      0    80    40     -    23     2     0     0   715  1328
 14:48:15      0    44    40     -    25     3     0     0   715  1328
 14:48:16      0    59    40     -    24     2     0     0   715  1328
 14:48:16      0    71    40     -    21     2     0     0   715  1328
 14:48:16      0    47    40     -    31     3     0     0   715  1328
 14:48:16      0    42    40     -    41     7     0     0   715  1328
 14:48:17      0    49    40     -    33     6     0     0   715  1328
 14:48:17      0    79    40     -    29     3     0     0   715  1328
 14:48:17      0    47    40     -    56     8     0     0   715  1328
 14:48:18      0    43    40     -    54     8     0     0   715  1328
 14:48:18      0    59    40     -    45     7     0     0   715  1328
 14:48:18      0    67    40     -    36     3     0     0   715  1328
 14:48:18      0    44    40     -    40     4     0     0   715  1328
 14:48:19      0    45    40     -    55     8     0     0   715  1328
 14:48:19      0    53    40     -    24     2     0     0   715  1328
 14:48:19      0    50    40     -    26     3     0     0   715  1328
 14:48:19      0    43    40     -    34     3     0     0   715  1328
 14:48:20      0    47    40     -    36     7     0     0   715  1328
 14:48:20      0    65    41     -    31     3     0     0   715  1328
 14:48:20      0    45    40     -    55     8     0     0   715  1328
 14:48:21      0    45    40     -    54     8     0     0   715  1328
 14:48:21      0    52    40     -    45     7     0     0   715  1328
 14:48:21      0    72    40     -    34     3     0     0   715  1328
 14:48:21      0    46    40     -    39     4     0     0   715  1328
 14:48:22      0    43    40     -    54     7     0     0   715  1328
 14:48:22      0    61    41     -    24     2     0     0   715  1328
 14:48:22      0    68    40     -    27     2     0     0   715  1328
 14:48:22      0    45    40     -    33     3     0     0   715  1328
 14:48:23      0    46    40     -    39     7     0     0   715  1328
 14:48:23      0    53    41     -    33     5     0     0   715  1328
 14:48:23      0    50    40     -    26     2     0     0   715  1328
 14:48:24      0    43    40     -    58     9     0     0   715  1328
 14:48:24      0    47    41     -    48     8     0     0   715  1328
 14:48:24      0    56    41     -    31     3     0     0   715  1328
 14:48:24      0    45    40     -    41     4     0     0   715  1328
 14:48:25      0    45    40     -    48     5     0     0   715  1328
 14:48:25      0    52    40     -    27     2     0     0   715  1328
 14:48:25      0    71    41     -    21     2     0     0   715  1328
 14:48:25      0    47    40     -    32     3     0     0   715  1328
 14:48:26      0    43    40     -    41     7     0     0   715  1328
 14:48:26      0    60    41     -    23     2     0     0   715  1328
 14:48:26      0    45    40     -    23     2     0     0   715  1328
 14:48:27      0    45    40     -    25     4     0     0   715  1328
 14:48:27      0    60    41     -    25     2     0     0   715  1328
 14:48:27      0    48    40     -    26     3     0     0   715  1328
 14:48:27      0    45    40     -    45     7     0     0   715  1328
 14:48:28      0    49    41     -    38     7     0     0   715  1328
 14:48:28      0    51    40     -    21     2     0     0   715  1328
 14:48:28      0    42    40     -    26     3     0     0   715  1328
 14:48:29      0    51    41     -    23     2     0     0   715  1328
 14:48:29      0    48    40     -    29     3     0     0   715  1328
 14:48:29      0    42    40     -    53     7     0     0   715  1328
 14:48:29      0    60    40     -    22     2     0     0   715  1328
 14:48:30      0    52    40     -    31     3     0     0   715  1328
 14:48:30      0    49    40     -    39     4     0     0   715  1328
 14:48:30      0    45    41     -    31     5     0     0   715  1328
 14:48:31      0    58    41     -    25     2     0     0   715  1328
 14:48:31      0    45    40     -    26     3     0     0   715  1328
 14:48:31      0    44    40     -    41     7     0     0   715  1328
 14:48:31      0    48    41     -    35     7     0     0   715  1328
 14:48:32      0    73    40     -    29     3     0     0   715  1328
 14:48:32      0    44    40     -    56     8     0     0   715  1328
 14:48:32      0    43    40     -    54     8     0     0   715  1328
 14:48:32      0    59    41     -    45     7     0     0   715  1328
 14:48:33      0    57    40     -    37     3     0     0   715  1328
 14:48:33      0    46    40     -    41     4     0     0   715  1328
 14:48:33      0    52    41     -    56     8     0     0   715  1328
 14:48:34      0    58    41     -    23     2     0     0   715  1328
 14:48:34      0    48    40     -    26     3     0     0   715  1328
 14:48:34      0    43    40     -    43     7     0     0   715  1328
 14:48:34      0    47    41     -    30     6     0     0   715  1328
 14:48:35      0    86    41     -    25     2     0     0   715  1328
 14:48:35      0    43    40     -    55     8     0     0   715  1328
 14:48:35      0    45    41     -    45     7     0     0   715  1328
 14:48:36      0    52    41     -    39     7     0     0   715  1328
 14:48:36      0    50    40     -    37     4     0     0   715  1328
 14:48:36      0    50    40     -    53     7     0     0   715  1328
 14:48:36      0    47    41     -    56     8     0     0   715  1328
 14:48:37      0    61    41     -    25     2     0     0   715  1328
 14:48:37      0    44    41     -    34     3     0     0   715  1328
 14:48:37      0    45    41     -    49     7     0     0   715  1328
 14:48:37      0    82    41     -    19     2     0     0   715  1328
 14:48:38      0    43    41     -    42     4     0     0   715  1328
 14:48:38      0    44    41     -    57     8     0     0   715  1328
 14:48:38      0    52    41     -    23     2     0     0   715  1328
 14:48:39      0    48    41     -    28     3     0     0   715  1328
 14:48:39      0    43    41     -    38     4     0     0   715  1328
 14:48:39      0    60    41     -    32     5     0     0   715  1328
 14:48:39      0    75    41     -    26     2     0     0   715  1328
 14:48:40      0    48    41     -    23     2     0     0   715  1328
 14:48:40      0    43    40     -    43     7     0     0   715  1328
 14:48:40      0    58    41     -    36     7     0     0   715  1328
 14:48:40      0    72    41     -    32     4     0     0   715  1328
 14:48:41      0    44    41     -    54     7     0     0   715  1328
 14:48:41      0    44    41     -    57     9     0     0   715  1328
 14:48:41      0    52    41     -    25     2     0     0   715  1328
 14:48:42      0    53    41     -    34     3     0     0   715  1328
 14:48:42      0    51    41     -    40     4     0     0   715  1328
 14:48:42      0    44    41     -    33     5     0     0   715  1328
 14:48:42      0    64    41     -    26     2     0     0   715  1328
 14:48:43      0    51    41     -    23     2     0     0   715  1328
 14:48:43      0    44    41     -    48     8     0     0   715  1328
 14:48:43      0    52    41     -    41     7     0     0   715  1328
 14:48:44      0    73    41     -    32     6     0     0   715  1328
 14:48:44      0    47    41     -    45     4     0     0   715  1328
 14:48:44      0    45    41     -    58     8     0     0   715  1328
 14:48:44      0    46    41     -    54     8     0     0   715  1328
 14:48:45      0    87    41     -    26     3     0     0   715  1328
 14:48:45      0    47    41     -    39     4     0     0   715  1328
 14:48:45      0    44    41     -    34     7     0     0   715  1328
 14:48:45      0    55    41     -    27     2     0     0   715  1328
 14:48:46      0    53    41     -    23     2     0     0   715  1328
 14:48:46      0    43    41     -    45     7     0     0   715  1328
 14:48:46      0    49    41     -    38     7     0     0   715  1328
 14:48:47      0    67    41     -    34     5     0     0   715  1328
 14:48:47      0    46    41     -    49     5     0     0   715  1328
 14:48:47      0    46    41     -    57     9     0     0   715  1328
 14:48:47      0    52    41     -    49     8     0     0   715  1328
 14:48:48      0    79    41     -    31     3     0     0   715  1328
 14:48:48      0    43    41     -    34     3     0     0   715  1328
 14:48:48      0    49    41     -    40     7     0     0   715  1328
 14:48:49      0    51    41     -    25     2     0     0   715  1328
 14:48:49      0    43    41     -    54     8     0     0   715  1328
 14:48:49      0    50    41     -    45     7     0     0   715  1328
 14:48:49      0    72    41     -    36     7     0     0   715  1328
 14:48:50      0    51    41     -    40     4     0     0   715  1328
 14:48:50      0    43    41     -    57     8     0     0   715  1328
 14:48:50      0    62    41     -    22     2     0     0   715  1328
 14:48:50      0    58    41     -    31     3     0     0   715  1328
 14:48:51      0    52    41     -    38     4     0     0   715  1328
 14:48:51      0    46    41     -    31     4     0     0   715  1328
 14:48:51      0    67    41     -    23     2     0     0   715  1328
 14:48:52      0    47    41     -    26     3     0     0   715  1328
 14:48:52      0    42    41     -    41     7     0     0   715  1328
 14:48:52      0    48    41     -    30     6     0     0   715  1328
 14:48:52      0    72    41     -    25     2     0     0   715  1328
 14:48:53      0    45    41     -    54     8     0     0   715  1328
 14:48:53      0    46    41     -    45     7     0     0   715  1328
 14:48:53      0    55    41     -    38     7     0     0   715  1328
 14:48:54      0    47    41     -    37     4     0     0   715  1328
 14:48:54      0    44    41     -    56     8     0     0   715  1328
 14:48:54      0    49    41     -    55     8     0     0   715  1328
 14:48:54      0    68    41     -    26     2     0     0   715  1328
 14:48:55      0    47    41     -    38     3     0     0   715  1328
 14:48:55      0    45    41     -    42     4     0     0   715  1328
 14:48:55      0    47    41     -    30     3     0     0   715  1328
 14:48:55      0    87    41     -    23     2     0     0   715  1328
 14:48:56      0    47    41     -    27     3     0     0   715  1328
 14:48:56      0    43    41     -    43     7     0     0   715  1328
 14:48:56      0    48    41     -    35     7     0     0   715  1328
 14:48:57      0    57    41     -    41     4     0     0   715  1328
 14:48:57      0    48    41     -    56     8     0     0   715  1328
 14:48:57      0    44    41     -    53     8     0     0   715  1328
 14:48:57      0    57    41     -    25     3     0     0   715  1328
 14:48:58      0    46    41     -    39     4     0     0   715  1328
 14:48:58      0    45    41     -    44     4     0     0   715  1328
 14:48:58      0    48    41     -    28     3     0     0   715  1328
 14:48:58      0    70    41     -    22     2     0     0   715  1328
 14:48:59      0    45    41     -    28     3     0     0   715  1328
 14:48:59      0    50    41     -    36     7     0     0   715  1328
 14:48:59      0    75    41     -    19     1     0     0   715  1328
 14:49:00      0    47    41     -    40     4     0     0   715  1328
 14:49:00      0    43    41     -    46     4     0     0   715  1328
 14:49:00      0    62    41     -    27     2     0     0   715  1328
 14:49:00      0    55    41     -    22     2     0     0   715  1328
 14:49:01      0    44    41     -    28     3     0     0   715  1328
 14:49:01      0    52    41     -    21     2     0     0   715  1328
 14:49:01      0    43    41     -    28     3     0     0   715  1328
 14:49:02      0    49    41     -    41     7     0     0   715  1328
 14:49:02      0    63    41     -    37     7     0     0   715  1328
 14:49:02      0    46    41     -    39     4     0     0   715  1328
 14:49:02      0    45    41     -    56     8     0     0   715  1328
 14:49:03      0    51    41     -    55     8     0     0   715  1328
 14:49:03      0    76    41     -    26     3     0     0   715  1328
 14:49:03      0    45    41     -    34     3     0     0   715  1328
 14:49:04      0    43    41     -    37     7     0     0   715  1328
 14:49:04      0    59    41     -    34     5     0     0   715  1328
 14:49:04      0    67    41     -    25     2     0     0   715  1328
 14:49:04      0    45    41     -    54     8     0     0   715  1328
 14:49:05      0    46    41     -    47     8     0     0   715  1328
 14:49:05      0    52    41     -    39     7     0     0   715  1328
 14:49:05      0    52    41     -    37     4     0     0   715  1328
 14:49:05      0    43    41     -    51     6     0     0   715  1328
 14:49:06      0    46    41     -    59     9     0     0   715  1328
 14:49:06      0    54    41     -    21     2     0     0   715  1328
 14:49:06      0    45    41     -    34     3     0     0   715  1328
 14:49:07      0    46    41     -    40     4     0     0   715  1328
 14:49:07      0    48    41     -    33     6     0     0   715  1328
 14:49:07      0    76    41     -    27     2     0     0   715  1328
 14:49:07      0    45    41     -    58     8     0     0   715  1328
 14:49:08      0    43    41     -    52     8     0     0   715  1328
 14:49:08      0    51    41     -    44     7     0     0   715  1328
 14:49:08      0    82    41     -    38     3     0     0   715  1328
 14:49:09      0    44    41     -    41     4     0     0   715  1328
 14:49:09      0    43    41     -    56     8     0     0   715  1328
 14:49:09      0    61    41     -    23     2     0     0   715  1328
 14:49:09      0    57    41     -    27     3     0     0   715  1328
 14:49:10      0    47    41     -    35     3     0     0   715  1328
 14:49:10      0    47    41     -    36     7     0     0   715  1328
 14:49:10      0    58    41     -    19     1     0     0   715  1328
 14:49:10      0    43    41     -    34     3     0     0   715  1328
 14:49:11      0    47    41     -    29     3     0     0   715  1328
 14:49:11      0    58    41     -    24     2     0     0   715  1328
 14:49:11      0    46    41     -    28     3     0     0   715  1328
 14:49:12      0    44    41     -    44     7     0     0   715  1328
 14:49:12      0    57    41     -    37     7     0     0   715  1328
 14:49:12      0    72    41     -    34     5     0     0   715  1328
 14:49:12      0    50    41     -    52     7     0     0   715  1328
 14:49:13      0    42    41     -    55     8     0     0   715  1328
 14:49:13      0    49    41     -    47     7     0     0   715  1328
 14:49:13      0    80    41     -    35     3     0     0   715  1328
 14:49:14      0    44    41     -    39     4     0     0   715  1328
 14:49:14      0    44    41     -    52     6     0     0   715  1328
 14:49:14      0    49    41     -    25     2     0     0   715  1328
 14:49:14      0    54    41     -    27     3     0     0   715  1328
 14:49:15      0    52    41     -    35     3     0     0   715  1328
 14:49:15      0    45    41     -    38     7     0     0   715  1328
 14:49:15      0    61    41     -    34     5     0     0   715  1328
 14:49:15      0    45    41     -    52     6     0     0   715  1328
 14:49:16      0    44    41     -    55     8     0     0   715  1328
 14:49:16      0    57    41     -    47     7     0     0   715  1328
 14:49:16      0    68    41     -    34     3     0     0   715  1328
 14:49:17      0    51    41     -    40     4     0     0   715  1328
 14:49:17      0    42    41     -    51     6     0     0   715  1328
 14:49:17      0    51    41     -    25     2     0     0   715  1328
 14:49:17      0    84    41     -    24     2     0     0   715  1328
 14:49:18      0    44    41     -    31     3     0     0   715  1328
 14:49:18      0    44    41     -    41     7     0     0   715  1328
 14:49:18      0    48    41     -    34     6     0     0   715  1328
 14:49:18      0    55    41     -    26     2     0     0   715  1328
 14:49:19      0    43    41     -    55     8     0     0   715  1328
 14:49:19      0    49    41     -    46     7     0     0   715  1328
 14:49:19      0    64    41     -    38     7     0     0   715  1328
 14:49:20      0    46    41     -    37     4     0     0   715  1328
 14:49:20      0    47    41     -    53     7     0     0   715  1328
 14:49:20      0    48    41     -    23     2     0     0   715  1328
 14:49:20      0    80    41     -    26     3     0     0   715  1328
 14:49:21      0    47    41     -    35     3     0     0   715  1328
 14:49:21      0    43    41     -    39     4     0     0   715  1328
 14:49:21      0    45    41     -    39     7     0     0   715  1328
 14:49:22      0    49    41     -    27     3     0     0   715  1328
 14:49:22      0    43    41     -    53     7     0     0   715  1328
 14:49:22      0    47    41     -    56     9     0     0   715  1328
 14:49:22      0    59    41     -    25     2     0     0   715  1328
 14:49:23      0    47    41     -    35     3     0     0   715  1328
 14:49:23      0    45    41     -    38     4     0     0   715  1328
 14:49:23      0    50    41     -    34     5     0     0   715  1328
 14:49:24      0    72    41     -    26     2     0     0   715  1328
 14:49:24      0    45    41     -    57     8     0     0   715  1328
 14:49:24      0    43    41     -    49     8     0     0   715  1328
 14:49:24      0    54    41     -    41     7     0     0   715  1328 
