14:15:57      0    29    35     -     0     0     0     0   715   405
 14:15:58      0    30    35     -     0     0     0     0   715   405
 14:15:59      0    29    35     -     0     0     0     0   715   405
 14:15:59      0    28    35     -     5     0     0     0   715   442
 14:16:00      0    34    35     -     2     0     0     0   715  1189
 14:16:00      0    34    35     -     7     0     0     0   715  1189
 14:16:00      0    44    35     -    23     0     0     0   715  1189
 14:16:00      0    35    35     -    34     3     0     0   715  1189
 14:16:01      0    51    35     -    21     1     0     0   715  1189
 14:16:01      0    91    36     -    69    17     0     0   715  1328
 14:16:01      0    43    36     -    75    13     0     0   715  1328
 14:16:02      0    64    36     -    74    18     0     0   715  1328
 14:16:02      0    69    37     -    79    14     0     0   715  1328
 14:16:02      0    94    37     -    80    17     0     0   715  1328
 14:16:02      0   121    37     -    74    13     0     0   715  1328
 14:16:03      0    50    37     -    79    18     0     0   715  1328
 14:16:03      0    69    37     -    70    15     0     0   715  1328
 14:16:03      0    60    37     -    88    19     0     0   715  1328
 14:16:04      0    69    37     -    59     8     0     0   715  1328
 14:16:04      0   101    37     -    82    17     0     0   715  1328
 14:16:04      0    82    37     -    68    10     0     0   715  1328
 14:16:04      0   103    38     -    61    14     0     0   715  1328
 14:16:05      0    66    37     -    75    13     0     0   715  1328
 14:16:05      0    60    38     -    73    18     0     0   715  1328
 14:16:05      0    70    37     -    84    15     0     0   715  1328
 14:16:06      0   102    38     -    77    17     0     0   715  1328
 14:16:06      0   122    38     -    76    13     0     0   715  1328
 14:16:06      0    51    38     -    72    18     0     0   715  1328
 14:16:06      0    64    38     -    71    12     0     0   715  1328
 14:16:07      0    60    38     -    81    17     0     0   715  1328
 14:16:07      0    92    38     -    75    13     0     0   715  1328
 14:16:07      0   101    38     -    87    18     0     0   715  1328
 14:16:07      0   122    38     -    72    12     0     0   715  1328
 14:16:08      0    48    38     -    80    18     0     0   715  1328
 14:16:08      0    77    38     -    68    15     0     0   715  1328
 14:16:08      0    57    38     -    87    19     0     0   715  1328
 14:16:09      0    87    38     -    68    17     0     0   715  1328
 14:16:09      0    82    38     -    83    16     0     0   715  1328
 14:16:09      0    81    39     -    70    15     0     0   715  1328
 14:16:09      0    64    38     -    76    14     0     0   715  1328
 14:16:10      0    59    38     -    73    18     0     0   715  1328
 14:16:10      0    58    38     -    79    15     0     0   715  1328
 14:16:10      0    77    38     -    64    17     0     0   715  1328
 14:16:10      0   101    38     -    84    17     0     0   715  1328
 14:16:11      0   122    39     -    73    13     0     0   715  1328
 14:16:11      0    51    39     -    81    14     0     0   715  1328
 14:16:11      0    67    38     -    73    18     0     0   715  1328
 14:16:12      0    59    38     -    87    17     0     0   715  1328
 14:16:12      0    93    39     -    73    17     0     0   715  1328
 14:16:12      0    85    39     -    79    14     0     0   715  1328
 14:16:12      0    79    39     -    73    18     0     0   715  1328
 14:16:13      0    61    39     -    73    12     0     0   715  1328
 14:16:13      0    56    39     -    80    18     0     0   715  1328
 14:16:13      0    69    39     -    75    13     0     0   715  1328
 14:16:13      0    96    39     -    84    18     0     0   715  1328
 14:16:14      0   118    39     -    72    12     0     0   715  1328
 14:16:14      0    53    39     -    84    16     0     0   715  1328
 14:16:14      0    66    39     -    69   15     0     0   715  1328
 14:16:15      0    58    39     -    88    18     0     0   715  1328
 14:16:15      0    80    39     -    70    18     0     0   715  1328
 14:16:15      0    89    39     -    82    15     0     0   715  1328
 14:16:15      0    92    39     -    69    17     0     0   715  1328
 14:16:16      0    46    39     -    75    13     0     0   715  1328
 14:16:16      0    77    39     -    71    18     0     0   715  1328
 14:16:16      0    71    39     -    83    15     0     0   715  1328
 14:16:17      0   103    39     -    79    17     0     0   715  1328
 14:16:17      0    97    39     -    76    13     0     0   715  1328
 14:16:17      0    64    40     -    73    18     0     0   715  1328
 14:16:17      0    59    39     -    72    13     0     0   715  1328
 14:16:18      0    58    39     -    84    18     0     0   715  1328
 14:16:18      0    75    39     -    70    16     0     0   715  1328
 14:16:18      0   104    39     -    86    16     0     0   715  1328
 14:16:18      0   106    40     -    71    15     0     0   715  1328
 14:16:19      0    47    40     -    75    13     0     0   715  1328
 14:16:19      0    77    39     -    73    18     0     0   715  1328
 14:16:19      0    68    39     -    83    15     0     0   715  1328
 14:16:20      0   105    40     -    79    17     0     0   715  1328
 14:16:20      0    98    40     -    76    14     0     0   715  1328
 14:16:20      0    63    40     -    73    18     0     0   715  1328
 14:16:20      0    58    40     -    72    13     0     0   715  1328
 14:16:21      0    69    40     -    81    17     0     0   715  1328
 14:16:21      0    56    39     -    67    10     0     0   715  1328
 14:16:21      0    73    40     -    78    17     0     0   715  1328
 14:16:21      0    98    40     -    80    15     0     0   715  1328
 14:16:22      0   120    40     -    68    15     0     0   715  1328
 14:16:22      0    53    40     -    75    13     0     0   715  1328
 14:16:22      0    67    40     -    72    18     0     0   715  1328
 14:16:23      0    69    40     -    79    15     0     0   715  1328
 14:16:23      0    70    40     -    77    17     0     0   715  1328
 14:16:23      0    86    40     -    78    14     0     0   715  1328
 14:16:23      0   107    40     -    81    18     0     0   715  1328
 14:16:24      0    62    41     -    73    12     0     0   715  1328
 14:16:24      0    58    40     -    72    17     0     0   715  1328
 14:16:24      0    56    40     -    67    13     0     0   715  1328
 14:16:25      0    71    40     -    82    17     0     0   715  1328
 14:16:25      0    87    40     -    75    13     0     0   715  1328
 14:16:25      0   114    40     -    87    18     0     0   715  1328
 14:16:25      0    58    41     -    71    12     0     0   715  1328
 14:16:26      0    72    40     -    83    18     0     0   715  1328
 14:16:26      0    68    40     -    67    17     0     0   715  1328
 14:16:26      0    88    40     -    88    18     0     0   715  1328
 14:16:26      0    96    41     -    71    12     0     0   715  1328
 14:16:27      0   131    41     -    80    15     0     0   715  1328
 14:16:27      0    49    41     -    68    17     0     0   715  1328
 14:16:27      0    66    40     -    88    18     0     0   715  1328
 14:16:28      0    59    40     -    70    18     0     0   715  1328
 14:16:28      0    95    40     -    83    15     0     0   715  1328
 14:16:28      0    86    41     -    79    17     0     0   715  1328
 14:16:28      0   110    41     -    75    13     0     0   715  1328
 14:16:29      0    47    41     -    71    18     0     0   715  1328
 14:16:29      0    76    40     -    70    12     0     0   715  1328
 14:16:29      0    64    41     -    80    18     0     0   715  1328
 14:16:29      0    84    41     -    76    13     0     0   715  1328
 14:16:30      0    76    41     -    83    18     0     0   715  1328
 14:16:30      0   117    41     -    72    12     0     0   715  1328
 14:16:30      0    48    41     -    74    17     0     0   715  1328
 14:16:31      0    78    41     -    68    13     0     0   715  1328
 14:16:31      0    57    41     -    81    17     0     0   715  1328
 14:16:31      0    80    41     -    75    13     0     0   715  1328
 14:16:31      0    93    41     -    86    18     0     0   715  1328
 14:16:32      0   131    41     -    70    12     0     0   715  1328
 14:16:32      0    53    41     -    70    17     0     0   715  1328
 14:16:32      0    65    41     -    56    10     0     0   715  1328
 14:16:33      0    71    41     -    64    17     0     0   715  1328
 14:16:33      0    63    41     -    83    15     0     0   715  1328
 14:16:33      0   103    41     -    77    17     0     0   715  1328
 14:16:33      0    99    41     -    76    14     0     0   715  1328
 14:16:34      0    62    42     -    73    18     0     0   715  1328
 14:16:34      0    61    41     -    71    13     0     0   715  1328
 14:16:34      0    69    41     -    82    17     0     0   715  1328
 14:16:34      0    83    41     -    73    12     0     0   715  1328
 14:16:35      0    84    41     -    87    18     0     0   715  1328
 14:16:35      0   126    42     -    72    12     0     0   715  1328
 14:16:35      0    52    42     -    81    15     0     0   715  1328
 14:16:36      0    66    41     -    72    18     0     0   715  1328
 14:16:36      0    61    41     -    89    18     0     0   715  1328
 14:16:36      0    94    41     -    72    17     0     0   715  1328
 14:16:36      0    92    42     -    80    14     0     0   715  1328
 14:16:37      0   103    42     -    70    17     0     0   715  1328
 14:16:37      0    50    42     -    71    12     0     0   715  1328
 14:16:37      0    70    41     -    73    18     0     0   715  1328
 14:16:37      0    65    41     -    80    14     0     0   715  1328
 14:16:38      0    79    41     -    81    17     0     0   715  1328
 14:16:38      0    99    42     -    75    13     0     0   715  1328
 14:16:38      0   119    42     -    86    18     0     0   715  1328
 14:16:39      0    48    42     -    71    12     0     0   715  1328
 14:16:39      0    75    42     -    81    17     0     0   715  1328
 14:16:39      0    66    42     -    66    15     0     0   715  1328
 14:16:39      0    82    42     -    86    18     0     0   715  1328
 14:16:40      0    85    42     -    71    12     0     0   715  1328
 14:16:40      0   116    42     -    83    16     0     0   715  1328
 14:16:40      0    48    42     -    71    14     0     0   715  1328
 14:16:41      0    74    42     -    84    18     0     0   715  1328
 14:16:41      0    64    42     -    70    17     0     0   715  1328
 14:16:41      0   108    42     -    87    17     0     0   715  1328
 14:16:41      0    92    42     -    71    15     0     0   715  1328
 14:16:42      0    68    42     -    76    13     0     0   715  1328
 14:16:42      0    66    42     -    72    18     0     0   715  1328
 14:16:42      0    64    42     -    82    15     0     0   715  1328
 14:16:42      0    81    42     -    79    18     0     0   715  1328
 14:16:43      0    96    42     -    75    13     0     0   715  1328
 14:16:43      0    93    42     -    56    13     0     0   715  1328
 14:16:43      0    45    41     -    67    11     0     0   715  1328
 14:16:44      0    54    42     -    68    15     0     0   715  1328
 14:16:44      0    74    42     -    73    17     0     0   715  1328
 14:16:44      0    62    42     -    81    15     0     0   715  1328
 14:16:44      0    72    42     -    71    17     0     0   715  1328
 14:16:45      0    87    42     -    81    15     0     0   715  1328
 14:16:45      0   114    42     -    68    17     0     0   715  1328
 14:16:45      0    60    43     -    74    12     0     0   715  1328
 14:16:46      0    61    42     -    72    17     0     0   715  1328
 14:16:46      0    70    42     -    70    13     0     0   715  1328
 14:16:46      0    78    42     -    82    17     0     0   715  1328
 14:16:46      0   101    42     -    74    13     0     0   715  1328
 14:16:47      0   126    43     -    86    17     0     0   715  1328
 14:16:47      0    55    43     -    71    12     0     0   715  1328
 14:16:47      0    68    42     -    83    18     0     0   715  1328
 14:16:47      0    60    42     -    67    17     0     0   715  1328
 14:16:48      0    88    42     -    88    18     0     0   715  1328
 14:16:48      0   106    43     -    72    12     0     0   715  1328
 14:16:48      0   117    43     -    80    15     0     0   715  1328
 14:16:49      0    49    43     -    69    17     0     0   715  1328
 14:16:49      0    67    42     -    87    18     0     0   715  1328
 14:16:49      0    70    42     -    70    18     0     0   715  1328
 14:16:49      0    84    43     -    82    15     0     0   715  1328
 14:16:50      0    94    43     -    79    18     0     0   715  1328
 14:16:50      0   116    43     -    75    13     0     0   715  1328
 14:16:50      0    47    43     -    73    18     0     0   715  1328
 14:16:50      0    76    43     -    69    12     0     0   715  1328
 14:16:51      0    69    43     -    79    18     0     0   715  1328
 14:16:51      0    86    43     -    76    13     0     0   715  1328
 14:16:51      0    72    43     -    84    18     0     0   715  1328
 14:16:52      0    86    43     -    72    12     0     0   715  1328
 14:16:52      0    68    43     -    81    18     0     0   715  1328
 14:16:52      0    61    43     -    68    15     0     0   715  1328
 14:16:52      0    71    43     -    86    18     0     0   715  1328
 14:16:53      0    98    43     -    71    12     0     0   715  1328
 14:16:53      0    95    43     -    85    16     0     0   715  1328
 14:16:53      0    71    43     -    70    14     0     0   715  1328
 14:16:54      0    61    43     -    80    18     0     0   715  1328
 14:16:54      0    52    43     -    70    17     0     0   715  1328
 14:16:54      0    62    43     -    80    17     0     0   715  1328
 14:16:54      0    82    43     -    74    12     0     0   715  1328
 14:16:55      0    74    43     -    81    17     0     0   715  1328
 14:16:55      0   111    44     -    74    13     0     0   715  1328
 14:16:55      0    48    43     -    73    18     0     0   715  1328
 14:16:55      0    70    43     -    68    12     0     0   715  1328
 14:16:56      0    60    43     -    80    17     0     0   715  1328
 14:16:56      0    87    43     -    76    13     0     0   715  1328
 14:16:56      0    83    43     -    86    18     0     0   715  1328
 14:16:57      0    94    44     -    71    12     0     0   715  1328
 14:16:57      0    46    43     -    83    17     0     0   715  1328
 14:16:57      0    63    43     -    68    17     0     0   715  1328
 14:16:57      0    67    43     -    89    18     0     0   715  1328
 14:16:58      0    96    43     -    68    17     0     0   715  1328
 14:16:58      0   101    44     -    81    15     0     0   715  1328
 14:16:58      0    62    44     -    69    17     0     0   715  1328
 14:16:59      0    60    43     -    74    13     0     0   715  1328
 14:16:59      0    73    43     -    73    18     0     0   715  1328
 14:16:59      0    87    43     -    80    14     0     0   715  1328
 14:16:59      0    80    44     -    80    17     0     0   715  1328
 14:17:00      0   122    44     -    74    13     0     0   715  1328
 14:17:00      0    54    44     -    71    17     0     0   715  1328
 14:17:00      0    68    43     -    71    13     0     0   715  1328
 14:17:00      0    61    43     -    81    17     0     0   715  1328
 14:17:01      0    88    43     -    73    12     0     0   715  1328
 14:17:01      0    98    44     -    88    18     0     0   715  1328
 14:17:01      0   122    44     -    70    13     0     0   715  1328
 14:17:02      0    50    44     -    80    14     0     0   715  1328
 14:17:02      0    73    44     -    69    17     0     0   715  1328
 14:17:02      0    67    44     -    89    18     0     0   715  1328
 14:17:02      0    83    44     -    70    17     0     0   715  1328
 14:17:03      0    85    44     -    81    15     0     0   715  1328
 14:17:03      0   102    44     -    68    17     0     0   715  1328
 14:17:03      0    47    44     -    74    12     0     0   715  1328
 14:17:03      0    64    44     -    72    18     0     0   715  1328
 14:17:04      0    64    44     -    80    14     0     0   715  1328
 14:17:04      0    98    44     -    82    17     0     0   715  1328
 14:17:04      0    99    44     -    74    13     0     0   715  1328
 14:17:05      0    64    44     -    73    18     0     0   715  1328
 14:17:05      0    65    44     -    71    13     0     0   715  1328
 14:17:05      0    56    44     -    68    17     0     0   715  1328
 14:17:05      0    83    44     -    86    17     0     0   715  1328
 14:17:06      0    93    44     -    71    13     0     0   715  1328
 14:17:06      0   121    44     -    79    14     0     0   715  1328
 14:17:06      0    53    44     -    69    17     0     0   715  1328
 14:17:07      0    67    44     -    74    13     0     0   715  1328
 14:17:07      0    61    44     -    73    17     0     0   715  1328
 14:17:07      0    95    44     -    80    14     0     0   715  1328
 14:17:07      0    90    44     -    81    17     0     0   715  1328
 14:17:08      0   125    45     -    74    12     0     0   715  1328
 14:17:08      0    49    44     -    73    18     0     0   715  1328
 14:17:08      0    63    44     -    68    12     0     0   715  1328
 14:17:08      0    63    44     -    81    17     0     0   715  1328
 14:17:09      0    84    44     -    75    13     0     0   715  1328
 14:17:09      0    96    44     -    85    18     0     0   715  1328
 14:17:09      0   121    45     -    72    12     0     0   715  1328
 14:17:10      0    50    44     -    81    18     0     0   715  1328
 14:17:10      0    70    44     -    67    15     0     0   715  1328
 14:17:10      0    66    44     -    84    18     0     0   715  1328
 14:17:10      0    81    44     -    72    13     0     0   715  1328
 14:17:11      0    78    45     -    85    16     0     0   715  1328
 14:17:11      0    96    45     -    70    14     0     0   715  1328
 14:17:11      0    48    45     -    78    14     0     0   715  1328
 14:17:12      0    68    44     -    72    17     0     0   715  1328
 14:17:12      0    61    44     -    86    16     0     0   715  1328
 14:17:12      0   108    44     -    73    17     0     0   715  1328
 14:17:12      0    99    45     -    79    14     0     0   715  1328
 14:17:13      0    67    45     -    73    17     0     0   715  1328
 14:17:13      0    63    44     -    73    13     0     0   715  1328
 14:17:13      0    65    44     -    77    18     0     0   715  1328
 14:17:13      0    86    44     -    78    13     0     0   715  1328
 14:17:14      0    93    45     -    81    18     0     0   715  1328
 14:17:14      0   124    45     -    74    13     0     0   715  1328
 14:17:14      0    53    45     -    77    18     0     0   715  1328
 14:17:15      0    71    45     -    71    15     0     0   715  1328
 14:17:15      0    56    45     -    85    18     0     0   715  1328
 14:17:15      0    53    44     -    70    12     0     0   715  1328
 14:17:15      0    62    44     -    65    16     0     0   715  1328
 14:17:16      0    75    44     -    83    17     0     0   715  1328
 14:17:16      0    88    45     -    74    12     0     0   715  1328
 14:17:16      0   123    45     -    83    18     0     0   715  1328
 14:17:17      0    54    45     -    71    12     0     0   715  1328
 14:17:17      0    68    45     -    80    18     0     0   715  1328
 14:17:17      0    61    45     -    68    15     0     0   715  1328
 14:17:17      0    74    45     -    86    18     0     0   715  1328
 14:17:18      0    96    45     -    68    11     0     0   715  1328
 14:17:18      0    99    45     -    55    12     0     0   715  1328
 14:17:18      0   124    45     -    79    14     0     0   715  1328
 14:17:18      0    50    45     -    71    17     0     0   715  1328
 14:17:19      0    69    45     -    71    12     0     0   715  1328
 14:17:19      0    58    45     -    72    17     0     0   715  1328
 14:17:19      0    85    45     -    78    14     0     0   715  1328
 14:17:20      0    86    45     -    81    17     0     0   715  1328
 14:17:20      0   123    45     -    75    13     0     0   715  1328
 14:17:20      0    52    45     -    73    18     0     0   715  1328
 14:17:20      0    70    45     -    71    13     0     0   715  1328
 14:17:21      0    61    45     -    83    17     0     0   715  1328
 14:17:21      0    96    45     -    74    12     0     0   715  1328
 14:17:21      0    88    45     -    87    17     0     0   715  1328
 14:17:21      0    98    46     -    71    13     0     0   715  1328
 14:17:22      0    48    45     -    81    17     0     0   715  1328
 14:17:22      0    73    45     -    67    16     0     0   715  1328
 14:17:22      0    67    45     -    87    18     0     0   715  1328
 14:17:23      0    97    45     -    67    17     0     0   715  1328
 14:17:23      0   104    45     -    83    16     0     0   715  1328
 14:17:23      0   118    45     -    71    15     0     0   715  1328
 14:17:23      0    49    46     -    75    13     0     0   715  1328
 14:17:24      0    71    45     -    72    17     0     0   715  1328
 14:17:24      0    63    45     -    87    17     0     0   715  1328
 14:17:24      0    89    45     -    72    17     0     0   715  1328
 14:17:25      0   107    45     -    80    14     0     0   715  1328
 14:17:25      0   134    46     -    70    17     0     0   715  1328
 14:17:25      0    51    46     -    73    12     0     0   715  1328
 14:17:25      0    69    45     -    72    17     0     0   715  1328
 14:17:26      0    63    45     -    79    14     0     0   715  1328
 14:17:26      0    88    45     -    81    17     0     0   715  1328
 14:17:26      0    98    46     -    75    13     0     0   715  1328
 14:17:26      0   129    46     -    88    19     0     0   715  1328
 14:17:27      0    51    46     -    70    12     0     0   715  1328
 14:17:27      0    66    45     -    69    17     0     0   715  1328
 14:17:27      0    57    45     -    83    16     0     0   715  1328
 14:17:28      0    75    45     -    65    17     0     0   715  1328
 14:17:28      0    96    46     -    82    15     0     0   715  1328
 14:17:28      0   123    45     -    69    15     0     0   715  1328
 14:17:28      0    59    46     -    74    13     0     0   715  1328
 14:17:29      0    69    46     -    72    18     0     0   715  1328
 14:17:29      0    65    46     -    81    15     0     0   715  1328
 14:17:29      0    84    46     -    80    18     0     0   715  1328
 14:17:30      0    98    46     -    75    13     0     0   715  1328
 14:17:30      0    87    46     -    72    18     0     0   715  1328
 14:17:30      0    65    45     -    72    12     0     0   715  1328
 14:17:30      0    63    46     -    80    18     0     0   715  1328
 14:17:31      0    71    46     -    74    13     0     0   715  1328
 14:17:31      0   101    46     -    84    18     0     0   715  1328
 14:17:31      0   102    46     -    73    13     0     0   715  1328
 14:17:31      0    70    46     -    86    16     0     0   715  1328
 14:17:32      0    72    46     -    69    14     0     0   715  1328
 14:17:32      0    60    46     -    83    18     0     0   715  1328
 14:17:32      0    67    46     -    70    17     0     0   715  1328
 14:17:33      0    96    46     -    88    18     0     0   715  1328
 14:17:33      0   100    46     -    70    13     0     0   715  1328
 14:17:33      0    69    46     -    80    14     0     0   715  1328
 14:17:33      0    66    46     -    70    17     0     0   715  1328
 14:17:34      0    66    46     -    88    17     0     0   715  1328
 14:17:34      0    73    46     -    69    17     0     0   715  1328
 14:17:34      0    99    46     -    81    15     0     0   715  1328
 14:17:34      0   123    46     -    68    17     0     0   715  1328
 14:17:35      0    56    46     -    74    12     0     0   715  1328
 14:17:35      0    72    46     -    73    18     0     0   715  1328
 14:17:35      0    59    46     -    70    13     0     0   715  1328
 14:17:36      0    84    46     -    82    18     0     0   715  1328
 14:17:36      0   105    46     -    74    13     0     0   715  1328
 14:17:36      0   118    46     -    89    18     0     0   715  1328
 14:17:36      0    50    46     -    71    14     0     0   715  1328
 14:17:37      0    76    46     -    83    18     0     0   715  1328
 14:17:37      0    69    46     -    70    17     0     0   715  1328
 14:17:37      0   102    46     -    87    17     0     0   715  1328
 14:17:38      0    89    46     -    70    15     0     0   715  1328
 14:17:38      0    71    47     -    76    13     0     0   715  1328
 14:17:38      0    70    46     -    60    14     0     0   715  1328
 14:17:38      0    68    46     -    79    17     0     0   715  1328
 14:17:39      0    65    46     -    65    15     0     0   715  1328
 14:17:39      0    89    46     -    88    19     0     0   715  1328
 14:17:39      0    96    46     -    71    12     0     0   715  1328
 14:17:39      0   130    47     -    83    15     0     0   715  1328
 14:17:40      0    52    46     -    67    15     0     0   715  1328
 14:17:40      0    71    46     -    80    17     0     0   715  1328
 14:17:40      0    56    46     -    70    17     0     0   715  1328
 14:17:41      0    68    46     -    88    18     0     0   715  1328
 14:17:41      0    86    46     -    70    12     0     0   715  1328
 14:17:41      0   109    46     -    82    15     0     0   715  1328
 14:17:41      0    65    47     -    68    16     0     0   715  1328
 14:17:42      0    64    46     -    74    13     0     0   715  1328
 14:17:42      0    54    46     -    71    18     0     0   715  1328
 14:17:42      0    73    46     -    83    15     0     0   715  1328
 14:17:42      0    92    46     -    78    17     0     0   715  1328
 14:17:43      0   111    47     -    76    13     0     0   715  1328
 14:17:43      0    64    47     -    72    17     0     0   715  1328
 14:17:43      0    67    46     -    72    12     0     0   715  1328
 14:17:44      0    75    46     -    79    18     0     0   715  1328
 14:17:44      0    86    46     -    77    13     0     0   715  1328
 14:17:44      0    93    47     -    82    18     0     0   715  1328
 14:17:44      0   125    47     -    73    13     0     0   715  1328
 14:17:45      0    55    47     -    76    18     0     0   715  1328
 14:17:45      0    71    46     -    69    14     0     0   715  1328
 14:17:45      0    63    46     -    84    18     0     0   715  1328
 14:17:46      0    90    46     -    70    16     0     0   715  1328
 14:17:46      0    96    47     -    88    17     0     0   715  1328
 14:17:46      0   127    47     -    71    14     0     0   715  1328
 14:17:46      0    50    47     -    77    13     0     0   715  1328
 14:17:47      0    70    46     -    72    17     0     0   715  1328
 14:17:47      0    53    46     -    79    17     0     0   715  1328
 14:17:47      0    60    46     -    72    12     0     0   715  1328
 14:17:47      0    70    46     -    73    17     0     0   715  1328
 14:17:48      0    87    47     -    85    16     0     0   715  1328
 14:17:48      0   108    47     -    70    12     0     0   715  1328
 14:17:48      0    65    47     -    82    15     0     0   715  1328
 14:17:49      0    67    47     -    67    16     0     0   715  1328
 14:17:49      0    54    46     -    85    18     0     0   715  1328
 14:17:49      0    64    46     -    52    12     0     0   715  1328
 14:17:49      0    76    46     -    75    17     0     0   715  1328
 14:17:50      0    96    47     -    78    14     0     0   715  1328
 14:17:50      0   121    47     -    83    18     0     0   715  1328
 14:17:50      0    57    47     -    72    12     0     0   715  1328
 14:17:51      0    70    47     -    78    18     0     0   715  1328
 14:17:51      0    68    47     -    68    15     0     0   715  1328
 14:17:51      0    87    47     -    84    18     0     0   715  1328
 14:17:51      0   102    47     -    72    12     0     0   715  1328
 14:17:52      0   118    47     -    85    16     0     0   715  1328
 14:17:52      0    51    47     -    70    15     0     0   715  1328
 14:17:52      0    77    47     -    86    18     0     0   715  1328
 14:17:52      0    72    47     -    69    17     0     0   715  1328
 14:17:53      0    87    47     -    87    17     0     0   715  1328
 14:17:53      0   100    47     -    70    13     0     0   715  1328
 14:17:53      0   119    47     -    78    14     0     0   715  1328
 14:17:54      0    50    47     -    72    18     0     0   715  1328
 14:17:54      0    74    47     -    88    17     0     0   715  1328
 14:17:54      0    65    47     -    71    17     0     0   715  1328
 14:17:54      0    85    47     -    80    14     0     0   715  1328
 14:17:55      0    83    47     -    82    17     0     0   715  1328
 14:17:55      0   105    47     -    73    12     0     0   715  1328
 14:17:55      0    51    47     -    70    18     0     0   715  1328
 14:17:56      0    70    47     -    69    12     0     0   715  1328
 14:17:56      0    65    47     -    80    18     0     0   715  1328
 14:17:56      0    84    47     -    76    13     0     0   715  1328
 14:17:56      0    85    47     -    82    18     0     0   715  1328
 14:17:57      0   120    47     -    71    12     0     0   715  1328
 14:17:57      0    60    47     -    71    17     0     0   715  1328
 14:17:57      0    64    47     -    71    13     0     0   715  1328
 14:17:57      0    73    47     -    82    17     0     0   715  1328
 14:17:58      0    83    47     -    73    12     0     0   715  1328
 14:17:58      0    96    47     -    86    18     0     0   715  1328
 14:17:58      0   119    47     -    71    12     0     0   715  1328
 14:17:59      0    59    47     -    83    15     0     0   715  1328
 14:17:59      0    72    47     -    69    16     0     0   715  1328
 14:17:59      0    66    47     -    88    18     0     0   715  1328
 14:17:59      0    90    47     -    70    18     0     0   715  1328
 14:18:00      0    96    47     -    82    15     0     0   715  1328
 14:18:00      0   118    47     -    59    13     0     0   715  1328
 14:18:00      0    71    47     -    74    13     0     0   715  1328
 14:18:00      0    48    47     -    62    12     0     0   715  1328
 14:18:01      0    66    47     -    83    18     0     0   715  1328
 14:18:01      0    64    47     -    67    16     0     0   715  1328
 14:18:01      0   106    47     -    87    18     0     0   715  1328
 14:18:02      0    77    47     -    70    12     0     0   715  1328
 14:18:02      0    80    48     -    81    15     0     0   715  1328
 14:18:02      0    65    47     -    69    15     0     0   715  1328
 14:18:02      0    67    47     -    87    19     0     0   715  1328
 14:18:03      0    70    47     -    71    18     0     0   715  1328
 14:18:03      0   102    47     -    83    16     0     0   715  1328
 14:18:03      0    76    47     -    69    14     0     0   715  1328
 14:18:04      0    90    48     -    76    13     0     0   715  1328
 14:18:04      0    48    47     -    72    17     0     0   715  1328
 14:18:04      0    68    47     -    86    16     0     0   715  1328
 14:18:04      0    65    47     -    74    17     0     0   715  1328
 14:18:05      0   105    47     -    79    14     0     0   715  1328
 14:18:05      0   100    47     -    80    17     0     0   715  1328
 14:18:05      0    75    48     -    73    12     0     0   715  1328
 14:18:05      0    67    47     -    73    17     0     0   715  1328
 14:18:06      0    62    47     -    68    13     0     0   715  1328
 14:18:06      0    69    47     -    82    17     0     0   715  1328
 14:18:06      0    86    48     -    74    12     0     0   715  1328
 14:18:07      0    98    48     -    85    17     0     0   715  1328
 14:18:07      0    71    48     -    71    12     0     0   715  1328
 14:18:07      0    69    48     -    83    18     0     0   715  1328
 14:18:07      0    55    47     -    66    16     0     0   715  1328
 14:18:08      0    77    47     -    88    18     0     0   715  1328
 14:18:08      0    99    48     -    71    12     0     0   715  1328
 14:18:08      0   126    48     -    82    15     0     0   715  1328
 14:18:08      0    56    48     -    69    17     0     0   715  1328
 14:18:09      0    69    47     -    75    13     0     0   715  1328
 14:18:09      0    61    47     -    73    18     0     0   715  1328
 14:18:09      0    78    48     -    80    14     0     0   715  1328
 14:18:10      0    98    48     -    80    17     0     0   715  1328
 14:18:10      0   111    48     -    75    13     0     0   715  1328
 14:18:10      0    49    48     -    73    18     0     0   715  1328
 14:18:10      0    79    47     -    69    12     0     0   715  1328
 14:18:11      0    62    47     -    81    17     0     0   715  1328
 14:18:11      0    80    48     -    71    12     0     0   715  1328
 14:18:11      0    95    48     -    57    12     0     0   715  1328
 14:18:12      0   124    48     -    77    14     0     0   715  1328
 14:18:12      0    54    48     -    68    16     0     0   715  1328
 14:18:12      0    71    48     -    88    18     0     0   715  1328
 14:18:12      0    60    48     -    70    18     0     0   715  1328
 14:18:13      0    84    48     -    83    15     0     0   715  1328
 14:18:13      0    96    48     -    77    17     0     0   715  1328
 14:18:13      0   131    48     -    75    13     0     0   715  1328
 14:18:13      0    52    48     -    72    18     0     0   715  1328
 14:18:14      0    69    48     -    70    12     0     0   715  1328
 14:18:14      0    59    48     -    80    18     0     0   715  1328
 14:18:14      0    77    48     -    76    13     0     0   715  1328
 14:18:15      0    97    48     -    81    18     0     0   715  1328
 14:18:15      0   126    48     -    73    13     0     0   715  1328
 14:18:15      0    51    48     -    78    18     0     0   715  1328
 14:18:15      0    71    48     -    67    14     0     0   715  1328
 14:18:16      0    62    48     -    83    18     0     0   715  1328
 14:18:16      0    97    48     -    73    13     0     0   715  1328
 14:18:16      0    98    48     -    87    17     0     0   715  1328
 14:18:16      0   118    48     -    70    13     0     0   715  1328
 14:18:17      0    51    48     -    78    14     0     0   715  1328
 14:18:17      0    70    48     -    71    17     0     0   715  1328
 14:18:17      0    66    48     -    89    18     0     0   715  1328
 14:18:18      0    85    48     -    70    17     0     0   715  1328
 14:18:18      0    85    48     -    80    14     0     0   715  1328
 14:18:18      0   102    48     -    69    17     0     0   715  1328
 14:18:18      0    49    48     -    74    13     0     0   715  1328
 14:18:19      0    71    48     -    73    17     0     0   715  1328
 14:18:19      0    69    48     -    79    14     0     0   715  1328
 14:18:19      0   108    48     -    80    17     0     0   715  1328
 14:18:20      0   111    48     -    74    12     0     0   715  1328
 14:18:20      0    55    48     -    72    18     0     0   715  1328
 14:18:20      0    76    48     -    69    13     0     0   715  1328
 14:18:20      0    70    48     -    82    17     0     0   715  1328
 14:18:21      0    90    48     -    73    12     0     0   715  1328
 14:18:21      0    93    48     -    87    17     0     0   715  1328
 14:18:21      0   124    48     -    71    12     0     0   715  1328
 14:18:21      0    58    48     -    83    15     0     0   715  1328
 14:18:22      0    73    48     -    68    16     0     0   715  1328
 14:18:22      0    57    48     -    80    17     0     0   715  1328
 14:18:22      0    74    48     -    70    12     0     0   715  1328
 14:18:23      0    87    48     -    76    17     0     0   715  1328
 14:18:23      0    82    48     -    75    13     0     0   715  1328
 14:18:23      0    85    49     -    72    18     0     0   715  1328
 14:18:23      0    58    48     -    72    12     0     0   715  1328
 14:18:24      0    63    48     -    81    18     0     0   715  1328
 14:18:24      0    67    48     -    67    15     0     0   715  1328
 14:18:24      0    82    48     -    87    19     0     0   715  1328
 14:18:25      0   107    48     -    72    12     0     0   715  1328
 14:18:25      0    65    49     -    82    15     0     0   715  1328
 14:18:25      0    63    48     -    68    15     0     0   715  1328
 14:18:25      0    76    48     -    88    19     0     0   715  1328
 14:18:26      0    87    48     -    69    18     0     0   715  1328
 14:18:26      0   106    48     -    82    15     0     0   715  1328
 14:18:26      0   123    49     -    70    15     0     0   715  1328
 14:18:26      0    57    49     -    75    13     0     0   715  1328
 14:18:27      0    73    48     -    71    18     0     0   715  1328
 14:18:27      0    66    48     -    82    15     0     0   715  1328
 14:18:27      0    71    48     -    79    18     0     0   715  1328
 14:18:28      0    66    48     -    80    15     0     0   715  1328
 14:18:28      0    92    48     -    65    10     0     0   715  1328
 14:18:28      0    82    48     -    50    11     0     0   715  1328
 14:18:28      0    94    48     -    79    15     0     0   715  1328
 14:18:29      0    75    49     -    69    14     0     0   715  1328
 14:18:29      0    67    48     -    82    18     0     0   715  1328
 14:18:29      0    64    48     -    71    17     0     0   715  1328 
